   0  $accept : Program $end

   1  Program : ClassList

   2  ClassList : ClassList ClassDef
   3            | ClassDef

   4  VariableDef : Variable ';'

   5  Variable : Type IDENTIFIER

   6  Type : INT
   7       | VOID
   8       | BOOL
   9       | STRING
  10       | CLASS IDENTIFIER
  11       | Type '[' ']'

  12  ClassDef : CLASS IDENTIFIER ExtendsClause '{' FieldList '}'
  13           | SEALED CLASS IDENTIFIER ExtendsClause '{' FieldList '}'

  14  ExtendsClause : EXTENDS IDENTIFIER
  15                |

  16  FieldList : FieldList VariableDef
  17            | FieldList FunctionDef
  18            |

  19  Formals : VariableList
  20          |

  21  VariableList : VariableList ',' Variable
  22               | Variable

  23  FunctionDef : STATIC Type IDENTIFIER '(' Formals ')' StmtBlock
  24              | Type IDENTIFIER '(' Formals ')' StmtBlock

  25  StmtBlock : '{' StmtList '}'

  26  StmtList : StmtList Stmt
  27           |

  28  Stmt : VariableDef
  29       | SimpleStmt ';'
  30       | IfStmt
  31       | WhileStmt
  32       | ForStmt
  33       | ReturnStmt ';'
  34       | PrintStmt ';'
  35       | BreakStmt ';'
  36       | StmtBlock
  37       | OCStmt ';'
  38       | GuardedStmt
  39       | ForeachStmt

  40  ForeachStmt : FOREACH '(' BoundVariable IN Expr WHILE Expr ')' StmtBlock
  41              | FOREACH '(' BoundVariable IN Expr ')' StmtBlock

  42  BoundVariable : Type IDENTIFIER
  43                | VAR IDENTIFIER

  44  SimpleStmt : LValue '=' Expr
  45             | Call
  46             |

  47  Receiver : Expr '.'
  48           |

  49  LValue : Receiver IDENTIFIER
  50         | Expr '[' Expr ']'
  51         | VAR IDENTIFIER

  52  Call : Receiver IDENTIFIER '(' Actuals ')'

  53  Expr : LValue
  54       | Call
  55       | Constant
  56       | Expr '+' Expr
  57       | Expr '-' Expr
  58       | Expr '*' Expr
  59       | Expr '/' Expr
  60       | Expr '%' Expr
  61       | Expr EQUAL Expr
  62       | Expr NOT_EQUAL Expr
  63       | Expr '<' Expr
  64       | Expr '>' Expr
  65       | Expr LESS_EQUAL Expr
  66       | Expr GREATER_EQUAL Expr
  67       | Expr AND Expr
  68       | Expr OR Expr
  69       | '(' Expr ')'
  70       | '-' Expr
  71       | '!' Expr
  72       | READ_INTEGER '(' ')'
  73       | READ_LINE '(' ')'
  74       | THIS
  75       | NEW IDENTIFIER '(' ')'
  76       | NEW Type '[' Expr ']'
  77       | INSTANCEOF '(' Expr ',' IDENTIFIER ')'
  78       | '(' CLASS IDENTIFIER ')' Expr
  79       | Expr MOMO Expr
  80       | Expr '[' Expr ']' DEFAULT Expr

  81  Constant : LITERAL
  82           | NULL
  83           | ArrayConstant

  84  Actuals : ExprList
  85          |

  86  ExprList : ExprList ',' Expr
  87           | Expr

  88  WhileStmt : WHILE '(' Expr ')' Stmt

  89  ForStmt : FOR '(' SimpleStmt ';' Expr ';' SimpleStmt ')' Stmt

  90  BreakStmt : BREAK

  91  IfStmt : IF '(' Expr ')' Stmt ElseClause

  92  ElseClause : ELSE Stmt
  93             |

  94  ReturnStmt : RETURN Expr
  95             | RETURN

  96  PrintStmt : PRINT '(' ExprList ')'

  97  OCStmt : SCOPY '(' IDENTIFIER ',' Expr ')'

  98  GuardedStmt : IF '{' IfBranches '}'

  99  IfBranches : IfBranches GUARD IfSubStmt
 100             | IfSubStmt
 101             |

 102  IfSubStmt : Expr ':' Stmt

 103  ArrayConstant : '[' Constants ']'
 104                | '[' ']'

 105  Constants : Constant ',' Constants
 106            | Constant

state 0
	$accept : . Program $end  (0)

	CLASS  shift 1
	SEALED  shift 2
	.  error

	Program  goto 3
	ClassList  goto 4
	ClassDef  goto 5


state 1
	ClassDef : CLASS . IDENTIFIER ExtendsClause '{' FieldList '}'  (12)

	IDENTIFIER  shift 6
	.  error


state 2
	ClassDef : SEALED . CLASS IDENTIFIER ExtendsClause '{' FieldList '}'  (13)

	CLASS  shift 7
	.  error


state 3
	$accept : Program . $end  (0)

	$end  accept


state 4
	Program : ClassList .  (1)
	ClassList : ClassList . ClassDef  (2)

	CLASS  shift 1
	SEALED  shift 2
	$end  reduce 1

	ClassDef  goto 8


state 5
	ClassList : ClassDef .  (3)

	.  reduce 3


state 6
	ClassDef : CLASS IDENTIFIER . ExtendsClause '{' FieldList '}'  (12)
	ExtendsClause : .  (15)

	EXTENDS  shift 9
	'{'  reduce 15

	ExtendsClause  goto 10


state 7
	ClassDef : SEALED CLASS . IDENTIFIER ExtendsClause '{' FieldList '}'  (13)

	IDENTIFIER  shift 11
	.  error


state 8
	ClassList : ClassList ClassDef .  (2)

	.  reduce 2


state 9
	ExtendsClause : EXTENDS . IDENTIFIER  (14)

	IDENTIFIER  shift 12
	.  error


state 10
	ClassDef : CLASS IDENTIFIER ExtendsClause . '{' FieldList '}'  (12)

	'{'  shift 13
	.  error


state 11
	ClassDef : SEALED CLASS IDENTIFIER . ExtendsClause '{' FieldList '}'  (13)
	ExtendsClause : .  (15)

	EXTENDS  shift 9
	'{'  reduce 15

	ExtendsClause  goto 14


state 12
	ExtendsClause : EXTENDS IDENTIFIER .  (14)

	.  reduce 14


state 13
	ClassDef : CLASS IDENTIFIER ExtendsClause '{' . FieldList '}'  (12)
	FieldList : .  (18)

	.  reduce 18

	FieldList  goto 15


state 14
	ClassDef : SEALED CLASS IDENTIFIER ExtendsClause . '{' FieldList '}'  (13)

	'{'  shift 16
	.  error


state 15
	ClassDef : CLASS IDENTIFIER ExtendsClause '{' FieldList . '}'  (12)
	FieldList : FieldList . VariableDef  (16)
	FieldList : FieldList . FunctionDef  (17)

	VOID  shift 17
	BOOL  shift 18
	INT  shift 19
	STRING  shift 20
	CLASS  shift 21
	STATIC  shift 22
	'}'  shift 23
	.  error

	VariableDef  goto 24
	Variable  goto 25
	Type  goto 26
	FunctionDef  goto 27


state 16
	ClassDef : SEALED CLASS IDENTIFIER ExtendsClause '{' . FieldList '}'  (13)
	FieldList : .  (18)

	.  reduce 18

	FieldList  goto 28


state 17
	Type : VOID .  (7)

	.  reduce 7


state 18
	Type : BOOL .  (8)

	.  reduce 8


state 19
	Type : INT .  (6)

	.  reduce 6


state 20
	Type : STRING .  (9)

	.  reduce 9


state 21
	Type : CLASS . IDENTIFIER  (10)

	IDENTIFIER  shift 29
	.  error


state 22
	FunctionDef : STATIC . Type IDENTIFIER '(' Formals ')' StmtBlock  (23)

	VOID  shift 17
	BOOL  shift 18
	INT  shift 19
	STRING  shift 20
	CLASS  shift 21
	.  error

	Type  goto 30


state 23
	ClassDef : CLASS IDENTIFIER ExtendsClause '{' FieldList '}' .  (12)

	.  reduce 12


state 24
	FieldList : FieldList VariableDef .  (16)

	.  reduce 16


state 25
	VariableDef : Variable . ';'  (4)

	';'  shift 31
	.  error


state 26
	Variable : Type . IDENTIFIER  (5)
	Type : Type . '[' ']'  (11)
	FunctionDef : Type . IDENTIFIER '(' Formals ')' StmtBlock  (24)

	IDENTIFIER  shift 32
	'['  shift 33
	.  error


state 27
	FieldList : FieldList FunctionDef .  (17)

	.  reduce 17


state 28
	ClassDef : SEALED CLASS IDENTIFIER ExtendsClause '{' FieldList . '}'  (13)
	FieldList : FieldList . VariableDef  (16)
	FieldList : FieldList . FunctionDef  (17)

	VOID  shift 17
	BOOL  shift 18
	INT  shift 19
	STRING  shift 20
	CLASS  shift 21
	STATIC  shift 22
	'}'  shift 34
	.  error

	VariableDef  goto 24
	Variable  goto 25
	Type  goto 26
	FunctionDef  goto 27


state 29
	Type : CLASS IDENTIFIER .  (10)

	.  reduce 10


state 30
	Type : Type . '[' ']'  (11)
	FunctionDef : STATIC Type . IDENTIFIER '(' Formals ')' StmtBlock  (23)

	IDENTIFIER  shift 35
	'['  shift 33
	.  error


state 31
	VariableDef : Variable ';' .  (4)

	.  reduce 4


state 32
	Variable : Type IDENTIFIER .  (5)
	FunctionDef : Type IDENTIFIER . '(' Formals ')' StmtBlock  (24)

	'('  shift 36
	';'  reduce 5


state 33
	Type : Type '[' . ']'  (11)

	']'  shift 37
	.  error


state 34
	ClassDef : SEALED CLASS IDENTIFIER ExtendsClause '{' FieldList '}' .  (13)

	.  reduce 13


state 35
	FunctionDef : STATIC Type IDENTIFIER . '(' Formals ')' StmtBlock  (23)

	'('  shift 38
	.  error


state 36
	FunctionDef : Type IDENTIFIER '(' . Formals ')' StmtBlock  (24)
	Formals : .  (20)

	VOID  shift 17
	BOOL  shift 18
	INT  shift 19
	STRING  shift 20
	CLASS  shift 21
	')'  reduce 20

	Variable  goto 39
	Type  goto 40
	Formals  goto 41
	VariableList  goto 42


state 37
	Type : Type '[' ']' .  (11)

	.  reduce 11


state 38
	FunctionDef : STATIC Type IDENTIFIER '(' . Formals ')' StmtBlock  (23)
	Formals : .  (20)

	VOID  shift 17
	BOOL  shift 18
	INT  shift 19
	STRING  shift 20
	CLASS  shift 21
	')'  reduce 20

	Variable  goto 39
	Type  goto 40
	Formals  goto 43
	VariableList  goto 42


state 39
	VariableList : Variable .  (22)

	.  reduce 22


state 40
	Variable : Type . IDENTIFIER  (5)
	Type : Type . '[' ']'  (11)

	IDENTIFIER  shift 44
	'['  shift 33
	.  error


state 41
	FunctionDef : Type IDENTIFIER '(' Formals . ')' StmtBlock  (24)

	')'  shift 45
	.  error


state 42
	Formals : VariableList .  (19)
	VariableList : VariableList . ',' Variable  (21)

	','  shift 46
	')'  reduce 19


state 43
	FunctionDef : STATIC Type IDENTIFIER '(' Formals . ')' StmtBlock  (23)

	')'  shift 47
	.  error


state 44
	Variable : Type IDENTIFIER .  (5)

	.  reduce 5


state 45
	FunctionDef : Type IDENTIFIER '(' Formals ')' . StmtBlock  (24)

	'{'  shift 48
	.  error

	StmtBlock  goto 49


state 46
	VariableList : VariableList ',' . Variable  (21)

	VOID  shift 17
	BOOL  shift 18
	INT  shift 19
	STRING  shift 20
	CLASS  shift 21
	.  error

	Variable  goto 50
	Type  goto 40


state 47
	FunctionDef : STATIC Type IDENTIFIER '(' Formals ')' . StmtBlock  (23)

	'{'  shift 48
	.  error

	StmtBlock  goto 51


state 48
	StmtBlock : '{' . StmtList '}'  (25)
	StmtList : .  (27)

	.  reduce 27

	StmtList  goto 52


state 49
	FunctionDef : Type IDENTIFIER '(' Formals ')' StmtBlock .  (24)

	.  reduce 24


state 50
	VariableList : VariableList ',' Variable .  (21)

	.  reduce 21


state 51
	FunctionDef : STATIC Type IDENTIFIER '(' Formals ')' StmtBlock .  (23)

	.  reduce 23


state 52
	StmtBlock : '{' StmtList . '}'  (25)
	StmtList : StmtList . Stmt  (26)
	SimpleStmt : .  (46)
	Receiver : .  (48)

	VOID  shift 17
	BOOL  shift 18
	INT  shift 19
	STRING  shift 20
	CLASS  shift 21
	NULL  shift 53
	THIS  shift 54
	WHILE  shift 55
	FOR  shift 56
	IF  shift 57
	RETURN  shift 58
	BREAK  shift 59
	NEW  shift 60
	PRINT  shift 61
	READ_INTEGER  shift 62
	READ_LINE  shift 63
	LITERAL  shift 64
	INSTANCEOF  shift 65
	'-'  shift 66
	'!'  shift 67
	'('  shift 68
	'['  shift 69
	'{'  shift 48
	'}'  shift 70
	SCOPY  shift 71
	VAR  shift 72
	FOREACH  shift 73
	IDENTIFIER  reduce 48
	';'  reduce 46

	VariableDef  goto 74
	Variable  goto 25
	Type  goto 40
	StmtBlock  goto 75
	Stmt  goto 76
	SimpleStmt  goto 77
	IfStmt  goto 78
	WhileStmt  goto 79
	ForStmt  goto 80
	ReturnStmt  goto 81
	PrintStmt  goto 82
	BreakStmt  goto 83
	OCStmt  goto 84
	GuardedStmt  goto 85
	ForeachStmt  goto 86
	Expr  goto 87
	LValue  goto 88
	Call  goto 89
	Receiver  goto 90
	Constant  goto 91
	ArrayConstant  goto 92


state 53
	Constant : NULL .  (82)

	.  reduce 82


state 54
	Expr : THIS .  (74)

	.  reduce 74


state 55
	WhileStmt : WHILE . '(' Expr ')' Stmt  (88)

	'('  shift 93
	.  error


state 56
	ForStmt : FOR . '(' SimpleStmt ';' Expr ';' SimpleStmt ')' Stmt  (89)

	'('  shift 94
	.  error


state 57
	IfStmt : IF . '(' Expr ')' Stmt ElseClause  (91)
	GuardedStmt : IF . '{' IfBranches '}'  (98)

	'('  shift 95
	'{'  shift 96
	.  error


state 58
	ReturnStmt : RETURN . Expr  (94)
	ReturnStmt : RETURN .  (95)
	Receiver : .  (48)

	NULL  shift 53
	THIS  shift 54
	NEW  shift 60
	READ_INTEGER  shift 62
	READ_LINE  shift 63
	LITERAL  shift 64
	INSTANCEOF  shift 65
	'-'  shift 66
	'!'  shift 67
	'('  shift 68
	'['  shift 69
	VAR  shift 72
	IDENTIFIER  reduce 48
	';'  reduce 95

	Expr  goto 97
	LValue  goto 98
	Call  goto 99
	Receiver  goto 90
	Constant  goto 91
	ArrayConstant  goto 92


state 59
	BreakStmt : BREAK .  (90)

	.  reduce 90


state 60
	Expr : NEW . IDENTIFIER '(' ')'  (75)
	Expr : NEW . Type '[' Expr ']'  (76)

	VOID  shift 17
	BOOL  shift 18
	INT  shift 19
	STRING  shift 20
	CLASS  shift 21
	IDENTIFIER  shift 100
	.  error

	Type  goto 101


state 61
	PrintStmt : PRINT . '(' ExprList ')'  (96)

	'('  shift 102
	.  error


state 62
	Expr : READ_INTEGER . '(' ')'  (72)

	'('  shift 103
	.  error


state 63
	Expr : READ_LINE . '(' ')'  (73)

	'('  shift 104
	.  error


state 64
	Constant : LITERAL .  (81)

	.  reduce 81


state 65
	Expr : INSTANCEOF . '(' Expr ',' IDENTIFIER ')'  (77)

	'('  shift 105
	.  error


state 66
	Expr : '-' . Expr  (70)
	Receiver : .  (48)

	NULL  shift 53
	THIS  shift 54
	NEW  shift 60
	READ_INTEGER  shift 62
	READ_LINE  shift 63
	LITERAL  shift 64
	INSTANCEOF  shift 65
	'-'  shift 66
	'!'  shift 67
	'('  shift 68
	'['  shift 69
	VAR  shift 72
	IDENTIFIER  reduce 48

	Expr  goto 106
	LValue  goto 98
	Call  goto 99
	Receiver  goto 90
	Constant  goto 91
	ArrayConstant  goto 92


state 67
	Expr : '!' . Expr  (71)
	Receiver : .  (48)

	NULL  shift 53
	THIS  shift 54
	NEW  shift 60
	READ_INTEGER  shift 62
	READ_LINE  shift 63
	LITERAL  shift 64
	INSTANCEOF  shift 65
	'-'  shift 66
	'!'  shift 67
	'('  shift 68
	'['  shift 69
	VAR  shift 72
	IDENTIFIER  reduce 48

	Expr  goto 107
	LValue  goto 98
	Call  goto 99
	Receiver  goto 90
	Constant  goto 91
	ArrayConstant  goto 92


state 68
	Expr : '(' . Expr ')'  (69)
	Expr : '(' . CLASS IDENTIFIER ')' Expr  (78)
	Receiver : .  (48)

	CLASS  shift 108
	NULL  shift 53
	THIS  shift 54
	NEW  shift 60
	READ_INTEGER  shift 62
	READ_LINE  shift 63
	LITERAL  shift 64
	INSTANCEOF  shift 65
	'-'  shift 66
	'!'  shift 67
	'('  shift 68
	'['  shift 69
	VAR  shift 72
	IDENTIFIER  reduce 48

	Expr  goto 109
	LValue  goto 98
	Call  goto 99
	Receiver  goto 90
	Constant  goto 91
	ArrayConstant  goto 92


state 69
	ArrayConstant : '[' . Constants ']'  (103)
	ArrayConstant : '[' . ']'  (104)

	NULL  shift 53
	LITERAL  shift 64
	'['  shift 69
	']'  shift 110
	.  error

	Constant  goto 111
	ArrayConstant  goto 92
	Constants  goto 112


state 70
	StmtBlock : '{' StmtList '}' .  (25)

	.  reduce 25


state 71
	OCStmt : SCOPY . '(' IDENTIFIER ',' Expr ')'  (97)

	'('  shift 113
	.  error


state 72
	LValue : VAR . IDENTIFIER  (51)

	IDENTIFIER  shift 114
	.  error


state 73
	ForeachStmt : FOREACH . '(' BoundVariable IN Expr WHILE Expr ')' StmtBlock  (40)
	ForeachStmt : FOREACH . '(' BoundVariable IN Expr ')' StmtBlock  (41)

	'('  shift 115
	.  error


state 74
	Stmt : VariableDef .  (28)

	.  reduce 28


state 75
	Stmt : StmtBlock .  (36)

	.  reduce 36


state 76
	StmtList : StmtList Stmt .  (26)

	.  reduce 26


state 77
	Stmt : SimpleStmt . ';'  (29)

	';'  shift 116
	.  error


state 78
	Stmt : IfStmt .  (30)

	.  reduce 30


state 79
	Stmt : WhileStmt .  (31)

	.  reduce 31


state 80
	Stmt : ForStmt .  (32)

	.  reduce 32


state 81
	Stmt : ReturnStmt . ';'  (33)

	';'  shift 117
	.  error


state 82
	Stmt : PrintStmt . ';'  (34)

	';'  shift 118
	.  error


state 83
	Stmt : BreakStmt . ';'  (35)

	';'  shift 119
	.  error


state 84
	Stmt : OCStmt . ';'  (37)

	';'  shift 120
	.  error


state 85
	Stmt : GuardedStmt .  (38)

	.  reduce 38


state 86
	Stmt : ForeachStmt .  (39)

	.  reduce 39


state 87
	Receiver : Expr . '.'  (47)
	LValue : Expr . '[' Expr ']'  (50)
	Expr : Expr . '+' Expr  (56)
	Expr : Expr . '-' Expr  (57)
	Expr : Expr . '*' Expr  (58)
	Expr : Expr . '/' Expr  (59)
	Expr : Expr . '%' Expr  (60)
	Expr : Expr . EQUAL Expr  (61)
	Expr : Expr . NOT_EQUAL Expr  (62)
	Expr : Expr . '<' Expr  (63)
	Expr : Expr . '>' Expr  (64)
	Expr : Expr . LESS_EQUAL Expr  (65)
	Expr : Expr . GREATER_EQUAL Expr  (66)
	Expr : Expr . AND Expr  (67)
	Expr : Expr . OR Expr  (68)
	Expr : Expr . MOMO Expr  (79)
	Expr : Expr . '[' Expr ']' DEFAULT Expr  (80)

	AND  shift 121
	OR  shift 122
	LESS_EQUAL  shift 123
	GREATER_EQUAL  shift 124
	EQUAL  shift 125
	NOT_EQUAL  shift 126
	'+'  shift 127
	'-'  shift 128
	'*'  shift 129
	'/'  shift 130
	'%'  shift 131
	'>'  shift 132
	'<'  shift 133
	'.'  shift 134
	'['  shift 135
	MOMO  shift 136
	.  error


state 88
	SimpleStmt : LValue . '=' Expr  (44)
	Expr : LValue .  (53)

	'='  shift 137
	AND  reduce 53
	OR  reduce 53
	LESS_EQUAL  reduce 53
	GREATER_EQUAL  reduce 53
	EQUAL  reduce 53
	NOT_EQUAL  reduce 53
	'+'  reduce 53
	'-'  reduce 53
	'*'  reduce 53
	'/'  reduce 53
	'%'  reduce 53
	'>'  reduce 53
	'<'  reduce 53
	'.'  reduce 53
	'['  reduce 53
	MOMO  reduce 53


state 89
	SimpleStmt : Call .  (45)
	Expr : Call .  (54)

	AND  reduce 54
	OR  reduce 54
	LESS_EQUAL  reduce 54
	GREATER_EQUAL  reduce 54
	EQUAL  reduce 54
	NOT_EQUAL  reduce 54
	'+'  reduce 54
	'-'  reduce 54
	'*'  reduce 54
	'/'  reduce 54
	'%'  reduce 54
	'>'  reduce 54
	'<'  reduce 54
	'.'  reduce 54
	';'  reduce 45
	')'  reduce 45
	'['  reduce 54
	MOMO  reduce 54


state 90
	LValue : Receiver . IDENTIFIER  (49)
	Call : Receiver . IDENTIFIER '(' Actuals ')'  (52)

	IDENTIFIER  shift 138
	.  error


state 91
	Expr : Constant .  (55)

	.  reduce 55


state 92
	Constant : ArrayConstant .  (83)

	.  reduce 83


state 93
	WhileStmt : WHILE '(' . Expr ')' Stmt  (88)
	Receiver : .  (48)

	NULL  shift 53
	THIS  shift 54
	NEW  shift 60
	READ_INTEGER  shift 62
	READ_LINE  shift 63
	LITERAL  shift 64
	INSTANCEOF  shift 65
	'-'  shift 66
	'!'  shift 67
	'('  shift 68
	'['  shift 69
	VAR  shift 72
	IDENTIFIER  reduce 48

	Expr  goto 139
	LValue  goto 98
	Call  goto 99
	Receiver  goto 90
	Constant  goto 91
	ArrayConstant  goto 92


state 94
	ForStmt : FOR '(' . SimpleStmt ';' Expr ';' SimpleStmt ')' Stmt  (89)
	SimpleStmt : .  (46)
	Receiver : .  (48)

	NULL  shift 53
	THIS  shift 54
	NEW  shift 60
	READ_INTEGER  shift 62
	READ_LINE  shift 63
	LITERAL  shift 64
	INSTANCEOF  shift 65
	'-'  shift 66
	'!'  shift 67
	'('  shift 68
	'['  shift 69
	VAR  shift 72
	IDENTIFIER  reduce 48
	';'  reduce 46

	SimpleStmt  goto 140
	Expr  goto 87
	LValue  goto 88
	Call  goto 89
	Receiver  goto 90
	Constant  goto 91
	ArrayConstant  goto 92


state 95
	IfStmt : IF '(' . Expr ')' Stmt ElseClause  (91)
	Receiver : .  (48)

	NULL  shift 53
	THIS  shift 54
	NEW  shift 60
	READ_INTEGER  shift 62
	READ_LINE  shift 63
	LITERAL  shift 64
	INSTANCEOF  shift 65
	'-'  shift 66
	'!'  shift 67
	'('  shift 68
	'['  shift 69
	VAR  shift 72
	IDENTIFIER  reduce 48

	Expr  goto 141
	LValue  goto 98
	Call  goto 99
	Receiver  goto 90
	Constant  goto 91
	ArrayConstant  goto 92


state 96
	GuardedStmt : IF '{' . IfBranches '}'  (98)
	Receiver : .  (48)
	IfBranches : .  (101)

	NULL  shift 53
	THIS  shift 54
	NEW  shift 60
	READ_INTEGER  shift 62
	READ_LINE  shift 63
	LITERAL  shift 64
	INSTANCEOF  shift 65
	'-'  shift 66
	'!'  shift 67
	'('  shift 68
	'['  shift 69
	VAR  shift 72
	IDENTIFIER  reduce 48
	'}'  reduce 101
	GUARD  reduce 101

	Expr  goto 142
	LValue  goto 98
	Call  goto 99
	Receiver  goto 90
	Constant  goto 91
	ArrayConstant  goto 92
	IfBranches  goto 143
	IfSubStmt  goto 144


state 97
	Receiver : Expr . '.'  (47)
	LValue : Expr . '[' Expr ']'  (50)
	Expr : Expr . '+' Expr  (56)
	Expr : Expr . '-' Expr  (57)
	Expr : Expr . '*' Expr  (58)
	Expr : Expr . '/' Expr  (59)
	Expr : Expr . '%' Expr  (60)
	Expr : Expr . EQUAL Expr  (61)
	Expr : Expr . NOT_EQUAL Expr  (62)
	Expr : Expr . '<' Expr  (63)
	Expr : Expr . '>' Expr  (64)
	Expr : Expr . LESS_EQUAL Expr  (65)
	Expr : Expr . GREATER_EQUAL Expr  (66)
	Expr : Expr . AND Expr  (67)
	Expr : Expr . OR Expr  (68)
	Expr : Expr . MOMO Expr  (79)
	Expr : Expr . '[' Expr ']' DEFAULT Expr  (80)
	ReturnStmt : RETURN Expr .  (94)

	AND  shift 121
	OR  shift 122
	LESS_EQUAL  shift 123
	GREATER_EQUAL  shift 124
	EQUAL  shift 125
	NOT_EQUAL  shift 126
	'+'  shift 127
	'-'  shift 128
	'*'  shift 129
	'/'  shift 130
	'%'  shift 131
	'>'  shift 132
	'<'  shift 133
	'.'  shift 134
	'['  shift 135
	MOMO  shift 136
	';'  reduce 94


state 98
	Expr : LValue .  (53)

	.  reduce 53


state 99
	Expr : Call .  (54)

	.  reduce 54


state 100
	Expr : NEW IDENTIFIER . '(' ')'  (75)

	'('  shift 145
	.  error


state 101
	Type : Type . '[' ']'  (11)
	Expr : NEW Type . '[' Expr ']'  (76)

	'['  shift 146
	.  error


state 102
	PrintStmt : PRINT '(' . ExprList ')'  (96)
	Receiver : .  (48)

	NULL  shift 53
	THIS  shift 54
	NEW  shift 60
	READ_INTEGER  shift 62
	READ_LINE  shift 63
	LITERAL  shift 64
	INSTANCEOF  shift 65
	'-'  shift 66
	'!'  shift 67
	'('  shift 68
	'['  shift 69
	VAR  shift 72
	IDENTIFIER  reduce 48

	Expr  goto 147
	LValue  goto 98
	Call  goto 99
	Receiver  goto 90
	Constant  goto 91
	ArrayConstant  goto 92
	ExprList  goto 148


state 103
	Expr : READ_INTEGER '(' . ')'  (72)

	')'  shift 149
	.  error


state 104
	Expr : READ_LINE '(' . ')'  (73)

	')'  shift 150
	.  error


state 105
	Expr : INSTANCEOF '(' . Expr ',' IDENTIFIER ')'  (77)
	Receiver : .  (48)

	NULL  shift 53
	THIS  shift 54
	NEW  shift 60
	READ_INTEGER  shift 62
	READ_LINE  shift 63
	LITERAL  shift 64
	INSTANCEOF  shift 65
	'-'  shift 66
	'!'  shift 67
	'('  shift 68
	'['  shift 69
	VAR  shift 72
	IDENTIFIER  reduce 48

	Expr  goto 151
	LValue  goto 98
	Call  goto 99
	Receiver  goto 90
	Constant  goto 91
	ArrayConstant  goto 92


state 106
	Receiver : Expr . '.'  (47)
	LValue : Expr . '[' Expr ']'  (50)
	Expr : Expr . '+' Expr  (56)
	Expr : Expr . '-' Expr  (57)
	Expr : Expr . '*' Expr  (58)
	Expr : Expr . '/' Expr  (59)
	Expr : Expr . '%' Expr  (60)
	Expr : Expr . EQUAL Expr  (61)
	Expr : Expr . NOT_EQUAL Expr  (62)
	Expr : Expr . '<' Expr  (63)
	Expr : Expr . '>' Expr  (64)
	Expr : Expr . LESS_EQUAL Expr  (65)
	Expr : Expr . GREATER_EQUAL Expr  (66)
	Expr : Expr . AND Expr  (67)
	Expr : Expr . OR Expr  (68)
	Expr : '-' Expr .  (70)
	Expr : Expr . MOMO Expr  (79)
	Expr : Expr . '[' Expr ']' DEFAULT Expr  (80)

	'.'  shift 134
	'['  shift 135
	WHILE  reduce 70
	AND  reduce 70
	OR  reduce 70
	LESS_EQUAL  reduce 70
	GREATER_EQUAL  reduce 70
	EQUAL  reduce 70
	NOT_EQUAL  reduce 70
	'+'  reduce 70
	'-'  reduce 70
	'*'  reduce 70
	'/'  reduce 70
	'%'  reduce 70
	'>'  reduce 70
	'<'  reduce 70
	','  reduce 70
	';'  reduce 70
	')'  reduce 70
	']'  reduce 70
	':'  reduce 70
	MOMO  reduce 70


state 107
	Receiver : Expr . '.'  (47)
	LValue : Expr . '[' Expr ']'  (50)
	Expr : Expr . '+' Expr  (56)
	Expr : Expr . '-' Expr  (57)
	Expr : Expr . '*' Expr  (58)
	Expr : Expr . '/' Expr  (59)
	Expr : Expr . '%' Expr  (60)
	Expr : Expr . EQUAL Expr  (61)
	Expr : Expr . NOT_EQUAL Expr  (62)
	Expr : Expr . '<' Expr  (63)
	Expr : Expr . '>' Expr  (64)
	Expr : Expr . LESS_EQUAL Expr  (65)
	Expr : Expr . GREATER_EQUAL Expr  (66)
	Expr : Expr . AND Expr  (67)
	Expr : Expr . OR Expr  (68)
	Expr : '!' Expr .  (71)
	Expr : Expr . MOMO Expr  (79)
	Expr : Expr . '[' Expr ']' DEFAULT Expr  (80)

	'.'  shift 134
	'['  shift 135
	WHILE  reduce 71
	AND  reduce 71
	OR  reduce 71
	LESS_EQUAL  reduce 71
	GREATER_EQUAL  reduce 71
	EQUAL  reduce 71
	NOT_EQUAL  reduce 71
	'+'  reduce 71
	'-'  reduce 71
	'*'  reduce 71
	'/'  reduce 71
	'%'  reduce 71
	'>'  reduce 71
	'<'  reduce 71
	','  reduce 71
	';'  reduce 71
	')'  reduce 71
	']'  reduce 71
	':'  reduce 71
	MOMO  reduce 71


state 108
	Expr : '(' CLASS . IDENTIFIER ')' Expr  (78)

	IDENTIFIER  shift 152
	.  error


state 109
	Receiver : Expr . '.'  (47)
	LValue : Expr . '[' Expr ']'  (50)
	Expr : Expr . '+' Expr  (56)
	Expr : Expr . '-' Expr  (57)
	Expr : Expr . '*' Expr  (58)
	Expr : Expr . '/' Expr  (59)
	Expr : Expr . '%' Expr  (60)
	Expr : Expr . EQUAL Expr  (61)
	Expr : Expr . NOT_EQUAL Expr  (62)
	Expr : Expr . '<' Expr  (63)
	Expr : Expr . '>' Expr  (64)
	Expr : Expr . LESS_EQUAL Expr  (65)
	Expr : Expr . GREATER_EQUAL Expr  (66)
	Expr : Expr . AND Expr  (67)
	Expr : Expr . OR Expr  (68)
	Expr : '(' Expr . ')'  (69)
	Expr : Expr . MOMO Expr  (79)
	Expr : Expr . '[' Expr ']' DEFAULT Expr  (80)

	AND  shift 121
	OR  shift 122
	LESS_EQUAL  shift 123
	GREATER_EQUAL  shift 124
	EQUAL  shift 125
	NOT_EQUAL  shift 126
	'+'  shift 127
	'-'  shift 128
	'*'  shift 129
	'/'  shift 130
	'%'  shift 131
	'>'  shift 132
	'<'  shift 133
	'.'  shift 134
	')'  shift 153
	'['  shift 135
	MOMO  shift 136
	.  error


state 110
	ArrayConstant : '[' ']' .  (104)

	.  reduce 104


state 111
	Constants : Constant . ',' Constants  (105)
	Constants : Constant .  (106)

	','  shift 154
	']'  reduce 106


state 112
	ArrayConstant : '[' Constants . ']'  (103)

	']'  shift 155
	.  error


state 113
	OCStmt : SCOPY '(' . IDENTIFIER ',' Expr ')'  (97)

	IDENTIFIER  shift 156
	.  error


state 114
	LValue : VAR IDENTIFIER .  (51)

	.  reduce 51


state 115
	ForeachStmt : FOREACH '(' . BoundVariable IN Expr WHILE Expr ')' StmtBlock  (40)
	ForeachStmt : FOREACH '(' . BoundVariable IN Expr ')' StmtBlock  (41)

	VOID  shift 17
	BOOL  shift 18
	INT  shift 19
	STRING  shift 20
	CLASS  shift 21
	VAR  shift 157
	.  error

	Type  goto 158
	BoundVariable  goto 159


state 116
	Stmt : SimpleStmt ';' .  (29)

	.  reduce 29


state 117
	Stmt : ReturnStmt ';' .  (33)

	.  reduce 33


state 118
	Stmt : PrintStmt ';' .  (34)

	.  reduce 34


state 119
	Stmt : BreakStmt ';' .  (35)

	.  reduce 35


state 120
	Stmt : OCStmt ';' .  (37)

	.  reduce 37


state 121
	Expr : Expr AND . Expr  (67)
	Receiver : .  (48)

	NULL  shift 53
	THIS  shift 54
	NEW  shift 60
	READ_INTEGER  shift 62
	READ_LINE  shift 63
	LITERAL  shift 64
	INSTANCEOF  shift 65
	'-'  shift 66
	'!'  shift 67
	'('  shift 68
	'['  shift 69
	VAR  shift 72
	IDENTIFIER  reduce 48

	Expr  goto 160
	LValue  goto 98
	Call  goto 99
	Receiver  goto 90
	Constant  goto 91
	ArrayConstant  goto 92


state 122
	Expr : Expr OR . Expr  (68)
	Receiver : .  (48)

	NULL  shift 53
	THIS  shift 54
	NEW  shift 60
	READ_INTEGER  shift 62
	READ_LINE  shift 63
	LITERAL  shift 64
	INSTANCEOF  shift 65
	'-'  shift 66
	'!'  shift 67
	'('  shift 68
	'['  shift 69
	VAR  shift 72
	IDENTIFIER  reduce 48

	Expr  goto 161
	LValue  goto 98
	Call  goto 99
	Receiver  goto 90
	Constant  goto 91
	ArrayConstant  goto 92


state 123
	Expr : Expr LESS_EQUAL . Expr  (65)
	Receiver : .  (48)

	NULL  shift 53
	THIS  shift 54
	NEW  shift 60
	READ_INTEGER  shift 62
	READ_LINE  shift 63
	LITERAL  shift 64
	INSTANCEOF  shift 65
	'-'  shift 66
	'!'  shift 67
	'('  shift 68
	'['  shift 69
	VAR  shift 72
	IDENTIFIER  reduce 48

	Expr  goto 162
	LValue  goto 98
	Call  goto 99
	Receiver  goto 90
	Constant  goto 91
	ArrayConstant  goto 92


state 124
	Expr : Expr GREATER_EQUAL . Expr  (66)
	Receiver : .  (48)

	NULL  shift 53
	THIS  shift 54
	NEW  shift 60
	READ_INTEGER  shift 62
	READ_LINE  shift 63
	LITERAL  shift 64
	INSTANCEOF  shift 65
	'-'  shift 66
	'!'  shift 67
	'('  shift 68
	'['  shift 69
	VAR  shift 72
	IDENTIFIER  reduce 48

	Expr  goto 163
	LValue  goto 98
	Call  goto 99
	Receiver  goto 90
	Constant  goto 91
	ArrayConstant  goto 92


state 125
	Expr : Expr EQUAL . Expr  (61)
	Receiver : .  (48)

	NULL  shift 53
	THIS  shift 54
	NEW  shift 60
	READ_INTEGER  shift 62
	READ_LINE  shift 63
	LITERAL  shift 64
	INSTANCEOF  shift 65
	'-'  shift 66
	'!'  shift 67
	'('  shift 68
	'['  shift 69
	VAR  shift 72
	IDENTIFIER  reduce 48

	Expr  goto 164
	LValue  goto 98
	Call  goto 99
	Receiver  goto 90
	Constant  goto 91
	ArrayConstant  goto 92


state 126
	Expr : Expr NOT_EQUAL . Expr  (62)
	Receiver : .  (48)

	NULL  shift 53
	THIS  shift 54
	NEW  shift 60
	READ_INTEGER  shift 62
	READ_LINE  shift 63
	LITERAL  shift 64
	INSTANCEOF  shift 65
	'-'  shift 66
	'!'  shift 67
	'('  shift 68
	'['  shift 69
	VAR  shift 72
	IDENTIFIER  reduce 48

	Expr  goto 165
	LValue  goto 98
	Call  goto 99
	Receiver  goto 90
	Constant  goto 91
	ArrayConstant  goto 92


state 127
	Expr : Expr '+' . Expr  (56)
	Receiver : .  (48)

	NULL  shift 53
	THIS  shift 54
	NEW  shift 60
	READ_INTEGER  shift 62
	READ_LINE  shift 63
	LITERAL  shift 64
	INSTANCEOF  shift 65
	'-'  shift 66
	'!'  shift 67
	'('  shift 68
	'['  shift 69
	VAR  shift 72
	IDENTIFIER  reduce 48

	Expr  goto 166
	LValue  goto 98
	Call  goto 99
	Receiver  goto 90
	Constant  goto 91
	ArrayConstant  goto 92


state 128
	Expr : Expr '-' . Expr  (57)
	Receiver : .  (48)

	NULL  shift 53
	THIS  shift 54
	NEW  shift 60
	READ_INTEGER  shift 62
	READ_LINE  shift 63
	LITERAL  shift 64
	INSTANCEOF  shift 65
	'-'  shift 66
	'!'  shift 67
	'('  shift 68
	'['  shift 69
	VAR  shift 72
	IDENTIFIER  reduce 48

	Expr  goto 167
	LValue  goto 98
	Call  goto 99
	Receiver  goto 90
	Constant  goto 91
	ArrayConstant  goto 92


state 129
	Expr : Expr '*' . Expr  (58)
	Receiver : .  (48)

	NULL  shift 53
	THIS  shift 54
	NEW  shift 60
	READ_INTEGER  shift 62
	READ_LINE  shift 63
	LITERAL  shift 64
	INSTANCEOF  shift 65
	'-'  shift 66
	'!'  shift 67
	'('  shift 68
	'['  shift 69
	VAR  shift 72
	IDENTIFIER  reduce 48

	Expr  goto 168
	LValue  goto 98
	Call  goto 99
	Receiver  goto 90
	Constant  goto 91
	ArrayConstant  goto 92


state 130
	Expr : Expr '/' . Expr  (59)
	Receiver : .  (48)

	NULL  shift 53
	THIS  shift 54
	NEW  shift 60
	READ_INTEGER  shift 62
	READ_LINE  shift 63
	LITERAL  shift 64
	INSTANCEOF  shift 65
	'-'  shift 66
	'!'  shift 67
	'('  shift 68
	'['  shift 69
	VAR  shift 72
	IDENTIFIER  reduce 48

	Expr  goto 169
	LValue  goto 98
	Call  goto 99
	Receiver  goto 90
	Constant  goto 91
	ArrayConstant  goto 92


state 131
	Expr : Expr '%' . Expr  (60)
	Receiver : .  (48)

	NULL  shift 53
	THIS  shift 54
	NEW  shift 60
	READ_INTEGER  shift 62
	READ_LINE  shift 63
	LITERAL  shift 64
	INSTANCEOF  shift 65
	'-'  shift 66
	'!'  shift 67
	'('  shift 68
	'['  shift 69
	VAR  shift 72
	IDENTIFIER  reduce 48

	Expr  goto 170
	LValue  goto 98
	Call  goto 99
	Receiver  goto 90
	Constant  goto 91
	ArrayConstant  goto 92


state 132
	Expr : Expr '>' . Expr  (64)
	Receiver : .  (48)

	NULL  shift 53
	THIS  shift 54
	NEW  shift 60
	READ_INTEGER  shift 62
	READ_LINE  shift 63
	LITERAL  shift 64
	INSTANCEOF  shift 65
	'-'  shift 66
	'!'  shift 67
	'('  shift 68
	'['  shift 69
	VAR  shift 72
	IDENTIFIER  reduce 48

	Expr  goto 171
	LValue  goto 98
	Call  goto 99
	Receiver  goto 90
	Constant  goto 91
	ArrayConstant  goto 92


state 133
	Expr : Expr '<' . Expr  (63)
	Receiver : .  (48)

	NULL  shift 53
	THIS  shift 54
	NEW  shift 60
	READ_INTEGER  shift 62
	READ_LINE  shift 63
	LITERAL  shift 64
	INSTANCEOF  shift 65
	'-'  shift 66
	'!'  shift 67
	'('  shift 68
	'['  shift 69
	VAR  shift 72
	IDENTIFIER  reduce 48

	Expr  goto 172
	LValue  goto 98
	Call  goto 99
	Receiver  goto 90
	Constant  goto 91
	ArrayConstant  goto 92


state 134
	Receiver : Expr '.' .  (47)

	.  reduce 47


state 135
	LValue : Expr '[' . Expr ']'  (50)
	Expr : Expr '[' . Expr ']' DEFAULT Expr  (80)
	Receiver : .  (48)

	NULL  shift 53
	THIS  shift 54
	NEW  shift 60
	READ_INTEGER  shift 62
	READ_LINE  shift 63
	LITERAL  shift 64
	INSTANCEOF  shift 65
	'-'  shift 66
	'!'  shift 67
	'('  shift 68
	'['  shift 69
	VAR  shift 72
	IDENTIFIER  reduce 48

	Expr  goto 173
	LValue  goto 98
	Call  goto 99
	Receiver  goto 90
	Constant  goto 91
	ArrayConstant  goto 92


state 136
	Expr : Expr MOMO . Expr  (79)
	Receiver : .  (48)

	NULL  shift 53
	THIS  shift 54
	NEW  shift 60
	READ_INTEGER  shift 62
	READ_LINE  shift 63
	LITERAL  shift 64
	INSTANCEOF  shift 65
	'-'  shift 66
	'!'  shift 67
	'('  shift 68
	'['  shift 69
	VAR  shift 72
	IDENTIFIER  reduce 48

	Expr  goto 174
	LValue  goto 98
	Call  goto 99
	Receiver  goto 90
	Constant  goto 91
	ArrayConstant  goto 92


state 137
	SimpleStmt : LValue '=' . Expr  (44)
	Receiver : .  (48)

	NULL  shift 53
	THIS  shift 54
	NEW  shift 60
	READ_INTEGER  shift 62
	READ_LINE  shift 63
	LITERAL  shift 64
	INSTANCEOF  shift 65
	'-'  shift 66
	'!'  shift 67
	'('  shift 68
	'['  shift 69
	VAR  shift 72
	IDENTIFIER  reduce 48

	Expr  goto 175
	LValue  goto 98
	Call  goto 99
	Receiver  goto 90
	Constant  goto 91
	ArrayConstant  goto 92


state 138
	LValue : Receiver IDENTIFIER .  (49)
	Call : Receiver IDENTIFIER . '(' Actuals ')'  (52)

	'('  shift 176
	WHILE  reduce 49
	AND  reduce 49
	OR  reduce 49
	LESS_EQUAL  reduce 49
	GREATER_EQUAL  reduce 49
	EQUAL  reduce 49
	NOT_EQUAL  reduce 49
	'+'  reduce 49
	'-'  reduce 49
	'*'  reduce 49
	'/'  reduce 49
	'%'  reduce 49
	'='  reduce 49
	'>'  reduce 49
	'<'  reduce 49
	'.'  reduce 49
	','  reduce 49
	';'  reduce 49
	')'  reduce 49
	'['  reduce 49
	']'  reduce 49
	':'  reduce 49
	MOMO  reduce 49


state 139
	Receiver : Expr . '.'  (47)
	LValue : Expr . '[' Expr ']'  (50)
	Expr : Expr . '+' Expr  (56)
	Expr : Expr . '-' Expr  (57)
	Expr : Expr . '*' Expr  (58)
	Expr : Expr . '/' Expr  (59)
	Expr : Expr . '%' Expr  (60)
	Expr : Expr . EQUAL Expr  (61)
	Expr : Expr . NOT_EQUAL Expr  (62)
	Expr : Expr . '<' Expr  (63)
	Expr : Expr . '>' Expr  (64)
	Expr : Expr . LESS_EQUAL Expr  (65)
	Expr : Expr . GREATER_EQUAL Expr  (66)
	Expr : Expr . AND Expr  (67)
	Expr : Expr . OR Expr  (68)
	Expr : Expr . MOMO Expr  (79)
	Expr : Expr . '[' Expr ']' DEFAULT Expr  (80)
	WhileStmt : WHILE '(' Expr . ')' Stmt  (88)

	AND  shift 121
	OR  shift 122
	LESS_EQUAL  shift 123
	GREATER_EQUAL  shift 124
	EQUAL  shift 125
	NOT_EQUAL  shift 126
	'+'  shift 127
	'-'  shift 128
	'*'  shift 129
	'/'  shift 130
	'%'  shift 131
	'>'  shift 132
	'<'  shift 133
	'.'  shift 134
	')'  shift 177
	'['  shift 135
	MOMO  shift 136
	.  error


state 140
	ForStmt : FOR '(' SimpleStmt . ';' Expr ';' SimpleStmt ')' Stmt  (89)

	';'  shift 178
	.  error


state 141
	Receiver : Expr . '.'  (47)
	LValue : Expr . '[' Expr ']'  (50)
	Expr : Expr . '+' Expr  (56)
	Expr : Expr . '-' Expr  (57)
	Expr : Expr . '*' Expr  (58)
	Expr : Expr . '/' Expr  (59)
	Expr : Expr . '%' Expr  (60)
	Expr : Expr . EQUAL Expr  (61)
	Expr : Expr . NOT_EQUAL Expr  (62)
	Expr : Expr . '<' Expr  (63)
	Expr : Expr . '>' Expr  (64)
	Expr : Expr . LESS_EQUAL Expr  (65)
	Expr : Expr . GREATER_EQUAL Expr  (66)
	Expr : Expr . AND Expr  (67)
	Expr : Expr . OR Expr  (68)
	Expr : Expr . MOMO Expr  (79)
	Expr : Expr . '[' Expr ']' DEFAULT Expr  (80)
	IfStmt : IF '(' Expr . ')' Stmt ElseClause  (91)

	AND  shift 121
	OR  shift 122
	LESS_EQUAL  shift 123
	GREATER_EQUAL  shift 124
	EQUAL  shift 125
	NOT_EQUAL  shift 126
	'+'  shift 127
	'-'  shift 128
	'*'  shift 129
	'/'  shift 130
	'%'  shift 131
	'>'  shift 132
	'<'  shift 133
	'.'  shift 134
	')'  shift 179
	'['  shift 135
	MOMO  shift 136
	.  error


state 142
	Receiver : Expr . '.'  (47)
	LValue : Expr . '[' Expr ']'  (50)
	Expr : Expr . '+' Expr  (56)
	Expr : Expr . '-' Expr  (57)
	Expr : Expr . '*' Expr  (58)
	Expr : Expr . '/' Expr  (59)
	Expr : Expr . '%' Expr  (60)
	Expr : Expr . EQUAL Expr  (61)
	Expr : Expr . NOT_EQUAL Expr  (62)
	Expr : Expr . '<' Expr  (63)
	Expr : Expr . '>' Expr  (64)
	Expr : Expr . LESS_EQUAL Expr  (65)
	Expr : Expr . GREATER_EQUAL Expr  (66)
	Expr : Expr . AND Expr  (67)
	Expr : Expr . OR Expr  (68)
	Expr : Expr . MOMO Expr  (79)
	Expr : Expr . '[' Expr ']' DEFAULT Expr  (80)
	IfSubStmt : Expr . ':' Stmt  (102)

	AND  shift 121
	OR  shift 122
	LESS_EQUAL  shift 123
	GREATER_EQUAL  shift 124
	EQUAL  shift 125
	NOT_EQUAL  shift 126
	'+'  shift 127
	'-'  shift 128
	'*'  shift 129
	'/'  shift 130
	'%'  shift 131
	'>'  shift 132
	'<'  shift 133
	'.'  shift 134
	'['  shift 135
	':'  shift 180
	MOMO  shift 136
	.  error


state 143
	GuardedStmt : IF '{' IfBranches . '}'  (98)
	IfBranches : IfBranches . GUARD IfSubStmt  (99)

	'}'  shift 181
	GUARD  shift 182
	.  error


state 144
	IfBranches : IfSubStmt .  (100)

	.  reduce 100


state 145
	Expr : NEW IDENTIFIER '(' . ')'  (75)

	')'  shift 183
	.  error


state 146
	Type : Type '[' . ']'  (11)
	Expr : NEW Type '[' . Expr ']'  (76)
	Receiver : .  (48)

	NULL  shift 53
	THIS  shift 54
	NEW  shift 60
	READ_INTEGER  shift 62
	READ_LINE  shift 63
	LITERAL  shift 64
	INSTANCEOF  shift 65
	'-'  shift 66
	'!'  shift 67
	'('  shift 68
	'['  shift 69
	']'  shift 37
	VAR  shift 72
	IDENTIFIER  reduce 48

	Expr  goto 184
	LValue  goto 98
	Call  goto 99
	Receiver  goto 90
	Constant  goto 91
	ArrayConstant  goto 92


state 147
	Receiver : Expr . '.'  (47)
	LValue : Expr . '[' Expr ']'  (50)
	Expr : Expr . '+' Expr  (56)
	Expr : Expr . '-' Expr  (57)
	Expr : Expr . '*' Expr  (58)
	Expr : Expr . '/' Expr  (59)
	Expr : Expr . '%' Expr  (60)
	Expr : Expr . EQUAL Expr  (61)
	Expr : Expr . NOT_EQUAL Expr  (62)
	Expr : Expr . '<' Expr  (63)
	Expr : Expr . '>' Expr  (64)
	Expr : Expr . LESS_EQUAL Expr  (65)
	Expr : Expr . GREATER_EQUAL Expr  (66)
	Expr : Expr . AND Expr  (67)
	Expr : Expr . OR Expr  (68)
	Expr : Expr . MOMO Expr  (79)
	Expr : Expr . '[' Expr ']' DEFAULT Expr  (80)
	ExprList : Expr .  (87)

	AND  shift 121
	OR  shift 122
	LESS_EQUAL  shift 123
	GREATER_EQUAL  shift 124
	EQUAL  shift 125
	NOT_EQUAL  shift 126
	'+'  shift 127
	'-'  shift 128
	'*'  shift 129
	'/'  shift 130
	'%'  shift 131
	'>'  shift 132
	'<'  shift 133
	'.'  shift 134
	'['  shift 135
	MOMO  shift 136
	','  reduce 87
	')'  reduce 87


state 148
	ExprList : ExprList . ',' Expr  (86)
	PrintStmt : PRINT '(' ExprList . ')'  (96)

	','  shift 185
	')'  shift 186
	.  error


state 149
	Expr : READ_INTEGER '(' ')' .  (72)

	.  reduce 72


state 150
	Expr : READ_LINE '(' ')' .  (73)

	.  reduce 73


state 151
	Receiver : Expr . '.'  (47)
	LValue : Expr . '[' Expr ']'  (50)
	Expr : Expr . '+' Expr  (56)
	Expr : Expr . '-' Expr  (57)
	Expr : Expr . '*' Expr  (58)
	Expr : Expr . '/' Expr  (59)
	Expr : Expr . '%' Expr  (60)
	Expr : Expr . EQUAL Expr  (61)
	Expr : Expr . NOT_EQUAL Expr  (62)
	Expr : Expr . '<' Expr  (63)
	Expr : Expr . '>' Expr  (64)
	Expr : Expr . LESS_EQUAL Expr  (65)
	Expr : Expr . GREATER_EQUAL Expr  (66)
	Expr : Expr . AND Expr  (67)
	Expr : Expr . OR Expr  (68)
	Expr : INSTANCEOF '(' Expr . ',' IDENTIFIER ')'  (77)
	Expr : Expr . MOMO Expr  (79)
	Expr : Expr . '[' Expr ']' DEFAULT Expr  (80)

	AND  shift 121
	OR  shift 122
	LESS_EQUAL  shift 123
	GREATER_EQUAL  shift 124
	EQUAL  shift 125
	NOT_EQUAL  shift 126
	'+'  shift 127
	'-'  shift 128
	'*'  shift 129
	'/'  shift 130
	'%'  shift 131
	'>'  shift 132
	'<'  shift 133
	'.'  shift 134
	','  shift 187
	'['  shift 135
	MOMO  shift 136
	.  error


state 152
	Expr : '(' CLASS IDENTIFIER . ')' Expr  (78)

	')'  shift 188
	.  error


state 153
	Expr : '(' Expr ')' .  (69)

	.  reduce 69


state 154
	Constants : Constant ',' . Constants  (105)

	NULL  shift 53
	LITERAL  shift 64
	'['  shift 69
	.  error

	Constant  goto 111
	ArrayConstant  goto 92
	Constants  goto 189


state 155
	ArrayConstant : '[' Constants ']' .  (103)

	.  reduce 103


state 156
	OCStmt : SCOPY '(' IDENTIFIER . ',' Expr ')'  (97)

	','  shift 190
	.  error


state 157
	BoundVariable : VAR . IDENTIFIER  (43)

	IDENTIFIER  shift 191
	.  error


state 158
	Type : Type . '[' ']'  (11)
	BoundVariable : Type . IDENTIFIER  (42)

	IDENTIFIER  shift 192
	'['  shift 33
	.  error


state 159
	ForeachStmt : FOREACH '(' BoundVariable . IN Expr WHILE Expr ')' StmtBlock  (40)
	ForeachStmt : FOREACH '(' BoundVariable . IN Expr ')' StmtBlock  (41)

	IN  shift 193
	.  error


state 160
	Receiver : Expr . '.'  (47)
	LValue : Expr . '[' Expr ']'  (50)
	Expr : Expr . '+' Expr  (56)
	Expr : Expr . '-' Expr  (57)
	Expr : Expr . '*' Expr  (58)
	Expr : Expr . '/' Expr  (59)
	Expr : Expr . '%' Expr  (60)
	Expr : Expr . EQUAL Expr  (61)
	Expr : Expr . NOT_EQUAL Expr  (62)
	Expr : Expr . '<' Expr  (63)
	Expr : Expr . '>' Expr  (64)
	Expr : Expr . LESS_EQUAL Expr  (65)
	Expr : Expr . GREATER_EQUAL Expr  (66)
	Expr : Expr . AND Expr  (67)
	Expr : Expr AND Expr .  (67)
	Expr : Expr . OR Expr  (68)
	Expr : Expr . MOMO Expr  (79)
	Expr : Expr . '[' Expr ']' DEFAULT Expr  (80)

	LESS_EQUAL  shift 123
	GREATER_EQUAL  shift 124
	EQUAL  shift 125
	NOT_EQUAL  shift 126
	'+'  shift 127
	'-'  shift 128
	'*'  shift 129
	'/'  shift 130
	'%'  shift 131
	'>'  shift 132
	'<'  shift 133
	'.'  shift 134
	'['  shift 135
	MOMO  shift 136
	WHILE  reduce 67
	AND  reduce 67
	OR  reduce 67
	','  reduce 67
	';'  reduce 67
	')'  reduce 67
	']'  reduce 67
	':'  reduce 67


state 161
	Receiver : Expr . '.'  (47)
	LValue : Expr . '[' Expr ']'  (50)
	Expr : Expr . '+' Expr  (56)
	Expr : Expr . '-' Expr  (57)
	Expr : Expr . '*' Expr  (58)
	Expr : Expr . '/' Expr  (59)
	Expr : Expr . '%' Expr  (60)
	Expr : Expr . EQUAL Expr  (61)
	Expr : Expr . NOT_EQUAL Expr  (62)
	Expr : Expr . '<' Expr  (63)
	Expr : Expr . '>' Expr  (64)
	Expr : Expr . LESS_EQUAL Expr  (65)
	Expr : Expr . GREATER_EQUAL Expr  (66)
	Expr : Expr . AND Expr  (67)
	Expr : Expr . OR Expr  (68)
	Expr : Expr OR Expr .  (68)
	Expr : Expr . MOMO Expr  (79)
	Expr : Expr . '[' Expr ']' DEFAULT Expr  (80)

	AND  shift 121
	LESS_EQUAL  shift 123
	GREATER_EQUAL  shift 124
	EQUAL  shift 125
	NOT_EQUAL  shift 126
	'+'  shift 127
	'-'  shift 128
	'*'  shift 129
	'/'  shift 130
	'%'  shift 131
	'>'  shift 132
	'<'  shift 133
	'.'  shift 134
	'['  shift 135
	MOMO  shift 136
	WHILE  reduce 68
	OR  reduce 68
	','  reduce 68
	';'  reduce 68
	')'  reduce 68
	']'  reduce 68
	':'  reduce 68


state 162
	Receiver : Expr . '.'  (47)
	LValue : Expr . '[' Expr ']'  (50)
	Expr : Expr . '+' Expr  (56)
	Expr : Expr . '-' Expr  (57)
	Expr : Expr . '*' Expr  (58)
	Expr : Expr . '/' Expr  (59)
	Expr : Expr . '%' Expr  (60)
	Expr : Expr . EQUAL Expr  (61)
	Expr : Expr . NOT_EQUAL Expr  (62)
	Expr : Expr . '<' Expr  (63)
	Expr : Expr . '>' Expr  (64)
	Expr : Expr . LESS_EQUAL Expr  (65)
	Expr : Expr LESS_EQUAL Expr .  (65)
	Expr : Expr . GREATER_EQUAL Expr  (66)
	Expr : Expr . AND Expr  (67)
	Expr : Expr . OR Expr  (68)
	Expr : Expr . MOMO Expr  (79)
	Expr : Expr . '[' Expr ']' DEFAULT Expr  (80)

	'+'  shift 127
	'-'  shift 128
	'*'  shift 129
	'/'  shift 130
	'%'  shift 131
	'.'  shift 134
	'['  shift 135
	MOMO  shift 136
	WHILE  reduce 65
	AND  reduce 65
	OR  reduce 65
	EQUAL  reduce 65
	NOT_EQUAL  reduce 65
	','  reduce 65
	';'  reduce 65
	')'  reduce 65
	']'  reduce 65
	':'  reduce 65


state 163
	Receiver : Expr . '.'  (47)
	LValue : Expr . '[' Expr ']'  (50)
	Expr : Expr . '+' Expr  (56)
	Expr : Expr . '-' Expr  (57)
	Expr : Expr . '*' Expr  (58)
	Expr : Expr . '/' Expr  (59)
	Expr : Expr . '%' Expr  (60)
	Expr : Expr . EQUAL Expr  (61)
	Expr : Expr . NOT_EQUAL Expr  (62)
	Expr : Expr . '<' Expr  (63)
	Expr : Expr . '>' Expr  (64)
	Expr : Expr . LESS_EQUAL Expr  (65)
	Expr : Expr . GREATER_EQUAL Expr  (66)
	Expr : Expr GREATER_EQUAL Expr .  (66)
	Expr : Expr . AND Expr  (67)
	Expr : Expr . OR Expr  (68)
	Expr : Expr . MOMO Expr  (79)
	Expr : Expr . '[' Expr ']' DEFAULT Expr  (80)

	'+'  shift 127
	'-'  shift 128
	'*'  shift 129
	'/'  shift 130
	'%'  shift 131
	'.'  shift 134
	'['  shift 135
	MOMO  shift 136
	WHILE  reduce 66
	AND  reduce 66
	OR  reduce 66
	EQUAL  reduce 66
	NOT_EQUAL  reduce 66
	','  reduce 66
	';'  reduce 66
	')'  reduce 66
	']'  reduce 66
	':'  reduce 66


state 164
	Receiver : Expr . '.'  (47)
	LValue : Expr . '[' Expr ']'  (50)
	Expr : Expr . '+' Expr  (56)
	Expr : Expr . '-' Expr  (57)
	Expr : Expr . '*' Expr  (58)
	Expr : Expr . '/' Expr  (59)
	Expr : Expr . '%' Expr  (60)
	Expr : Expr . EQUAL Expr  (61)
	Expr : Expr EQUAL Expr .  (61)
	Expr : Expr . NOT_EQUAL Expr  (62)
	Expr : Expr . '<' Expr  (63)
	Expr : Expr . '>' Expr  (64)
	Expr : Expr . LESS_EQUAL Expr  (65)
	Expr : Expr . GREATER_EQUAL Expr  (66)
	Expr : Expr . AND Expr  (67)
	Expr : Expr . OR Expr  (68)
	Expr : Expr . MOMO Expr  (79)
	Expr : Expr . '[' Expr ']' DEFAULT Expr  (80)

	LESS_EQUAL  shift 123
	GREATER_EQUAL  shift 124
	'+'  shift 127
	'-'  shift 128
	'*'  shift 129
	'/'  shift 130
	'%'  shift 131
	'>'  shift 132
	'<'  shift 133
	'.'  shift 134
	'['  shift 135
	MOMO  shift 136
	WHILE  reduce 61
	AND  reduce 61
	OR  reduce 61
	','  reduce 61
	';'  reduce 61
	')'  reduce 61
	']'  reduce 61
	':'  reduce 61


state 165
	Receiver : Expr . '.'  (47)
	LValue : Expr . '[' Expr ']'  (50)
	Expr : Expr . '+' Expr  (56)
	Expr : Expr . '-' Expr  (57)
	Expr : Expr . '*' Expr  (58)
	Expr : Expr . '/' Expr  (59)
	Expr : Expr . '%' Expr  (60)
	Expr : Expr . EQUAL Expr  (61)
	Expr : Expr . NOT_EQUAL Expr  (62)
	Expr : Expr NOT_EQUAL Expr .  (62)
	Expr : Expr . '<' Expr  (63)
	Expr : Expr . '>' Expr  (64)
	Expr : Expr . LESS_EQUAL Expr  (65)
	Expr : Expr . GREATER_EQUAL Expr  (66)
	Expr : Expr . AND Expr  (67)
	Expr : Expr . OR Expr  (68)
	Expr : Expr . MOMO Expr  (79)
	Expr : Expr . '[' Expr ']' DEFAULT Expr  (80)

	LESS_EQUAL  shift 123
	GREATER_EQUAL  shift 124
	'+'  shift 127
	'-'  shift 128
	'*'  shift 129
	'/'  shift 130
	'%'  shift 131
	'>'  shift 132
	'<'  shift 133
	'.'  shift 134
	'['  shift 135
	MOMO  shift 136
	WHILE  reduce 62
	AND  reduce 62
	OR  reduce 62
	','  reduce 62
	';'  reduce 62
	')'  reduce 62
	']'  reduce 62
	':'  reduce 62


state 166
	Receiver : Expr . '.'  (47)
	LValue : Expr . '[' Expr ']'  (50)
	Expr : Expr . '+' Expr  (56)
	Expr : Expr '+' Expr .  (56)
	Expr : Expr . '-' Expr  (57)
	Expr : Expr . '*' Expr  (58)
	Expr : Expr . '/' Expr  (59)
	Expr : Expr . '%' Expr  (60)
	Expr : Expr . EQUAL Expr  (61)
	Expr : Expr . NOT_EQUAL Expr  (62)
	Expr : Expr . '<' Expr  (63)
	Expr : Expr . '>' Expr  (64)
	Expr : Expr . LESS_EQUAL Expr  (65)
	Expr : Expr . GREATER_EQUAL Expr  (66)
	Expr : Expr . AND Expr  (67)
	Expr : Expr . OR Expr  (68)
	Expr : Expr . MOMO Expr  (79)
	Expr : Expr . '[' Expr ']' DEFAULT Expr  (80)

	'*'  shift 129
	'/'  shift 130
	'%'  shift 131
	'.'  shift 134
	'['  shift 135
	WHILE  reduce 56
	AND  reduce 56
	OR  reduce 56
	LESS_EQUAL  reduce 56
	GREATER_EQUAL  reduce 56
	EQUAL  reduce 56
	NOT_EQUAL  reduce 56
	'+'  reduce 56
	'-'  reduce 56
	'>'  reduce 56
	'<'  reduce 56
	','  reduce 56
	';'  reduce 56
	')'  reduce 56
	']'  reduce 56
	':'  reduce 56
	MOMO  reduce 56


state 167
	Receiver : Expr . '.'  (47)
	LValue : Expr . '[' Expr ']'  (50)
	Expr : Expr . '+' Expr  (56)
	Expr : Expr . '-' Expr  (57)
	Expr : Expr '-' Expr .  (57)
	Expr : Expr . '*' Expr  (58)
	Expr : Expr . '/' Expr  (59)
	Expr : Expr . '%' Expr  (60)
	Expr : Expr . EQUAL Expr  (61)
	Expr : Expr . NOT_EQUAL Expr  (62)
	Expr : Expr . '<' Expr  (63)
	Expr : Expr . '>' Expr  (64)
	Expr : Expr . LESS_EQUAL Expr  (65)
	Expr : Expr . GREATER_EQUAL Expr  (66)
	Expr : Expr . AND Expr  (67)
	Expr : Expr . OR Expr  (68)
	Expr : Expr . MOMO Expr  (79)
	Expr : Expr . '[' Expr ']' DEFAULT Expr  (80)

	'*'  shift 129
	'/'  shift 130
	'%'  shift 131
	'.'  shift 134
	'['  shift 135
	WHILE  reduce 57
	AND  reduce 57
	OR  reduce 57
	LESS_EQUAL  reduce 57
	GREATER_EQUAL  reduce 57
	EQUAL  reduce 57
	NOT_EQUAL  reduce 57
	'+'  reduce 57
	'-'  reduce 57
	'>'  reduce 57
	'<'  reduce 57
	','  reduce 57
	';'  reduce 57
	')'  reduce 57
	']'  reduce 57
	':'  reduce 57
	MOMO  reduce 57


state 168
	Receiver : Expr . '.'  (47)
	LValue : Expr . '[' Expr ']'  (50)
	Expr : Expr . '+' Expr  (56)
	Expr : Expr . '-' Expr  (57)
	Expr : Expr . '*' Expr  (58)
	Expr : Expr '*' Expr .  (58)
	Expr : Expr . '/' Expr  (59)
	Expr : Expr . '%' Expr  (60)
	Expr : Expr . EQUAL Expr  (61)
	Expr : Expr . NOT_EQUAL Expr  (62)
	Expr : Expr . '<' Expr  (63)
	Expr : Expr . '>' Expr  (64)
	Expr : Expr . LESS_EQUAL Expr  (65)
	Expr : Expr . GREATER_EQUAL Expr  (66)
	Expr : Expr . AND Expr  (67)
	Expr : Expr . OR Expr  (68)
	Expr : Expr . MOMO Expr  (79)
	Expr : Expr . '[' Expr ']' DEFAULT Expr  (80)

	'.'  shift 134
	'['  shift 135
	WHILE  reduce 58
	AND  reduce 58
	OR  reduce 58
	LESS_EQUAL  reduce 58
	GREATER_EQUAL  reduce 58
	EQUAL  reduce 58
	NOT_EQUAL  reduce 58
	'+'  reduce 58
	'-'  reduce 58
	'*'  reduce 58
	'/'  reduce 58
	'%'  reduce 58
	'>'  reduce 58
	'<'  reduce 58
	','  reduce 58
	';'  reduce 58
	')'  reduce 58
	']'  reduce 58
	':'  reduce 58
	MOMO  reduce 58


state 169
	Receiver : Expr . '.'  (47)
	LValue : Expr . '[' Expr ']'  (50)
	Expr : Expr . '+' Expr  (56)
	Expr : Expr . '-' Expr  (57)
	Expr : Expr . '*' Expr  (58)
	Expr : Expr . '/' Expr  (59)
	Expr : Expr '/' Expr .  (59)
	Expr : Expr . '%' Expr  (60)
	Expr : Expr . EQUAL Expr  (61)
	Expr : Expr . NOT_EQUAL Expr  (62)
	Expr : Expr . '<' Expr  (63)
	Expr : Expr . '>' Expr  (64)
	Expr : Expr . LESS_EQUAL Expr  (65)
	Expr : Expr . GREATER_EQUAL Expr  (66)
	Expr : Expr . AND Expr  (67)
	Expr : Expr . OR Expr  (68)
	Expr : Expr . MOMO Expr  (79)
	Expr : Expr . '[' Expr ']' DEFAULT Expr  (80)

	'.'  shift 134
	'['  shift 135
	WHILE  reduce 59
	AND  reduce 59
	OR  reduce 59
	LESS_EQUAL  reduce 59
	GREATER_EQUAL  reduce 59
	EQUAL  reduce 59
	NOT_EQUAL  reduce 59
	'+'  reduce 59
	'-'  reduce 59
	'*'  reduce 59
	'/'  reduce 59
	'%'  reduce 59
	'>'  reduce 59
	'<'  reduce 59
	','  reduce 59
	';'  reduce 59
	')'  reduce 59
	']'  reduce 59
	':'  reduce 59
	MOMO  reduce 59


state 170
	Receiver : Expr . '.'  (47)
	LValue : Expr . '[' Expr ']'  (50)
	Expr : Expr . '+' Expr  (56)
	Expr : Expr . '-' Expr  (57)
	Expr : Expr . '*' Expr  (58)
	Expr : Expr . '/' Expr  (59)
	Expr : Expr . '%' Expr  (60)
	Expr : Expr '%' Expr .  (60)
	Expr : Expr . EQUAL Expr  (61)
	Expr : Expr . NOT_EQUAL Expr  (62)
	Expr : Expr . '<' Expr  (63)
	Expr : Expr . '>' Expr  (64)
	Expr : Expr . LESS_EQUAL Expr  (65)
	Expr : Expr . GREATER_EQUAL Expr  (66)
	Expr : Expr . AND Expr  (67)
	Expr : Expr . OR Expr  (68)
	Expr : Expr . MOMO Expr  (79)
	Expr : Expr . '[' Expr ']' DEFAULT Expr  (80)

	'.'  shift 134
	'['  shift 135
	WHILE  reduce 60
	AND  reduce 60
	OR  reduce 60
	LESS_EQUAL  reduce 60
	GREATER_EQUAL  reduce 60
	EQUAL  reduce 60
	NOT_EQUAL  reduce 60
	'+'  reduce 60
	'-'  reduce 60
	'*'  reduce 60
	'/'  reduce 60
	'%'  reduce 60
	'>'  reduce 60
	'<'  reduce 60
	','  reduce 60
	';'  reduce 60
	')'  reduce 60
	']'  reduce 60
	':'  reduce 60
	MOMO  reduce 60


state 171
	Receiver : Expr . '.'  (47)
	LValue : Expr . '[' Expr ']'  (50)
	Expr : Expr . '+' Expr  (56)
	Expr : Expr . '-' Expr  (57)
	Expr : Expr . '*' Expr  (58)
	Expr : Expr . '/' Expr  (59)
	Expr : Expr . '%' Expr  (60)
	Expr : Expr . EQUAL Expr  (61)
	Expr : Expr . NOT_EQUAL Expr  (62)
	Expr : Expr . '<' Expr  (63)
	Expr : Expr . '>' Expr  (64)
	Expr : Expr '>' Expr .  (64)
	Expr : Expr . LESS_EQUAL Expr  (65)
	Expr : Expr . GREATER_EQUAL Expr  (66)
	Expr : Expr . AND Expr  (67)
	Expr : Expr . OR Expr  (68)
	Expr : Expr . MOMO Expr  (79)
	Expr : Expr . '[' Expr ']' DEFAULT Expr  (80)

	'+'  shift 127
	'-'  shift 128
	'*'  shift 129
	'/'  shift 130
	'%'  shift 131
	'.'  shift 134
	'['  shift 135
	MOMO  shift 136
	WHILE  reduce 64
	AND  reduce 64
	OR  reduce 64
	EQUAL  reduce 64
	NOT_EQUAL  reduce 64
	','  reduce 64
	';'  reduce 64
	')'  reduce 64
	']'  reduce 64
	':'  reduce 64


state 172
	Receiver : Expr . '.'  (47)
	LValue : Expr . '[' Expr ']'  (50)
	Expr : Expr . '+' Expr  (56)
	Expr : Expr . '-' Expr  (57)
	Expr : Expr . '*' Expr  (58)
	Expr : Expr . '/' Expr  (59)
	Expr : Expr . '%' Expr  (60)
	Expr : Expr . EQUAL Expr  (61)
	Expr : Expr . NOT_EQUAL Expr  (62)
	Expr : Expr . '<' Expr  (63)
	Expr : Expr '<' Expr .  (63)
	Expr : Expr . '>' Expr  (64)
	Expr : Expr . LESS_EQUAL Expr  (65)
	Expr : Expr . GREATER_EQUAL Expr  (66)
	Expr : Expr . AND Expr  (67)
	Expr : Expr . OR Expr  (68)
	Expr : Expr . MOMO Expr  (79)
	Expr : Expr . '[' Expr ']' DEFAULT Expr  (80)

	'+'  shift 127
	'-'  shift 128
	'*'  shift 129
	'/'  shift 130
	'%'  shift 131
	'.'  shift 134
	'['  shift 135
	MOMO  shift 136
	WHILE  reduce 63
	AND  reduce 63
	OR  reduce 63
	EQUAL  reduce 63
	NOT_EQUAL  reduce 63
	','  reduce 63
	';'  reduce 63
	')'  reduce 63
	']'  reduce 63
	':'  reduce 63


state 173
	Receiver : Expr . '.'  (47)
	LValue : Expr . '[' Expr ']'  (50)
	LValue : Expr '[' Expr . ']'  (50)
	Expr : Expr . '+' Expr  (56)
	Expr : Expr . '-' Expr  (57)
	Expr : Expr . '*' Expr  (58)
	Expr : Expr . '/' Expr  (59)
	Expr : Expr . '%' Expr  (60)
	Expr : Expr . EQUAL Expr  (61)
	Expr : Expr . NOT_EQUAL Expr  (62)
	Expr : Expr . '<' Expr  (63)
	Expr : Expr . '>' Expr  (64)
	Expr : Expr . LESS_EQUAL Expr  (65)
	Expr : Expr . GREATER_EQUAL Expr  (66)
	Expr : Expr . AND Expr  (67)
	Expr : Expr . OR Expr  (68)
	Expr : Expr . MOMO Expr  (79)
	Expr : Expr . '[' Expr ']' DEFAULT Expr  (80)
	Expr : Expr '[' Expr . ']' DEFAULT Expr  (80)

	AND  shift 121
	OR  shift 122
	LESS_EQUAL  shift 123
	GREATER_EQUAL  shift 124
	EQUAL  shift 125
	NOT_EQUAL  shift 126
	'+'  shift 127
	'-'  shift 128
	'*'  shift 129
	'/'  shift 130
	'%'  shift 131
	'>'  shift 132
	'<'  shift 133
	'.'  shift 134
	'['  shift 135
	']'  shift 194
	MOMO  shift 136
	.  error


state 174
	Receiver : Expr . '.'  (47)
	LValue : Expr . '[' Expr ']'  (50)
	Expr : Expr . '+' Expr  (56)
	Expr : Expr . '-' Expr  (57)
	Expr : Expr . '*' Expr  (58)
	Expr : Expr . '/' Expr  (59)
	Expr : Expr . '%' Expr  (60)
	Expr : Expr . EQUAL Expr  (61)
	Expr : Expr . NOT_EQUAL Expr  (62)
	Expr : Expr . '<' Expr  (63)
	Expr : Expr . '>' Expr  (64)
	Expr : Expr . LESS_EQUAL Expr  (65)
	Expr : Expr . GREATER_EQUAL Expr  (66)
	Expr : Expr . AND Expr  (67)
	Expr : Expr . OR Expr  (68)
	Expr : Expr . MOMO Expr  (79)
	Expr : Expr MOMO Expr .  (79)
	Expr : Expr . '[' Expr ']' DEFAULT Expr  (80)

	'+'  shift 127
	'-'  shift 128
	'*'  shift 129
	'/'  shift 130
	'%'  shift 131
	'.'  shift 134
	'['  shift 135
	WHILE  reduce 79
	AND  reduce 79
	OR  reduce 79
	LESS_EQUAL  reduce 79
	GREATER_EQUAL  reduce 79
	EQUAL  reduce 79
	NOT_EQUAL  reduce 79
	'>'  reduce 79
	'<'  reduce 79
	','  reduce 79
	';'  reduce 79
	')'  reduce 79
	']'  reduce 79
	':'  reduce 79
	MOMO  reduce 79


state 175
	SimpleStmt : LValue '=' Expr .  (44)
	Receiver : Expr . '.'  (47)
	LValue : Expr . '[' Expr ']'  (50)
	Expr : Expr . '+' Expr  (56)
	Expr : Expr . '-' Expr  (57)
	Expr : Expr . '*' Expr  (58)
	Expr : Expr . '/' Expr  (59)
	Expr : Expr . '%' Expr  (60)
	Expr : Expr . EQUAL Expr  (61)
	Expr : Expr . NOT_EQUAL Expr  (62)
	Expr : Expr . '<' Expr  (63)
	Expr : Expr . '>' Expr  (64)
	Expr : Expr . LESS_EQUAL Expr  (65)
	Expr : Expr . GREATER_EQUAL Expr  (66)
	Expr : Expr . AND Expr  (67)
	Expr : Expr . OR Expr  (68)
	Expr : Expr . MOMO Expr  (79)
	Expr : Expr . '[' Expr ']' DEFAULT Expr  (80)

	AND  shift 121
	OR  shift 122
	LESS_EQUAL  shift 123
	GREATER_EQUAL  shift 124
	EQUAL  shift 125
	NOT_EQUAL  shift 126
	'+'  shift 127
	'-'  shift 128
	'*'  shift 129
	'/'  shift 130
	'%'  shift 131
	'>'  shift 132
	'<'  shift 133
	'.'  shift 134
	'['  shift 135
	MOMO  shift 136
	';'  reduce 44
	')'  reduce 44


state 176
	Call : Receiver IDENTIFIER '(' . Actuals ')'  (52)
	Receiver : .  (48)
	Actuals : .  (85)

	NULL  shift 53
	THIS  shift 54
	NEW  shift 60
	READ_INTEGER  shift 62
	READ_LINE  shift 63
	LITERAL  shift 64
	INSTANCEOF  shift 65
	'-'  shift 66
	'!'  shift 67
	'('  shift 68
	'['  shift 69
	VAR  shift 72
	IDENTIFIER  reduce 48
	')'  reduce 85

	Expr  goto 147
	LValue  goto 98
	Call  goto 99
	Receiver  goto 90
	Actuals  goto 195
	Constant  goto 91
	ArrayConstant  goto 92
	ExprList  goto 196


state 177
	WhileStmt : WHILE '(' Expr ')' . Stmt  (88)
	SimpleStmt : .  (46)
	Receiver : .  (48)

	VOID  shift 17
	BOOL  shift 18
	INT  shift 19
	STRING  shift 20
	CLASS  shift 21
	NULL  shift 53
	THIS  shift 54
	WHILE  shift 55
	FOR  shift 56
	IF  shift 57
	RETURN  shift 58
	BREAK  shift 59
	NEW  shift 60
	PRINT  shift 61
	READ_INTEGER  shift 62
	READ_LINE  shift 63
	LITERAL  shift 64
	INSTANCEOF  shift 65
	'-'  shift 66
	'!'  shift 67
	'('  shift 68
	'['  shift 69
	'{'  shift 48
	SCOPY  shift 71
	VAR  shift 72
	FOREACH  shift 73
	IDENTIFIER  reduce 48
	';'  reduce 46

	VariableDef  goto 74
	Variable  goto 25
	Type  goto 40
	StmtBlock  goto 75
	Stmt  goto 197
	SimpleStmt  goto 77
	IfStmt  goto 78
	WhileStmt  goto 79
	ForStmt  goto 80
	ReturnStmt  goto 81
	PrintStmt  goto 82
	BreakStmt  goto 83
	OCStmt  goto 84
	GuardedStmt  goto 85
	ForeachStmt  goto 86
	Expr  goto 87
	LValue  goto 88
	Call  goto 89
	Receiver  goto 90
	Constant  goto 91
	ArrayConstant  goto 92


state 178
	ForStmt : FOR '(' SimpleStmt ';' . Expr ';' SimpleStmt ')' Stmt  (89)
	Receiver : .  (48)

	NULL  shift 53
	THIS  shift 54
	NEW  shift 60
	READ_INTEGER  shift 62
	READ_LINE  shift 63
	LITERAL  shift 64
	INSTANCEOF  shift 65
	'-'  shift 66
	'!'  shift 67
	'('  shift 68
	'['  shift 69
	VAR  shift 72
	IDENTIFIER  reduce 48

	Expr  goto 198
	LValue  goto 98
	Call  goto 99
	Receiver  goto 90
	Constant  goto 91
	ArrayConstant  goto 92


state 179
	IfStmt : IF '(' Expr ')' . Stmt ElseClause  (91)
	SimpleStmt : .  (46)
	Receiver : .  (48)

	VOID  shift 17
	BOOL  shift 18
	INT  shift 19
	STRING  shift 20
	CLASS  shift 21
	NULL  shift 53
	THIS  shift 54
	WHILE  shift 55
	FOR  shift 56
	IF  shift 57
	RETURN  shift 58
	BREAK  shift 59
	NEW  shift 60
	PRINT  shift 61
	READ_INTEGER  shift 62
	READ_LINE  shift 63
	LITERAL  shift 64
	INSTANCEOF  shift 65
	'-'  shift 66
	'!'  shift 67
	'('  shift 68
	'['  shift 69
	'{'  shift 48
	SCOPY  shift 71
	VAR  shift 72
	FOREACH  shift 73
	IDENTIFIER  reduce 48
	';'  reduce 46

	VariableDef  goto 74
	Variable  goto 25
	Type  goto 40
	StmtBlock  goto 75
	Stmt  goto 199
	SimpleStmt  goto 77
	IfStmt  goto 78
	WhileStmt  goto 79
	ForStmt  goto 80
	ReturnStmt  goto 81
	PrintStmt  goto 82
	BreakStmt  goto 83
	OCStmt  goto 84
	GuardedStmt  goto 85
	ForeachStmt  goto 86
	Expr  goto 87
	LValue  goto 88
	Call  goto 89
	Receiver  goto 90
	Constant  goto 91
	ArrayConstant  goto 92


state 180
	IfSubStmt : Expr ':' . Stmt  (102)
	SimpleStmt : .  (46)
	Receiver : .  (48)

	VOID  shift 17
	BOOL  shift 18
	INT  shift 19
	STRING  shift 20
	CLASS  shift 21
	NULL  shift 53
	THIS  shift 54
	WHILE  shift 55
	FOR  shift 56
	IF  shift 57
	RETURN  shift 58
	BREAK  shift 59
	NEW  shift 60
	PRINT  shift 61
	READ_INTEGER  shift 62
	READ_LINE  shift 63
	LITERAL  shift 64
	INSTANCEOF  shift 65
	'-'  shift 66
	'!'  shift 67
	'('  shift 68
	'['  shift 69
	'{'  shift 48
	SCOPY  shift 71
	VAR  shift 72
	FOREACH  shift 73
	IDENTIFIER  reduce 48
	';'  reduce 46

	VariableDef  goto 74
	Variable  goto 25
	Type  goto 40
	StmtBlock  goto 75
	Stmt  goto 200
	SimpleStmt  goto 77
	IfStmt  goto 78
	WhileStmt  goto 79
	ForStmt  goto 80
	ReturnStmt  goto 81
	PrintStmt  goto 82
	BreakStmt  goto 83
	OCStmt  goto 84
	GuardedStmt  goto 85
	ForeachStmt  goto 86
	Expr  goto 87
	LValue  goto 88
	Call  goto 89
	Receiver  goto 90
	Constant  goto 91
	ArrayConstant  goto 92


state 181
	GuardedStmt : IF '{' IfBranches '}' .  (98)

	.  reduce 98


state 182
	IfBranches : IfBranches GUARD . IfSubStmt  (99)
	Receiver : .  (48)

	NULL  shift 53
	THIS  shift 54
	NEW  shift 60
	READ_INTEGER  shift 62
	READ_LINE  shift 63
	LITERAL  shift 64
	INSTANCEOF  shift 65
	'-'  shift 66
	'!'  shift 67
	'('  shift 68
	'['  shift 69
	VAR  shift 72
	IDENTIFIER  reduce 48

	Expr  goto 142
	LValue  goto 98
	Call  goto 99
	Receiver  goto 90
	Constant  goto 91
	ArrayConstant  goto 92
	IfSubStmt  goto 201


state 183
	Expr : NEW IDENTIFIER '(' ')' .  (75)

	.  reduce 75


state 184
	Receiver : Expr . '.'  (47)
	LValue : Expr . '[' Expr ']'  (50)
	Expr : Expr . '+' Expr  (56)
	Expr : Expr . '-' Expr  (57)
	Expr : Expr . '*' Expr  (58)
	Expr : Expr . '/' Expr  (59)
	Expr : Expr . '%' Expr  (60)
	Expr : Expr . EQUAL Expr  (61)
	Expr : Expr . NOT_EQUAL Expr  (62)
	Expr : Expr . '<' Expr  (63)
	Expr : Expr . '>' Expr  (64)
	Expr : Expr . LESS_EQUAL Expr  (65)
	Expr : Expr . GREATER_EQUAL Expr  (66)
	Expr : Expr . AND Expr  (67)
	Expr : Expr . OR Expr  (68)
	Expr : NEW Type '[' Expr . ']'  (76)
	Expr : Expr . MOMO Expr  (79)
	Expr : Expr . '[' Expr ']' DEFAULT Expr  (80)

	AND  shift 121
	OR  shift 122
	LESS_EQUAL  shift 123
	GREATER_EQUAL  shift 124
	EQUAL  shift 125
	NOT_EQUAL  shift 126
	'+'  shift 127
	'-'  shift 128
	'*'  shift 129
	'/'  shift 130
	'%'  shift 131
	'>'  shift 132
	'<'  shift 133
	'.'  shift 134
	'['  shift 135
	']'  shift 202
	MOMO  shift 136
	.  error


state 185
	ExprList : ExprList ',' . Expr  (86)
	Receiver : .  (48)

	NULL  shift 53
	THIS  shift 54
	NEW  shift 60
	READ_INTEGER  shift 62
	READ_LINE  shift 63
	LITERAL  shift 64
	INSTANCEOF  shift 65
	'-'  shift 66
	'!'  shift 67
	'('  shift 68
	'['  shift 69
	VAR  shift 72
	IDENTIFIER  reduce 48

	Expr  goto 203
	LValue  goto 98
	Call  goto 99
	Receiver  goto 90
	Constant  goto 91
	ArrayConstant  goto 92


state 186
	PrintStmt : PRINT '(' ExprList ')' .  (96)

	.  reduce 96


state 187
	Expr : INSTANCEOF '(' Expr ',' . IDENTIFIER ')'  (77)

	IDENTIFIER  shift 204
	.  error


state 188
	Expr : '(' CLASS IDENTIFIER ')' . Expr  (78)
	Receiver : .  (48)

	NULL  shift 53
	THIS  shift 54
	NEW  shift 60
	READ_INTEGER  shift 62
	READ_LINE  shift 63
	LITERAL  shift 64
	INSTANCEOF  shift 65
	'-'  shift 66
	'!'  shift 67
	'('  shift 68
	'['  shift 69
	VAR  shift 72
	IDENTIFIER  reduce 48

	Expr  goto 205
	LValue  goto 98
	Call  goto 99
	Receiver  goto 90
	Constant  goto 91
	ArrayConstant  goto 92


state 189
	Constants : Constant ',' Constants .  (105)

	.  reduce 105


state 190
	OCStmt : SCOPY '(' IDENTIFIER ',' . Expr ')'  (97)
	Receiver : .  (48)

	NULL  shift 53
	THIS  shift 54
	NEW  shift 60
	READ_INTEGER  shift 62
	READ_LINE  shift 63
	LITERAL  shift 64
	INSTANCEOF  shift 65
	'-'  shift 66
	'!'  shift 67
	'('  shift 68
	'['  shift 69
	VAR  shift 72
	IDENTIFIER  reduce 48

	Expr  goto 206
	LValue  goto 98
	Call  goto 99
	Receiver  goto 90
	Constant  goto 91
	ArrayConstant  goto 92


state 191
	BoundVariable : VAR IDENTIFIER .  (43)

	.  reduce 43


state 192
	BoundVariable : Type IDENTIFIER .  (42)

	.  reduce 42


state 193
	ForeachStmt : FOREACH '(' BoundVariable IN . Expr WHILE Expr ')' StmtBlock  (40)
	ForeachStmt : FOREACH '(' BoundVariable IN . Expr ')' StmtBlock  (41)
	Receiver : .  (48)

	NULL  shift 53
	THIS  shift 54
	NEW  shift 60
	READ_INTEGER  shift 62
	READ_LINE  shift 63
	LITERAL  shift 64
	INSTANCEOF  shift 65
	'-'  shift 66
	'!'  shift 67
	'('  shift 68
	'['  shift 69
	VAR  shift 72
	IDENTIFIER  reduce 48

	Expr  goto 207
	LValue  goto 98
	Call  goto 99
	Receiver  goto 90
	Constant  goto 91
	ArrayConstant  goto 92


state 194
	LValue : Expr '[' Expr ']' .  (50)
	Expr : Expr '[' Expr ']' . DEFAULT Expr  (80)

	DEFAULT  shift 208
	WHILE  reduce 50
	AND  reduce 50
	OR  reduce 50
	LESS_EQUAL  reduce 50
	GREATER_EQUAL  reduce 50
	EQUAL  reduce 50
	NOT_EQUAL  reduce 50
	'+'  reduce 50
	'-'  reduce 50
	'*'  reduce 50
	'/'  reduce 50
	'%'  reduce 50
	'='  reduce 50
	'>'  reduce 50
	'<'  reduce 50
	'.'  reduce 50
	','  reduce 50
	';'  reduce 50
	')'  reduce 50
	'['  reduce 50
	']'  reduce 50
	':'  reduce 50
	MOMO  reduce 50


state 195
	Call : Receiver IDENTIFIER '(' Actuals . ')'  (52)

	')'  shift 209
	.  error


state 196
	Actuals : ExprList .  (84)
	ExprList : ExprList . ',' Expr  (86)

	','  shift 185
	')'  reduce 84


state 197
	WhileStmt : WHILE '(' Expr ')' Stmt .  (88)

	.  reduce 88


state 198
	Receiver : Expr . '.'  (47)
	LValue : Expr . '[' Expr ']'  (50)
	Expr : Expr . '+' Expr  (56)
	Expr : Expr . '-' Expr  (57)
	Expr : Expr . '*' Expr  (58)
	Expr : Expr . '/' Expr  (59)
	Expr : Expr . '%' Expr  (60)
	Expr : Expr . EQUAL Expr  (61)
	Expr : Expr . NOT_EQUAL Expr  (62)
	Expr : Expr . '<' Expr  (63)
	Expr : Expr . '>' Expr  (64)
	Expr : Expr . LESS_EQUAL Expr  (65)
	Expr : Expr . GREATER_EQUAL Expr  (66)
	Expr : Expr . AND Expr  (67)
	Expr : Expr . OR Expr  (68)
	Expr : Expr . MOMO Expr  (79)
	Expr : Expr . '[' Expr ']' DEFAULT Expr  (80)
	ForStmt : FOR '(' SimpleStmt ';' Expr . ';' SimpleStmt ')' Stmt  (89)

	AND  shift 121
	OR  shift 122
	LESS_EQUAL  shift 123
	GREATER_EQUAL  shift 124
	EQUAL  shift 125
	NOT_EQUAL  shift 126
	'+'  shift 127
	'-'  shift 128
	'*'  shift 129
	'/'  shift 130
	'%'  shift 131
	'>'  shift 132
	'<'  shift 133
	'.'  shift 134
	';'  shift 210
	'['  shift 135
	MOMO  shift 136
	.  error


state 199
	IfStmt : IF '(' Expr ')' Stmt . ElseClause  (91)
	ElseClause : .  (93)

	ELSE  shift 211
	VOID  reduce 93
	BOOL  reduce 93
	INT  reduce 93
	STRING  reduce 93
	CLASS  reduce 93
	NULL  reduce 93
	THIS  reduce 93
	WHILE  reduce 93
	FOR  reduce 93
	IF  reduce 93
	RETURN  reduce 93
	BREAK  reduce 93
	NEW  reduce 93
	PRINT  reduce 93
	READ_INTEGER  reduce 93
	READ_LINE  reduce 93
	LITERAL  reduce 93
	IDENTIFIER  reduce 93
	INSTANCEOF  reduce 93
	'-'  reduce 93
	';'  reduce 93
	'!'  reduce 93
	'('  reduce 93
	'['  reduce 93
	'{'  reduce 93
	'}'  reduce 93
	SCOPY  reduce 93
	VAR  reduce 93
	GUARD  reduce 93
	FOREACH  reduce 93

	ElseClause  goto 212


state 200
	IfSubStmt : Expr ':' Stmt .  (102)

	.  reduce 102


state 201
	IfBranches : IfBranches GUARD IfSubStmt .  (99)

	.  reduce 99


state 202
	Expr : NEW Type '[' Expr ']' .  (76)

	.  reduce 76


state 203
	Receiver : Expr . '.'  (47)
	LValue : Expr . '[' Expr ']'  (50)
	Expr : Expr . '+' Expr  (56)
	Expr : Expr . '-' Expr  (57)
	Expr : Expr . '*' Expr  (58)
	Expr : Expr . '/' Expr  (59)
	Expr : Expr . '%' Expr  (60)
	Expr : Expr . EQUAL Expr  (61)
	Expr : Expr . NOT_EQUAL Expr  (62)
	Expr : Expr . '<' Expr  (63)
	Expr : Expr . '>' Expr  (64)
	Expr : Expr . LESS_EQUAL Expr  (65)
	Expr : Expr . GREATER_EQUAL Expr  (66)
	Expr : Expr . AND Expr  (67)
	Expr : Expr . OR Expr  (68)
	Expr : Expr . MOMO Expr  (79)
	Expr : Expr . '[' Expr ']' DEFAULT Expr  (80)
	ExprList : ExprList ',' Expr .  (86)

	AND  shift 121
	OR  shift 122
	LESS_EQUAL  shift 123
	GREATER_EQUAL  shift 124
	EQUAL  shift 125
	NOT_EQUAL  shift 126
	'+'  shift 127
	'-'  shift 128
	'*'  shift 129
	'/'  shift 130
	'%'  shift 131
	'>'  shift 132
	'<'  shift 133
	'.'  shift 134
	'['  shift 135
	MOMO  shift 136
	','  reduce 86
	')'  reduce 86


state 204
	Expr : INSTANCEOF '(' Expr ',' IDENTIFIER . ')'  (77)

	')'  shift 213
	.  error


state 205
	Receiver : Expr . '.'  (47)
	LValue : Expr . '[' Expr ']'  (50)
	Expr : Expr . '+' Expr  (56)
	Expr : Expr . '-' Expr  (57)
	Expr : Expr . '*' Expr  (58)
	Expr : Expr . '/' Expr  (59)
	Expr : Expr . '%' Expr  (60)
	Expr : Expr . EQUAL Expr  (61)
	Expr : Expr . NOT_EQUAL Expr  (62)
	Expr : Expr . '<' Expr  (63)
	Expr : Expr . '>' Expr  (64)
	Expr : Expr . LESS_EQUAL Expr  (65)
	Expr : Expr . GREATER_EQUAL Expr  (66)
	Expr : Expr . AND Expr  (67)
	Expr : Expr . OR Expr  (68)
	Expr : '(' CLASS IDENTIFIER ')' Expr .  (78)
	Expr : Expr . MOMO Expr  (79)
	Expr : Expr . '[' Expr ']' DEFAULT Expr  (80)

	.  reduce 78


state 206
	Receiver : Expr . '.'  (47)
	LValue : Expr . '[' Expr ']'  (50)
	Expr : Expr . '+' Expr  (56)
	Expr : Expr . '-' Expr  (57)
	Expr : Expr . '*' Expr  (58)
	Expr : Expr . '/' Expr  (59)
	Expr : Expr . '%' Expr  (60)
	Expr : Expr . EQUAL Expr  (61)
	Expr : Expr . NOT_EQUAL Expr  (62)
	Expr : Expr . '<' Expr  (63)
	Expr : Expr . '>' Expr  (64)
	Expr : Expr . LESS_EQUAL Expr  (65)
	Expr : Expr . GREATER_EQUAL Expr  (66)
	Expr : Expr . AND Expr  (67)
	Expr : Expr . OR Expr  (68)
	Expr : Expr . MOMO Expr  (79)
	Expr : Expr . '[' Expr ']' DEFAULT Expr  (80)
	OCStmt : SCOPY '(' IDENTIFIER ',' Expr . ')'  (97)

	AND  shift 121
	OR  shift 122
	LESS_EQUAL  shift 123
	GREATER_EQUAL  shift 124
	EQUAL  shift 125
	NOT_EQUAL  shift 126
	'+'  shift 127
	'-'  shift 128
	'*'  shift 129
	'/'  shift 130
	'%'  shift 131
	'>'  shift 132
	'<'  shift 133
	'.'  shift 134
	')'  shift 214
	'['  shift 135
	MOMO  shift 136
	.  error


state 207
	ForeachStmt : FOREACH '(' BoundVariable IN Expr . WHILE Expr ')' StmtBlock  (40)
	ForeachStmt : FOREACH '(' BoundVariable IN Expr . ')' StmtBlock  (41)
	Receiver : Expr . '.'  (47)
	LValue : Expr . '[' Expr ']'  (50)
	Expr : Expr . '+' Expr  (56)
	Expr : Expr . '-' Expr  (57)
	Expr : Expr . '*' Expr  (58)
	Expr : Expr . '/' Expr  (59)
	Expr : Expr . '%' Expr  (60)
	Expr : Expr . EQUAL Expr  (61)
	Expr : Expr . NOT_EQUAL Expr  (62)
	Expr : Expr . '<' Expr  (63)
	Expr : Expr . '>' Expr  (64)
	Expr : Expr . LESS_EQUAL Expr  (65)
	Expr : Expr . GREATER_EQUAL Expr  (66)
	Expr : Expr . AND Expr  (67)
	Expr : Expr . OR Expr  (68)
	Expr : Expr . MOMO Expr  (79)
	Expr : Expr . '[' Expr ']' DEFAULT Expr  (80)

	WHILE  shift 215
	AND  shift 121
	OR  shift 122
	LESS_EQUAL  shift 123
	GREATER_EQUAL  shift 124
	EQUAL  shift 125
	NOT_EQUAL  shift 126
	'+'  shift 127
	'-'  shift 128
	'*'  shift 129
	'/'  shift 130
	'%'  shift 131
	'>'  shift 132
	'<'  shift 133
	'.'  shift 134
	')'  shift 216
	'['  shift 135
	MOMO  shift 136
	.  error


state 208
	Expr : Expr '[' Expr ']' DEFAULT . Expr  (80)
	Receiver : .  (48)

	NULL  shift 53
	THIS  shift 54
	NEW  shift 60
	READ_INTEGER  shift 62
	READ_LINE  shift 63
	LITERAL  shift 64
	INSTANCEOF  shift 65
	'-'  shift 66
	'!'  shift 67
	'('  shift 68
	'['  shift 69
	VAR  shift 72
	IDENTIFIER  reduce 48

	Expr  goto 217
	LValue  goto 98
	Call  goto 99
	Receiver  goto 90
	Constant  goto 91
	ArrayConstant  goto 92


state 209
	Call : Receiver IDENTIFIER '(' Actuals ')' .  (52)

	.  reduce 52


state 210
	ForStmt : FOR '(' SimpleStmt ';' Expr ';' . SimpleStmt ')' Stmt  (89)
	SimpleStmt : .  (46)
	Receiver : .  (48)

	NULL  shift 53
	THIS  shift 54
	NEW  shift 60
	READ_INTEGER  shift 62
	READ_LINE  shift 63
	LITERAL  shift 64
	INSTANCEOF  shift 65
	'-'  shift 66
	'!'  shift 67
	'('  shift 68
	'['  shift 69
	VAR  shift 72
	IDENTIFIER  reduce 48
	')'  reduce 46

	SimpleStmt  goto 218
	Expr  goto 87
	LValue  goto 88
	Call  goto 89
	Receiver  goto 90
	Constant  goto 91
	ArrayConstant  goto 92


state 211
	ElseClause : ELSE . Stmt  (92)
	SimpleStmt : .  (46)
	Receiver : .  (48)

	VOID  shift 17
	BOOL  shift 18
	INT  shift 19
	STRING  shift 20
	CLASS  shift 21
	NULL  shift 53
	THIS  shift 54
	WHILE  shift 55
	FOR  shift 56
	IF  shift 57
	RETURN  shift 58
	BREAK  shift 59
	NEW  shift 60
	PRINT  shift 61
	READ_INTEGER  shift 62
	READ_LINE  shift 63
	LITERAL  shift 64
	INSTANCEOF  shift 65
	'-'  shift 66
	'!'  shift 67
	'('  shift 68
	'['  shift 69
	'{'  shift 48
	SCOPY  shift 71
	VAR  shift 72
	FOREACH  shift 73
	IDENTIFIER  reduce 48
	';'  reduce 46

	VariableDef  goto 74
	Variable  goto 25
	Type  goto 40
	StmtBlock  goto 75
	Stmt  goto 219
	SimpleStmt  goto 77
	IfStmt  goto 78
	WhileStmt  goto 79
	ForStmt  goto 80
	ReturnStmt  goto 81
	PrintStmt  goto 82
	BreakStmt  goto 83
	OCStmt  goto 84
	GuardedStmt  goto 85
	ForeachStmt  goto 86
	Expr  goto 87
	LValue  goto 88
	Call  goto 89
	Receiver  goto 90
	Constant  goto 91
	ArrayConstant  goto 92


state 212
	IfStmt : IF '(' Expr ')' Stmt ElseClause .  (91)

	.  reduce 91


state 213
	Expr : INSTANCEOF '(' Expr ',' IDENTIFIER ')' .  (77)

	.  reduce 77


state 214
	OCStmt : SCOPY '(' IDENTIFIER ',' Expr ')' .  (97)

	.  reduce 97


state 215
	ForeachStmt : FOREACH '(' BoundVariable IN Expr WHILE . Expr ')' StmtBlock  (40)
	Receiver : .  (48)

	NULL  shift 53
	THIS  shift 54
	NEW  shift 60
	READ_INTEGER  shift 62
	READ_LINE  shift 63
	LITERAL  shift 64
	INSTANCEOF  shift 65
	'-'  shift 66
	'!'  shift 67
	'('  shift 68
	'['  shift 69
	VAR  shift 72
	IDENTIFIER  reduce 48

	Expr  goto 220
	LValue  goto 98
	Call  goto 99
	Receiver  goto 90
	Constant  goto 91
	ArrayConstant  goto 92


state 216
	ForeachStmt : FOREACH '(' BoundVariable IN Expr ')' . StmtBlock  (41)

	'{'  shift 48
	.  error

	StmtBlock  goto 221


state 217
	Receiver : Expr . '.'  (47)
	LValue : Expr . '[' Expr ']'  (50)
	Expr : Expr . '+' Expr  (56)
	Expr : Expr . '-' Expr  (57)
	Expr : Expr . '*' Expr  (58)
	Expr : Expr . '/' Expr  (59)
	Expr : Expr . '%' Expr  (60)
	Expr : Expr . EQUAL Expr  (61)
	Expr : Expr . NOT_EQUAL Expr  (62)
	Expr : Expr . '<' Expr  (63)
	Expr : Expr . '>' Expr  (64)
	Expr : Expr . LESS_EQUAL Expr  (65)
	Expr : Expr . GREATER_EQUAL Expr  (66)
	Expr : Expr . AND Expr  (67)
	Expr : Expr . OR Expr  (68)
	Expr : Expr . MOMO Expr  (79)
	Expr : Expr . '[' Expr ']' DEFAULT Expr  (80)
	Expr : Expr '[' Expr ']' DEFAULT Expr .  (80)

	'+'  shift 127
	'-'  shift 128
	'*'  shift 129
	'/'  shift 130
	'%'  shift 131
	'.'  shift 134
	'['  shift 135
	MOMO  shift 136
	WHILE  reduce 80
	AND  reduce 80
	OR  reduce 80
	LESS_EQUAL  reduce 80
	GREATER_EQUAL  reduce 80
	EQUAL  reduce 80
	NOT_EQUAL  reduce 80
	'>'  reduce 80
	'<'  reduce 80
	','  reduce 80
	';'  reduce 80
	')'  reduce 80
	']'  reduce 80
	':'  reduce 80


state 218
	ForStmt : FOR '(' SimpleStmt ';' Expr ';' SimpleStmt . ')' Stmt  (89)

	')'  shift 222
	.  error


state 219
	ElseClause : ELSE Stmt .  (92)

	.  reduce 92


state 220
	ForeachStmt : FOREACH '(' BoundVariable IN Expr WHILE Expr . ')' StmtBlock  (40)
	Receiver : Expr . '.'  (47)
	LValue : Expr . '[' Expr ']'  (50)
	Expr : Expr . '+' Expr  (56)
	Expr : Expr . '-' Expr  (57)
	Expr : Expr . '*' Expr  (58)
	Expr : Expr . '/' Expr  (59)
	Expr : Expr . '%' Expr  (60)
	Expr : Expr . EQUAL Expr  (61)
	Expr : Expr . NOT_EQUAL Expr  (62)
	Expr : Expr . '<' Expr  (63)
	Expr : Expr . '>' Expr  (64)
	Expr : Expr . LESS_EQUAL Expr  (65)
	Expr : Expr . GREATER_EQUAL Expr  (66)
	Expr : Expr . AND Expr  (67)
	Expr : Expr . OR Expr  (68)
	Expr : Expr . MOMO Expr  (79)
	Expr : Expr . '[' Expr ']' DEFAULT Expr  (80)

	AND  shift 121
	OR  shift 122
	LESS_EQUAL  shift 123
	GREATER_EQUAL  shift 124
	EQUAL  shift 125
	NOT_EQUAL  shift 126
	'+'  shift 127
	'-'  shift 128
	'*'  shift 129
	'/'  shift 130
	'%'  shift 131
	'>'  shift 132
	'<'  shift 133
	'.'  shift 134
	')'  shift 223
	'['  shift 135
	MOMO  shift 136
	.  error


state 221
	ForeachStmt : FOREACH '(' BoundVariable IN Expr ')' StmtBlock .  (41)

	.  reduce 41


state 222
	ForStmt : FOR '(' SimpleStmt ';' Expr ';' SimpleStmt ')' . Stmt  (89)
	SimpleStmt : .  (46)
	Receiver : .  (48)

	VOID  shift 17
	BOOL  shift 18
	INT  shift 19
	STRING  shift 20
	CLASS  shift 21
	NULL  shift 53
	THIS  shift 54
	WHILE  shift 55
	FOR  shift 56
	IF  shift 57
	RETURN  shift 58
	BREAK  shift 59
	NEW  shift 60
	PRINT  shift 61
	READ_INTEGER  shift 62
	READ_LINE  shift 63
	LITERAL  shift 64
	INSTANCEOF  shift 65
	'-'  shift 66
	'!'  shift 67
	'('  shift 68
	'['  shift 69
	'{'  shift 48
	SCOPY  shift 71
	VAR  shift 72
	FOREACH  shift 73
	IDENTIFIER  reduce 48
	';'  reduce 46

	VariableDef  goto 74
	Variable  goto 25
	Type  goto 40
	StmtBlock  goto 75
	Stmt  goto 224
	SimpleStmt  goto 77
	IfStmt  goto 78
	WhileStmt  goto 79
	ForStmt  goto 80
	ReturnStmt  goto 81
	PrintStmt  goto 82
	BreakStmt  goto 83
	OCStmt  goto 84
	GuardedStmt  goto 85
	ForeachStmt  goto 86
	Expr  goto 87
	LValue  goto 88
	Call  goto 89
	Receiver  goto 90
	Constant  goto 91
	ArrayConstant  goto 92


state 223
	ForeachStmt : FOREACH '(' BoundVariable IN Expr WHILE Expr ')' . StmtBlock  (40)

	'{'  shift 48
	.  error

	StmtBlock  goto 225


state 224
	ForStmt : FOR '(' SimpleStmt ';' Expr ';' SimpleStmt ')' Stmt .  (89)

	.  reduce 89


state 225
	ForeachStmt : FOREACH '(' BoundVariable IN Expr WHILE Expr ')' StmtBlock .  (40)

	.  reduce 40


62 terminals, 38 nonterminals
107 grammar rules, 226 states
