   0  $accept : Program $end

   1  Program : ClassList

   2  ClassList : ClassList ClassDef
   3            | ClassDef

   4  VariableDef : Variable ';'

   5  Variable : Type IDENTIFIER

   6  Type : INT
   7       | VOID
   8       | BOOL
   9       | STRING
  10       | CLASS IDENTIFIER
  11       | Type '[' ']'

  12  ClassDef : CLASS IDENTIFIER ExtendsClause '{' FieldList '}'
  13           | SEALED CLASS IDENTIFIER ExtendsClause '{' FieldList '}'

  14  ExtendsClause : EXTENDS IDENTIFIER
  15                |

  16  FieldList : FieldList VariableDef
  17            | FieldList FunctionDef
  18            |

  19  Formals : VariableList
  20          |

  21  VariableList : VariableList ',' Variable
  22               | Variable

  23  FunctionDef : STATIC Type IDENTIFIER '(' Formals ')' StmtBlock
  24              | Type IDENTIFIER '(' Formals ')' StmtBlock

  25  StmtBlock : '{' StmtList '}'

  26  StmtList : StmtList Stmt
  27           |

  28  Stmt : VariableDef
  29       | SimpleStmt ';'
  30       | IfStmt
  31       | WhileStmt
  32       | ForStmt
  33       | ReturnStmt ';'
  34       | PrintStmt ';'
  35       | BreakStmt ';'
  36       | StmtBlock
  37       | OCStmt ';'
  38       | GuardedStmt
  39       | ForeachStmt

  40  ForeachStmt : FOREACH '(' VAR IDENTIFIER IN Expr WHILE Expr ')' StmtBlock
  41              | FOREACH '(' VAR IDENTIFIER IN Expr ')' StmtBlock
  42              | FOREACH '(' Type IDENTIFIER IN Expr WHILE Expr ')' StmtBlock
  43              | FOREACH '(' Type IDENTIFIER IN Expr ')' StmtBlock

  44  SimpleStmt : LValue '=' Expr
  45             | Call
  46             |

  47  Receiver : Expr '.'
  48           |

  49  LValue : Receiver IDENTIFIER
  50         | Expr '[' Expr ']'
  51         | VAR IDENTIFIER

  52  Call : Receiver IDENTIFIER '(' Actuals ')'

  53  Expr : LValue
  54       | Call
  55       | Constant
  56       | Expr '+' Expr
  57       | Expr '-' Expr
  58       | Expr '*' Expr
  59       | Expr '/' Expr
  60       | Expr '%' Expr
  61       | Expr EQUAL Expr
  62       | Expr NOT_EQUAL Expr
  63       | Expr '<' Expr
  64       | Expr '>' Expr
  65       | Expr LESS_EQUAL Expr
  66       | Expr GREATER_EQUAL Expr
  67       | Expr AND Expr
  68       | Expr OR Expr
  69       | '(' Expr ')'
  70       | '-' Expr
  71       | '!' Expr
  72       | READ_INTEGER '(' ')'
  73       | READ_LINE '(' ')'
  74       | THIS
  75       | NEW IDENTIFIER '(' ')'
  76       | NEW Type '[' Expr ']'
  77       | INSTANCEOF '(' Expr ',' IDENTIFIER ')'
  78       | '(' CLASS IDENTIFIER ')' Expr
  79       | Expr MOMO Expr
  80       | Expr PLUSPLUS Expr
  81       | Expr '[' Expr ':' Expr ']'
  82       | Expr '[' Expr ']' DEFAULT Expr
  83       | '[' Expr FOR IDENTIFIER IN Expr ']'
  84       | '[' Expr FOR IDENTIFIER IN Expr IF Expr ']'

  85  Constant : LITERAL
  86           | NULL
  87           | ArrayConstant

  88  Actuals : ExprList
  89          |

  90  ExprList : ExprList ',' Expr
  91           | Expr

  92  WhileStmt : WHILE '(' Expr ')' Stmt

  93  ForStmt : FOR '(' SimpleStmt ';' Expr ';' SimpleStmt ')' Stmt

  94  BreakStmt : BREAK

  95  IfStmt : IF '(' Expr ')' Stmt ElseClause

  96  ElseClause : ELSE Stmt
  97             |

  98  ReturnStmt : RETURN Expr
  99             | RETURN

 100  PrintStmt : PRINT '(' ExprList ')'

 101  OCStmt : SCOPY '(' IDENTIFIER ',' Expr ')'

 102  GuardedStmt : IF '{' IfBranches '}'

 103  IfBranches : IfBranches GUARD IfSubStmt
 104             | IfSubStmt
 105             |

 106  IfSubStmt : Expr ':' Stmt

 107  ArrayConstant : '[' Constants ']'
 108                | '[' ']'

 109  Constants : Constant ',' Constants
 110            | Constant

state 0
	$accept : . Program $end  (0)

	CLASS  shift 1
	SEALED  shift 2
	.  error

	Program  goto 3
	ClassList  goto 4
	ClassDef  goto 5


state 1
	ClassDef : CLASS . IDENTIFIER ExtendsClause '{' FieldList '}'  (12)

	IDENTIFIER  shift 6
	.  error


state 2
	ClassDef : SEALED . CLASS IDENTIFIER ExtendsClause '{' FieldList '}'  (13)

	CLASS  shift 7
	.  error


state 3
	$accept : Program . $end  (0)

	$end  accept


state 4
	Program : ClassList .  (1)
	ClassList : ClassList . ClassDef  (2)

	CLASS  shift 1
	SEALED  shift 2
	$end  reduce 1

	ClassDef  goto 8


state 5
	ClassList : ClassDef .  (3)

	.  reduce 3


state 6
	ClassDef : CLASS IDENTIFIER . ExtendsClause '{' FieldList '}'  (12)
	ExtendsClause : .  (15)

	EXTENDS  shift 9
	'{'  reduce 15

	ExtendsClause  goto 10


state 7
	ClassDef : SEALED CLASS . IDENTIFIER ExtendsClause '{' FieldList '}'  (13)

	IDENTIFIER  shift 11
	.  error


state 8
	ClassList : ClassList ClassDef .  (2)

	.  reduce 2


state 9
	ExtendsClause : EXTENDS . IDENTIFIER  (14)

	IDENTIFIER  shift 12
	.  error


state 10
	ClassDef : CLASS IDENTIFIER ExtendsClause . '{' FieldList '}'  (12)

	'{'  shift 13
	.  error


state 11
	ClassDef : SEALED CLASS IDENTIFIER . ExtendsClause '{' FieldList '}'  (13)
	ExtendsClause : .  (15)

	EXTENDS  shift 9
	'{'  reduce 15

	ExtendsClause  goto 14


state 12
	ExtendsClause : EXTENDS IDENTIFIER .  (14)

	.  reduce 14


state 13
	ClassDef : CLASS IDENTIFIER ExtendsClause '{' . FieldList '}'  (12)
	FieldList : .  (18)

	.  reduce 18

	FieldList  goto 15


state 14
	ClassDef : SEALED CLASS IDENTIFIER ExtendsClause . '{' FieldList '}'  (13)

	'{'  shift 16
	.  error


state 15
	ClassDef : CLASS IDENTIFIER ExtendsClause '{' FieldList . '}'  (12)
	FieldList : FieldList . VariableDef  (16)
	FieldList : FieldList . FunctionDef  (17)

	VOID  shift 17
	BOOL  shift 18
	INT  shift 19
	STRING  shift 20
	CLASS  shift 21
	STATIC  shift 22
	'}'  shift 23
	.  error

	VariableDef  goto 24
	Variable  goto 25
	Type  goto 26
	FunctionDef  goto 27


state 16
	ClassDef : SEALED CLASS IDENTIFIER ExtendsClause '{' . FieldList '}'  (13)
	FieldList : .  (18)

	.  reduce 18

	FieldList  goto 28


state 17
	Type : VOID .  (7)

	.  reduce 7


state 18
	Type : BOOL .  (8)

	.  reduce 8


state 19
	Type : INT .  (6)

	.  reduce 6


state 20
	Type : STRING .  (9)

	.  reduce 9


state 21
	Type : CLASS . IDENTIFIER  (10)

	IDENTIFIER  shift 29
	.  error


state 22
	FunctionDef : STATIC . Type IDENTIFIER '(' Formals ')' StmtBlock  (23)

	VOID  shift 17
	BOOL  shift 18
	INT  shift 19
	STRING  shift 20
	CLASS  shift 21
	.  error

	Type  goto 30


state 23
	ClassDef : CLASS IDENTIFIER ExtendsClause '{' FieldList '}' .  (12)

	.  reduce 12


state 24
	FieldList : FieldList VariableDef .  (16)

	.  reduce 16


state 25
	VariableDef : Variable . ';'  (4)

	';'  shift 31
	.  error


state 26
	Variable : Type . IDENTIFIER  (5)
	Type : Type . '[' ']'  (11)
	FunctionDef : Type . IDENTIFIER '(' Formals ')' StmtBlock  (24)

	IDENTIFIER  shift 32
	'['  shift 33
	.  error


state 27
	FieldList : FieldList FunctionDef .  (17)

	.  reduce 17


state 28
	ClassDef : SEALED CLASS IDENTIFIER ExtendsClause '{' FieldList . '}'  (13)
	FieldList : FieldList . VariableDef  (16)
	FieldList : FieldList . FunctionDef  (17)

	VOID  shift 17
	BOOL  shift 18
	INT  shift 19
	STRING  shift 20
	CLASS  shift 21
	STATIC  shift 22
	'}'  shift 34
	.  error

	VariableDef  goto 24
	Variable  goto 25
	Type  goto 26
	FunctionDef  goto 27


state 29
	Type : CLASS IDENTIFIER .  (10)

	.  reduce 10


state 30
	Type : Type . '[' ']'  (11)
	FunctionDef : STATIC Type . IDENTIFIER '(' Formals ')' StmtBlock  (23)

	IDENTIFIER  shift 35
	'['  shift 33
	.  error


state 31
	VariableDef : Variable ';' .  (4)

	.  reduce 4


state 32
	Variable : Type IDENTIFIER .  (5)
	FunctionDef : Type IDENTIFIER . '(' Formals ')' StmtBlock  (24)

	'('  shift 36
	';'  reduce 5


state 33
	Type : Type '[' . ']'  (11)

	']'  shift 37
	.  error


state 34
	ClassDef : SEALED CLASS IDENTIFIER ExtendsClause '{' FieldList '}' .  (13)

	.  reduce 13


state 35
	FunctionDef : STATIC Type IDENTIFIER . '(' Formals ')' StmtBlock  (23)

	'('  shift 38
	.  error


state 36
	FunctionDef : Type IDENTIFIER '(' . Formals ')' StmtBlock  (24)
	Formals : .  (20)

	VOID  shift 17
	BOOL  shift 18
	INT  shift 19
	STRING  shift 20
	CLASS  shift 21
	')'  reduce 20

	Variable  goto 39
	Type  goto 40
	Formals  goto 41
	VariableList  goto 42


state 37
	Type : Type '[' ']' .  (11)

	.  reduce 11


state 38
	FunctionDef : STATIC Type IDENTIFIER '(' . Formals ')' StmtBlock  (23)
	Formals : .  (20)

	VOID  shift 17
	BOOL  shift 18
	INT  shift 19
	STRING  shift 20
	CLASS  shift 21
	')'  reduce 20

	Variable  goto 39
	Type  goto 40
	Formals  goto 43
	VariableList  goto 42


state 39
	VariableList : Variable .  (22)

	.  reduce 22


state 40
	Variable : Type . IDENTIFIER  (5)
	Type : Type . '[' ']'  (11)

	IDENTIFIER  shift 44
	'['  shift 33
	.  error


state 41
	FunctionDef : Type IDENTIFIER '(' Formals . ')' StmtBlock  (24)

	')'  shift 45
	.  error


state 42
	Formals : VariableList .  (19)
	VariableList : VariableList . ',' Variable  (21)

	','  shift 46
	')'  reduce 19


state 43
	FunctionDef : STATIC Type IDENTIFIER '(' Formals . ')' StmtBlock  (23)

	')'  shift 47
	.  error


state 44
	Variable : Type IDENTIFIER .  (5)

	.  reduce 5


state 45
	FunctionDef : Type IDENTIFIER '(' Formals ')' . StmtBlock  (24)

	'{'  shift 48
	.  error

	StmtBlock  goto 49


state 46
	VariableList : VariableList ',' . Variable  (21)

	VOID  shift 17
	BOOL  shift 18
	INT  shift 19
	STRING  shift 20
	CLASS  shift 21
	.  error

	Variable  goto 50
	Type  goto 40


state 47
	FunctionDef : STATIC Type IDENTIFIER '(' Formals ')' . StmtBlock  (23)

	'{'  shift 48
	.  error

	StmtBlock  goto 51


state 48
	StmtBlock : '{' . StmtList '}'  (25)
	StmtList : .  (27)

	.  reduce 27

	StmtList  goto 52


state 49
	FunctionDef : Type IDENTIFIER '(' Formals ')' StmtBlock .  (24)

	.  reduce 24


state 50
	VariableList : VariableList ',' Variable .  (21)

	.  reduce 21


state 51
	FunctionDef : STATIC Type IDENTIFIER '(' Formals ')' StmtBlock .  (23)

	.  reduce 23


state 52
	StmtBlock : '{' StmtList . '}'  (25)
	StmtList : StmtList . Stmt  (26)
	SimpleStmt : .  (46)
	Receiver : .  (48)

	VOID  shift 17
	BOOL  shift 18
	INT  shift 19
	STRING  shift 20
	CLASS  shift 21
	NULL  shift 53
	THIS  shift 54
	WHILE  shift 55
	FOR  shift 56
	IF  shift 57
	RETURN  shift 58
	BREAK  shift 59
	NEW  shift 60
	PRINT  shift 61
	READ_INTEGER  shift 62
	READ_LINE  shift 63
	LITERAL  shift 64
	INSTANCEOF  shift 65
	'-'  shift 66
	'!'  shift 67
	'('  shift 68
	'['  shift 69
	'{'  shift 48
	'}'  shift 70
	SCOPY  shift 71
	VAR  shift 72
	FOREACH  shift 73
	IDENTIFIER  reduce 48
	';'  reduce 46

	VariableDef  goto 74
	Variable  goto 25
	Type  goto 40
	StmtBlock  goto 75
	Stmt  goto 76
	SimpleStmt  goto 77
	IfStmt  goto 78
	WhileStmt  goto 79
	ForStmt  goto 80
	ReturnStmt  goto 81
	PrintStmt  goto 82
	BreakStmt  goto 83
	OCStmt  goto 84
	GuardedStmt  goto 85
	ForeachStmt  goto 86
	Expr  goto 87
	LValue  goto 88
	Call  goto 89
	Receiver  goto 90
	Constant  goto 91
	ArrayConstant  goto 92


state 53
	Constant : NULL .  (86)

	.  reduce 86


state 54
	Expr : THIS .  (74)

	.  reduce 74


state 55
	WhileStmt : WHILE . '(' Expr ')' Stmt  (92)

	'('  shift 93
	.  error


state 56
	ForStmt : FOR . '(' SimpleStmt ';' Expr ';' SimpleStmt ')' Stmt  (93)

	'('  shift 94
	.  error


state 57
	IfStmt : IF . '(' Expr ')' Stmt ElseClause  (95)
	GuardedStmt : IF . '{' IfBranches '}'  (102)

	'('  shift 95
	'{'  shift 96
	.  error


state 58
	ReturnStmt : RETURN . Expr  (98)
	ReturnStmt : RETURN .  (99)
	Receiver : .  (48)

	NULL  shift 53
	THIS  shift 54
	NEW  shift 60
	READ_INTEGER  shift 62
	READ_LINE  shift 63
	LITERAL  shift 64
	INSTANCEOF  shift 65
	'-'  shift 66
	'!'  shift 67
	'('  shift 68
	'['  shift 69
	VAR  shift 72
	IDENTIFIER  reduce 48
	';'  reduce 99

	Expr  goto 97
	LValue  goto 98
	Call  goto 99
	Receiver  goto 90
	Constant  goto 91
	ArrayConstant  goto 92


state 59
	BreakStmt : BREAK .  (94)

	.  reduce 94


state 60
	Expr : NEW . IDENTIFIER '(' ')'  (75)
	Expr : NEW . Type '[' Expr ']'  (76)

	VOID  shift 17
	BOOL  shift 18
	INT  shift 19
	STRING  shift 20
	CLASS  shift 21
	IDENTIFIER  shift 100
	.  error

	Type  goto 101


state 61
	PrintStmt : PRINT . '(' ExprList ')'  (100)

	'('  shift 102
	.  error


state 62
	Expr : READ_INTEGER . '(' ')'  (72)

	'('  shift 103
	.  error


state 63
	Expr : READ_LINE . '(' ')'  (73)

	'('  shift 104
	.  error


state 64
	Constant : LITERAL .  (85)

	.  reduce 85


state 65
	Expr : INSTANCEOF . '(' Expr ',' IDENTIFIER ')'  (77)

	'('  shift 105
	.  error


state 66
	Expr : '-' . Expr  (70)
	Receiver : .  (48)

	NULL  shift 53
	THIS  shift 54
	NEW  shift 60
	READ_INTEGER  shift 62
	READ_LINE  shift 63
	LITERAL  shift 64
	INSTANCEOF  shift 65
	'-'  shift 66
	'!'  shift 67
	'('  shift 68
	'['  shift 69
	VAR  shift 72
	IDENTIFIER  reduce 48

	Expr  goto 106
	LValue  goto 98
	Call  goto 99
	Receiver  goto 90
	Constant  goto 91
	ArrayConstant  goto 92


state 67
	Expr : '!' . Expr  (71)
	Receiver : .  (48)

	NULL  shift 53
	THIS  shift 54
	NEW  shift 60
	READ_INTEGER  shift 62
	READ_LINE  shift 63
	LITERAL  shift 64
	INSTANCEOF  shift 65
	'-'  shift 66
	'!'  shift 67
	'('  shift 68
	'['  shift 69
	VAR  shift 72
	IDENTIFIER  reduce 48

	Expr  goto 107
	LValue  goto 98
	Call  goto 99
	Receiver  goto 90
	Constant  goto 91
	ArrayConstant  goto 92


state 68
	Expr : '(' . Expr ')'  (69)
	Expr : '(' . CLASS IDENTIFIER ')' Expr  (78)
	Receiver : .  (48)

	CLASS  shift 108
	NULL  shift 53
	THIS  shift 54
	NEW  shift 60
	READ_INTEGER  shift 62
	READ_LINE  shift 63
	LITERAL  shift 64
	INSTANCEOF  shift 65
	'-'  shift 66
	'!'  shift 67
	'('  shift 68
	'['  shift 69
	VAR  shift 72
	IDENTIFIER  reduce 48

	Expr  goto 109
	LValue  goto 98
	Call  goto 99
	Receiver  goto 90
	Constant  goto 91
	ArrayConstant  goto 92


state 69
	Expr : '[' . Expr FOR IDENTIFIER IN Expr ']'  (83)
	Expr : '[' . Expr FOR IDENTIFIER IN Expr IF Expr ']'  (84)
	ArrayConstant : '[' . Constants ']'  (107)
	ArrayConstant : '[' . ']'  (108)
	Receiver : .  (48)

	NULL  shift 53
	THIS  shift 54
	NEW  shift 60
	READ_INTEGER  shift 62
	READ_LINE  shift 63
	LITERAL  shift 64
	INSTANCEOF  shift 65
	'-'  shift 66
	'!'  shift 67
	'('  shift 68
	'['  shift 69
	']'  shift 110
	VAR  shift 72
	IDENTIFIER  reduce 48

	Expr  goto 111
	LValue  goto 98
	Call  goto 99
	Receiver  goto 90
	Constant  goto 112
	ArrayConstant  goto 92
	Constants  goto 113


state 70
	StmtBlock : '{' StmtList '}' .  (25)

	.  reduce 25


state 71
	OCStmt : SCOPY . '(' IDENTIFIER ',' Expr ')'  (101)

	'('  shift 114
	.  error


state 72
	LValue : VAR . IDENTIFIER  (51)

	IDENTIFIER  shift 115
	.  error


state 73
	ForeachStmt : FOREACH . '(' VAR IDENTIFIER IN Expr WHILE Expr ')' StmtBlock  (40)
	ForeachStmt : FOREACH . '(' VAR IDENTIFIER IN Expr ')' StmtBlock  (41)
	ForeachStmt : FOREACH . '(' Type IDENTIFIER IN Expr WHILE Expr ')' StmtBlock  (42)
	ForeachStmt : FOREACH . '(' Type IDENTIFIER IN Expr ')' StmtBlock  (43)

	'('  shift 116
	.  error


state 74
	Stmt : VariableDef .  (28)

	.  reduce 28


state 75
	Stmt : StmtBlock .  (36)

	.  reduce 36


state 76
	StmtList : StmtList Stmt .  (26)

	.  reduce 26


state 77
	Stmt : SimpleStmt . ';'  (29)

	';'  shift 117
	.  error


state 78
	Stmt : IfStmt .  (30)

	.  reduce 30


state 79
	Stmt : WhileStmt .  (31)

	.  reduce 31


state 80
	Stmt : ForStmt .  (32)

	.  reduce 32


state 81
	Stmt : ReturnStmt . ';'  (33)

	';'  shift 118
	.  error


state 82
	Stmt : PrintStmt . ';'  (34)

	';'  shift 119
	.  error


state 83
	Stmt : BreakStmt . ';'  (35)

	';'  shift 120
	.  error


state 84
	Stmt : OCStmt . ';'  (37)

	';'  shift 121
	.  error


state 85
	Stmt : GuardedStmt .  (38)

	.  reduce 38


state 86
	Stmt : ForeachStmt .  (39)

	.  reduce 39


state 87
	Receiver : Expr . '.'  (47)
	LValue : Expr . '[' Expr ']'  (50)
	Expr : Expr . '+' Expr  (56)
	Expr : Expr . '-' Expr  (57)
	Expr : Expr . '*' Expr  (58)
	Expr : Expr . '/' Expr  (59)
	Expr : Expr . '%' Expr  (60)
	Expr : Expr . EQUAL Expr  (61)
	Expr : Expr . NOT_EQUAL Expr  (62)
	Expr : Expr . '<' Expr  (63)
	Expr : Expr . '>' Expr  (64)
	Expr : Expr . LESS_EQUAL Expr  (65)
	Expr : Expr . GREATER_EQUAL Expr  (66)
	Expr : Expr . AND Expr  (67)
	Expr : Expr . OR Expr  (68)
	Expr : Expr . MOMO Expr  (79)
	Expr : Expr . PLUSPLUS Expr  (80)
	Expr : Expr . '[' Expr ':' Expr ']'  (81)
	Expr : Expr . '[' Expr ']' DEFAULT Expr  (82)

	AND  shift 122
	OR  shift 123
	LESS_EQUAL  shift 124
	GREATER_EQUAL  shift 125
	EQUAL  shift 126
	NOT_EQUAL  shift 127
	'+'  shift 128
	'-'  shift 129
	'*'  shift 130
	'/'  shift 131
	'%'  shift 132
	'>'  shift 133
	'<'  shift 134
	'.'  shift 135
	'['  shift 136
	MOMO  shift 137
	PLUSPLUS  shift 138
	.  error


state 88
	SimpleStmt : LValue . '=' Expr  (44)
	Expr : LValue .  (53)

	'='  shift 139
	AND  reduce 53
	OR  reduce 53
	LESS_EQUAL  reduce 53
	GREATER_EQUAL  reduce 53
	EQUAL  reduce 53
	NOT_EQUAL  reduce 53
	'+'  reduce 53
	'-'  reduce 53
	'*'  reduce 53
	'/'  reduce 53
	'%'  reduce 53
	'>'  reduce 53
	'<'  reduce 53
	'.'  reduce 53
	'['  reduce 53
	MOMO  reduce 53
	PLUSPLUS  reduce 53


state 89
	SimpleStmt : Call .  (45)
	Expr : Call .  (54)

	AND  reduce 54
	OR  reduce 54
	LESS_EQUAL  reduce 54
	GREATER_EQUAL  reduce 54
	EQUAL  reduce 54
	NOT_EQUAL  reduce 54
	'+'  reduce 54
	'-'  reduce 54
	'*'  reduce 54
	'/'  reduce 54
	'%'  reduce 54
	'>'  reduce 54
	'<'  reduce 54
	'.'  reduce 54
	';'  reduce 45
	')'  reduce 45
	'['  reduce 54
	MOMO  reduce 54
	PLUSPLUS  reduce 54


state 90
	LValue : Receiver . IDENTIFIER  (49)
	Call : Receiver . IDENTIFIER '(' Actuals ')'  (52)

	IDENTIFIER  shift 140
	.  error


state 91
	Expr : Constant .  (55)

	.  reduce 55


state 92
	Constant : ArrayConstant .  (87)

	.  reduce 87


state 93
	WhileStmt : WHILE '(' . Expr ')' Stmt  (92)
	Receiver : .  (48)

	NULL  shift 53
	THIS  shift 54
	NEW  shift 60
	READ_INTEGER  shift 62
	READ_LINE  shift 63
	LITERAL  shift 64
	INSTANCEOF  shift 65
	'-'  shift 66
	'!'  shift 67
	'('  shift 68
	'['  shift 69
	VAR  shift 72
	IDENTIFIER  reduce 48

	Expr  goto 141
	LValue  goto 98
	Call  goto 99
	Receiver  goto 90
	Constant  goto 91
	ArrayConstant  goto 92


state 94
	ForStmt : FOR '(' . SimpleStmt ';' Expr ';' SimpleStmt ')' Stmt  (93)
	SimpleStmt : .  (46)
	Receiver : .  (48)

	NULL  shift 53
	THIS  shift 54
	NEW  shift 60
	READ_INTEGER  shift 62
	READ_LINE  shift 63
	LITERAL  shift 64
	INSTANCEOF  shift 65
	'-'  shift 66
	'!'  shift 67
	'('  shift 68
	'['  shift 69
	VAR  shift 72
	IDENTIFIER  reduce 48
	';'  reduce 46

	SimpleStmt  goto 142
	Expr  goto 87
	LValue  goto 88
	Call  goto 89
	Receiver  goto 90
	Constant  goto 91
	ArrayConstant  goto 92


state 95
	IfStmt : IF '(' . Expr ')' Stmt ElseClause  (95)
	Receiver : .  (48)

	NULL  shift 53
	THIS  shift 54
	NEW  shift 60
	READ_INTEGER  shift 62
	READ_LINE  shift 63
	LITERAL  shift 64
	INSTANCEOF  shift 65
	'-'  shift 66
	'!'  shift 67
	'('  shift 68
	'['  shift 69
	VAR  shift 72
	IDENTIFIER  reduce 48

	Expr  goto 143
	LValue  goto 98
	Call  goto 99
	Receiver  goto 90
	Constant  goto 91
	ArrayConstant  goto 92


state 96
	GuardedStmt : IF '{' . IfBranches '}'  (102)
	Receiver : .  (48)
	IfBranches : .  (105)

	NULL  shift 53
	THIS  shift 54
	NEW  shift 60
	READ_INTEGER  shift 62
	READ_LINE  shift 63
	LITERAL  shift 64
	INSTANCEOF  shift 65
	'-'  shift 66
	'!'  shift 67
	'('  shift 68
	'['  shift 69
	VAR  shift 72
	IDENTIFIER  reduce 48
	'}'  reduce 105
	GUARD  reduce 105

	Expr  goto 144
	LValue  goto 98
	Call  goto 99
	Receiver  goto 90
	Constant  goto 91
	ArrayConstant  goto 92
	IfBranches  goto 145
	IfSubStmt  goto 146


state 97
	Receiver : Expr . '.'  (47)
	LValue : Expr . '[' Expr ']'  (50)
	Expr : Expr . '+' Expr  (56)
	Expr : Expr . '-' Expr  (57)
	Expr : Expr . '*' Expr  (58)
	Expr : Expr . '/' Expr  (59)
	Expr : Expr . '%' Expr  (60)
	Expr : Expr . EQUAL Expr  (61)
	Expr : Expr . NOT_EQUAL Expr  (62)
	Expr : Expr . '<' Expr  (63)
	Expr : Expr . '>' Expr  (64)
	Expr : Expr . LESS_EQUAL Expr  (65)
	Expr : Expr . GREATER_EQUAL Expr  (66)
	Expr : Expr . AND Expr  (67)
	Expr : Expr . OR Expr  (68)
	Expr : Expr . MOMO Expr  (79)
	Expr : Expr . PLUSPLUS Expr  (80)
	Expr : Expr . '[' Expr ':' Expr ']'  (81)
	Expr : Expr . '[' Expr ']' DEFAULT Expr  (82)
	ReturnStmt : RETURN Expr .  (98)

	AND  shift 122
	OR  shift 123
	LESS_EQUAL  shift 124
	GREATER_EQUAL  shift 125
	EQUAL  shift 126
	NOT_EQUAL  shift 127
	'+'  shift 128
	'-'  shift 129
	'*'  shift 130
	'/'  shift 131
	'%'  shift 132
	'>'  shift 133
	'<'  shift 134
	'.'  shift 135
	'['  shift 136
	MOMO  shift 137
	PLUSPLUS  shift 138
	';'  reduce 98


state 98
	Expr : LValue .  (53)

	.  reduce 53


state 99
	Expr : Call .  (54)

	.  reduce 54


state 100
	Expr : NEW IDENTIFIER . '(' ')'  (75)

	'('  shift 147
	.  error


state 101
	Type : Type . '[' ']'  (11)
	Expr : NEW Type . '[' Expr ']'  (76)

	'['  shift 148
	.  error


state 102
	PrintStmt : PRINT '(' . ExprList ')'  (100)
	Receiver : .  (48)

	NULL  shift 53
	THIS  shift 54
	NEW  shift 60
	READ_INTEGER  shift 62
	READ_LINE  shift 63
	LITERAL  shift 64
	INSTANCEOF  shift 65
	'-'  shift 66
	'!'  shift 67
	'('  shift 68
	'['  shift 69
	VAR  shift 72
	IDENTIFIER  reduce 48

	Expr  goto 149
	LValue  goto 98
	Call  goto 99
	Receiver  goto 90
	Constant  goto 91
	ArrayConstant  goto 92
	ExprList  goto 150


state 103
	Expr : READ_INTEGER '(' . ')'  (72)

	')'  shift 151
	.  error


state 104
	Expr : READ_LINE '(' . ')'  (73)

	')'  shift 152
	.  error


state 105
	Expr : INSTANCEOF '(' . Expr ',' IDENTIFIER ')'  (77)
	Receiver : .  (48)

	NULL  shift 53
	THIS  shift 54
	NEW  shift 60
	READ_INTEGER  shift 62
	READ_LINE  shift 63
	LITERAL  shift 64
	INSTANCEOF  shift 65
	'-'  shift 66
	'!'  shift 67
	'('  shift 68
	'['  shift 69
	VAR  shift 72
	IDENTIFIER  reduce 48

	Expr  goto 153
	LValue  goto 98
	Call  goto 99
	Receiver  goto 90
	Constant  goto 91
	ArrayConstant  goto 92


state 106
	Receiver : Expr . '.'  (47)
	LValue : Expr . '[' Expr ']'  (50)
	Expr : Expr . '+' Expr  (56)
	Expr : Expr . '-' Expr  (57)
	Expr : Expr . '*' Expr  (58)
	Expr : Expr . '/' Expr  (59)
	Expr : Expr . '%' Expr  (60)
	Expr : Expr . EQUAL Expr  (61)
	Expr : Expr . NOT_EQUAL Expr  (62)
	Expr : Expr . '<' Expr  (63)
	Expr : Expr . '>' Expr  (64)
	Expr : Expr . LESS_EQUAL Expr  (65)
	Expr : Expr . GREATER_EQUAL Expr  (66)
	Expr : Expr . AND Expr  (67)
	Expr : Expr . OR Expr  (68)
	Expr : '-' Expr .  (70)
	Expr : Expr . MOMO Expr  (79)
	Expr : Expr . PLUSPLUS Expr  (80)
	Expr : Expr . '[' Expr ':' Expr ']'  (81)
	Expr : Expr . '[' Expr ']' DEFAULT Expr  (82)

	'.'  shift 135
	'['  shift 136
	WHILE  reduce 70
	FOR  reduce 70
	IF  reduce 70
	AND  reduce 70
	OR  reduce 70
	LESS_EQUAL  reduce 70
	GREATER_EQUAL  reduce 70
	EQUAL  reduce 70
	NOT_EQUAL  reduce 70
	'+'  reduce 70
	'-'  reduce 70
	'*'  reduce 70
	'/'  reduce 70
	'%'  reduce 70
	'>'  reduce 70
	'<'  reduce 70
	','  reduce 70
	';'  reduce 70
	')'  reduce 70
	']'  reduce 70
	':'  reduce 70
	MOMO  reduce 70
	PLUSPLUS  reduce 70


state 107
	Receiver : Expr . '.'  (47)
	LValue : Expr . '[' Expr ']'  (50)
	Expr : Expr . '+' Expr  (56)
	Expr : Expr . '-' Expr  (57)
	Expr : Expr . '*' Expr  (58)
	Expr : Expr . '/' Expr  (59)
	Expr : Expr . '%' Expr  (60)
	Expr : Expr . EQUAL Expr  (61)
	Expr : Expr . NOT_EQUAL Expr  (62)
	Expr : Expr . '<' Expr  (63)
	Expr : Expr . '>' Expr  (64)
	Expr : Expr . LESS_EQUAL Expr  (65)
	Expr : Expr . GREATER_EQUAL Expr  (66)
	Expr : Expr . AND Expr  (67)
	Expr : Expr . OR Expr  (68)
	Expr : '!' Expr .  (71)
	Expr : Expr . MOMO Expr  (79)
	Expr : Expr . PLUSPLUS Expr  (80)
	Expr : Expr . '[' Expr ':' Expr ']'  (81)
	Expr : Expr . '[' Expr ']' DEFAULT Expr  (82)

	'.'  shift 135
	'['  shift 136
	WHILE  reduce 71
	FOR  reduce 71
	IF  reduce 71
	AND  reduce 71
	OR  reduce 71
	LESS_EQUAL  reduce 71
	GREATER_EQUAL  reduce 71
	EQUAL  reduce 71
	NOT_EQUAL  reduce 71
	'+'  reduce 71
	'-'  reduce 71
	'*'  reduce 71
	'/'  reduce 71
	'%'  reduce 71
	'>'  reduce 71
	'<'  reduce 71
	','  reduce 71
	';'  reduce 71
	')'  reduce 71
	']'  reduce 71
	':'  reduce 71
	MOMO  reduce 71
	PLUSPLUS  reduce 71


state 108
	Expr : '(' CLASS . IDENTIFIER ')' Expr  (78)

	IDENTIFIER  shift 154
	.  error


state 109
	Receiver : Expr . '.'  (47)
	LValue : Expr . '[' Expr ']'  (50)
	Expr : Expr . '+' Expr  (56)
	Expr : Expr . '-' Expr  (57)
	Expr : Expr . '*' Expr  (58)
	Expr : Expr . '/' Expr  (59)
	Expr : Expr . '%' Expr  (60)
	Expr : Expr . EQUAL Expr  (61)
	Expr : Expr . NOT_EQUAL Expr  (62)
	Expr : Expr . '<' Expr  (63)
	Expr : Expr . '>' Expr  (64)
	Expr : Expr . LESS_EQUAL Expr  (65)
	Expr : Expr . GREATER_EQUAL Expr  (66)
	Expr : Expr . AND Expr  (67)
	Expr : Expr . OR Expr  (68)
	Expr : '(' Expr . ')'  (69)
	Expr : Expr . MOMO Expr  (79)
	Expr : Expr . PLUSPLUS Expr  (80)
	Expr : Expr . '[' Expr ':' Expr ']'  (81)
	Expr : Expr . '[' Expr ']' DEFAULT Expr  (82)

	AND  shift 122
	OR  shift 123
	LESS_EQUAL  shift 124
	GREATER_EQUAL  shift 125
	EQUAL  shift 126
	NOT_EQUAL  shift 127
	'+'  shift 128
	'-'  shift 129
	'*'  shift 130
	'/'  shift 131
	'%'  shift 132
	'>'  shift 133
	'<'  shift 134
	'.'  shift 135
	')'  shift 155
	'['  shift 136
	MOMO  shift 137
	PLUSPLUS  shift 138
	.  error


state 110
	ArrayConstant : '[' ']' .  (108)

	.  reduce 108


state 111
	Receiver : Expr . '.'  (47)
	LValue : Expr . '[' Expr ']'  (50)
	Expr : Expr . '+' Expr  (56)
	Expr : Expr . '-' Expr  (57)
	Expr : Expr . '*' Expr  (58)
	Expr : Expr . '/' Expr  (59)
	Expr : Expr . '%' Expr  (60)
	Expr : Expr . EQUAL Expr  (61)
	Expr : Expr . NOT_EQUAL Expr  (62)
	Expr : Expr . '<' Expr  (63)
	Expr : Expr . '>' Expr  (64)
	Expr : Expr . LESS_EQUAL Expr  (65)
	Expr : Expr . GREATER_EQUAL Expr  (66)
	Expr : Expr . AND Expr  (67)
	Expr : Expr . OR Expr  (68)
	Expr : Expr . MOMO Expr  (79)
	Expr : Expr . PLUSPLUS Expr  (80)
	Expr : Expr . '[' Expr ':' Expr ']'  (81)
	Expr : Expr . '[' Expr ']' DEFAULT Expr  (82)
	Expr : '[' Expr . FOR IDENTIFIER IN Expr ']'  (83)
	Expr : '[' Expr . FOR IDENTIFIER IN Expr IF Expr ']'  (84)

	FOR  shift 156
	AND  shift 122
	OR  shift 123
	LESS_EQUAL  shift 124
	GREATER_EQUAL  shift 125
	EQUAL  shift 126
	NOT_EQUAL  shift 127
	'+'  shift 128
	'-'  shift 129
	'*'  shift 130
	'/'  shift 131
	'%'  shift 132
	'>'  shift 133
	'<'  shift 134
	'.'  shift 135
	'['  shift 136
	MOMO  shift 137
	PLUSPLUS  shift 138
	.  error


state 112
	Expr : Constant .  (55)
	Constants : Constant . ',' Constants  (109)
	Constants : Constant .  (110)

	','  shift 157
	FOR  reduce 55
	AND  reduce 55
	OR  reduce 55
	LESS_EQUAL  reduce 55
	GREATER_EQUAL  reduce 55
	EQUAL  reduce 55
	NOT_EQUAL  reduce 55
	'+'  reduce 55
	'-'  reduce 55
	'*'  reduce 55
	'/'  reduce 55
	'%'  reduce 55
	'>'  reduce 55
	'<'  reduce 55
	'.'  reduce 55
	'['  reduce 55
	']'  reduce 110
	MOMO  reduce 55
	PLUSPLUS  reduce 55


state 113
	ArrayConstant : '[' Constants . ']'  (107)

	']'  shift 158
	.  error


state 114
	OCStmt : SCOPY '(' . IDENTIFIER ',' Expr ')'  (101)

	IDENTIFIER  shift 159
	.  error


state 115
	LValue : VAR IDENTIFIER .  (51)

	.  reduce 51


state 116
	ForeachStmt : FOREACH '(' . VAR IDENTIFIER IN Expr WHILE Expr ')' StmtBlock  (40)
	ForeachStmt : FOREACH '(' . VAR IDENTIFIER IN Expr ')' StmtBlock  (41)
	ForeachStmt : FOREACH '(' . Type IDENTIFIER IN Expr WHILE Expr ')' StmtBlock  (42)
	ForeachStmt : FOREACH '(' . Type IDENTIFIER IN Expr ')' StmtBlock  (43)

	VOID  shift 17
	BOOL  shift 18
	INT  shift 19
	STRING  shift 20
	CLASS  shift 21
	VAR  shift 160
	.  error

	Type  goto 161


state 117
	Stmt : SimpleStmt ';' .  (29)

	.  reduce 29


state 118
	Stmt : ReturnStmt ';' .  (33)

	.  reduce 33


state 119
	Stmt : PrintStmt ';' .  (34)

	.  reduce 34


state 120
	Stmt : BreakStmt ';' .  (35)

	.  reduce 35


state 121
	Stmt : OCStmt ';' .  (37)

	.  reduce 37


state 122
	Expr : Expr AND . Expr  (67)
	Receiver : .  (48)

	NULL  shift 53
	THIS  shift 54
	NEW  shift 60
	READ_INTEGER  shift 62
	READ_LINE  shift 63
	LITERAL  shift 64
	INSTANCEOF  shift 65
	'-'  shift 66
	'!'  shift 67
	'('  shift 68
	'['  shift 69
	VAR  shift 72
	IDENTIFIER  reduce 48

	Expr  goto 162
	LValue  goto 98
	Call  goto 99
	Receiver  goto 90
	Constant  goto 91
	ArrayConstant  goto 92


state 123
	Expr : Expr OR . Expr  (68)
	Receiver : .  (48)

	NULL  shift 53
	THIS  shift 54
	NEW  shift 60
	READ_INTEGER  shift 62
	READ_LINE  shift 63
	LITERAL  shift 64
	INSTANCEOF  shift 65
	'-'  shift 66
	'!'  shift 67
	'('  shift 68
	'['  shift 69
	VAR  shift 72
	IDENTIFIER  reduce 48

	Expr  goto 163
	LValue  goto 98
	Call  goto 99
	Receiver  goto 90
	Constant  goto 91
	ArrayConstant  goto 92


state 124
	Expr : Expr LESS_EQUAL . Expr  (65)
	Receiver : .  (48)

	NULL  shift 53
	THIS  shift 54
	NEW  shift 60
	READ_INTEGER  shift 62
	READ_LINE  shift 63
	LITERAL  shift 64
	INSTANCEOF  shift 65
	'-'  shift 66
	'!'  shift 67
	'('  shift 68
	'['  shift 69
	VAR  shift 72
	IDENTIFIER  reduce 48

	Expr  goto 164
	LValue  goto 98
	Call  goto 99
	Receiver  goto 90
	Constant  goto 91
	ArrayConstant  goto 92


state 125
	Expr : Expr GREATER_EQUAL . Expr  (66)
	Receiver : .  (48)

	NULL  shift 53
	THIS  shift 54
	NEW  shift 60
	READ_INTEGER  shift 62
	READ_LINE  shift 63
	LITERAL  shift 64
	INSTANCEOF  shift 65
	'-'  shift 66
	'!'  shift 67
	'('  shift 68
	'['  shift 69
	VAR  shift 72
	IDENTIFIER  reduce 48

	Expr  goto 165
	LValue  goto 98
	Call  goto 99
	Receiver  goto 90
	Constant  goto 91
	ArrayConstant  goto 92


state 126
	Expr : Expr EQUAL . Expr  (61)
	Receiver : .  (48)

	NULL  shift 53
	THIS  shift 54
	NEW  shift 60
	READ_INTEGER  shift 62
	READ_LINE  shift 63
	LITERAL  shift 64
	INSTANCEOF  shift 65
	'-'  shift 66
	'!'  shift 67
	'('  shift 68
	'['  shift 69
	VAR  shift 72
	IDENTIFIER  reduce 48

	Expr  goto 166
	LValue  goto 98
	Call  goto 99
	Receiver  goto 90
	Constant  goto 91
	ArrayConstant  goto 92


state 127
	Expr : Expr NOT_EQUAL . Expr  (62)
	Receiver : .  (48)

	NULL  shift 53
	THIS  shift 54
	NEW  shift 60
	READ_INTEGER  shift 62
	READ_LINE  shift 63
	LITERAL  shift 64
	INSTANCEOF  shift 65
	'-'  shift 66
	'!'  shift 67
	'('  shift 68
	'['  shift 69
	VAR  shift 72
	IDENTIFIER  reduce 48

	Expr  goto 167
	LValue  goto 98
	Call  goto 99
	Receiver  goto 90
	Constant  goto 91
	ArrayConstant  goto 92


state 128
	Expr : Expr '+' . Expr  (56)
	Receiver : .  (48)

	NULL  shift 53
	THIS  shift 54
	NEW  shift 60
	READ_INTEGER  shift 62
	READ_LINE  shift 63
	LITERAL  shift 64
	INSTANCEOF  shift 65
	'-'  shift 66
	'!'  shift 67
	'('  shift 68
	'['  shift 69
	VAR  shift 72
	IDENTIFIER  reduce 48

	Expr  goto 168
	LValue  goto 98
	Call  goto 99
	Receiver  goto 90
	Constant  goto 91
	ArrayConstant  goto 92


state 129
	Expr : Expr '-' . Expr  (57)
	Receiver : .  (48)

	NULL  shift 53
	THIS  shift 54
	NEW  shift 60
	READ_INTEGER  shift 62
	READ_LINE  shift 63
	LITERAL  shift 64
	INSTANCEOF  shift 65
	'-'  shift 66
	'!'  shift 67
	'('  shift 68
	'['  shift 69
	VAR  shift 72
	IDENTIFIER  reduce 48

	Expr  goto 169
	LValue  goto 98
	Call  goto 99
	Receiver  goto 90
	Constant  goto 91
	ArrayConstant  goto 92


state 130
	Expr : Expr '*' . Expr  (58)
	Receiver : .  (48)

	NULL  shift 53
	THIS  shift 54
	NEW  shift 60
	READ_INTEGER  shift 62
	READ_LINE  shift 63
	LITERAL  shift 64
	INSTANCEOF  shift 65
	'-'  shift 66
	'!'  shift 67
	'('  shift 68
	'['  shift 69
	VAR  shift 72
	IDENTIFIER  reduce 48

	Expr  goto 170
	LValue  goto 98
	Call  goto 99
	Receiver  goto 90
	Constant  goto 91
	ArrayConstant  goto 92


state 131
	Expr : Expr '/' . Expr  (59)
	Receiver : .  (48)

	NULL  shift 53
	THIS  shift 54
	NEW  shift 60
	READ_INTEGER  shift 62
	READ_LINE  shift 63
	LITERAL  shift 64
	INSTANCEOF  shift 65
	'-'  shift 66
	'!'  shift 67
	'('  shift 68
	'['  shift 69
	VAR  shift 72
	IDENTIFIER  reduce 48

	Expr  goto 171
	LValue  goto 98
	Call  goto 99
	Receiver  goto 90
	Constant  goto 91
	ArrayConstant  goto 92


state 132
	Expr : Expr '%' . Expr  (60)
	Receiver : .  (48)

	NULL  shift 53
	THIS  shift 54
	NEW  shift 60
	READ_INTEGER  shift 62
	READ_LINE  shift 63
	LITERAL  shift 64
	INSTANCEOF  shift 65
	'-'  shift 66
	'!'  shift 67
	'('  shift 68
	'['  shift 69
	VAR  shift 72
	IDENTIFIER  reduce 48

	Expr  goto 172
	LValue  goto 98
	Call  goto 99
	Receiver  goto 90
	Constant  goto 91
	ArrayConstant  goto 92


state 133
	Expr : Expr '>' . Expr  (64)
	Receiver : .  (48)

	NULL  shift 53
	THIS  shift 54
	NEW  shift 60
	READ_INTEGER  shift 62
	READ_LINE  shift 63
	LITERAL  shift 64
	INSTANCEOF  shift 65
	'-'  shift 66
	'!'  shift 67
	'('  shift 68
	'['  shift 69
	VAR  shift 72
	IDENTIFIER  reduce 48

	Expr  goto 173
	LValue  goto 98
	Call  goto 99
	Receiver  goto 90
	Constant  goto 91
	ArrayConstant  goto 92


state 134
	Expr : Expr '<' . Expr  (63)
	Receiver : .  (48)

	NULL  shift 53
	THIS  shift 54
	NEW  shift 60
	READ_INTEGER  shift 62
	READ_LINE  shift 63
	LITERAL  shift 64
	INSTANCEOF  shift 65
	'-'  shift 66
	'!'  shift 67
	'('  shift 68
	'['  shift 69
	VAR  shift 72
	IDENTIFIER  reduce 48

	Expr  goto 174
	LValue  goto 98
	Call  goto 99
	Receiver  goto 90
	Constant  goto 91
	ArrayConstant  goto 92


state 135
	Receiver : Expr '.' .  (47)

	.  reduce 47


state 136
	LValue : Expr '[' . Expr ']'  (50)
	Expr : Expr '[' . Expr ':' Expr ']'  (81)
	Expr : Expr '[' . Expr ']' DEFAULT Expr  (82)
	Receiver : .  (48)

	NULL  shift 53
	THIS  shift 54
	NEW  shift 60
	READ_INTEGER  shift 62
	READ_LINE  shift 63
	LITERAL  shift 64
	INSTANCEOF  shift 65
	'-'  shift 66
	'!'  shift 67
	'('  shift 68
	'['  shift 69
	VAR  shift 72
	IDENTIFIER  reduce 48

	Expr  goto 175
	LValue  goto 98
	Call  goto 99
	Receiver  goto 90
	Constant  goto 91
	ArrayConstant  goto 92


state 137
	Expr : Expr MOMO . Expr  (79)
	Receiver : .  (48)

	NULL  shift 53
	THIS  shift 54
	NEW  shift 60
	READ_INTEGER  shift 62
	READ_LINE  shift 63
	LITERAL  shift 64
	INSTANCEOF  shift 65
	'-'  shift 66
	'!'  shift 67
	'('  shift 68
	'['  shift 69
	VAR  shift 72
	IDENTIFIER  reduce 48

	Expr  goto 176
	LValue  goto 98
	Call  goto 99
	Receiver  goto 90
	Constant  goto 91
	ArrayConstant  goto 92


state 138
	Expr : Expr PLUSPLUS . Expr  (80)
	Receiver : .  (48)

	NULL  shift 53
	THIS  shift 54
	NEW  shift 60
	READ_INTEGER  shift 62
	READ_LINE  shift 63
	LITERAL  shift 64
	INSTANCEOF  shift 65
	'-'  shift 66
	'!'  shift 67
	'('  shift 68
	'['  shift 69
	VAR  shift 72
	IDENTIFIER  reduce 48

	Expr  goto 177
	LValue  goto 98
	Call  goto 99
	Receiver  goto 90
	Constant  goto 91
	ArrayConstant  goto 92


state 139
	SimpleStmt : LValue '=' . Expr  (44)
	Receiver : .  (48)

	NULL  shift 53
	THIS  shift 54
	NEW  shift 60
	READ_INTEGER  shift 62
	READ_LINE  shift 63
	LITERAL  shift 64
	INSTANCEOF  shift 65
	'-'  shift 66
	'!'  shift 67
	'('  shift 68
	'['  shift 69
	VAR  shift 72
	IDENTIFIER  reduce 48

	Expr  goto 178
	LValue  goto 98
	Call  goto 99
	Receiver  goto 90
	Constant  goto 91
	ArrayConstant  goto 92


state 140
	LValue : Receiver IDENTIFIER .  (49)
	Call : Receiver IDENTIFIER . '(' Actuals ')'  (52)

	'('  shift 179
	WHILE  reduce 49
	FOR  reduce 49
	IF  reduce 49
	AND  reduce 49
	OR  reduce 49
	LESS_EQUAL  reduce 49
	GREATER_EQUAL  reduce 49
	EQUAL  reduce 49
	NOT_EQUAL  reduce 49
	'+'  reduce 49
	'-'  reduce 49
	'*'  reduce 49
	'/'  reduce 49
	'%'  reduce 49
	'='  reduce 49
	'>'  reduce 49
	'<'  reduce 49
	'.'  reduce 49
	','  reduce 49
	';'  reduce 49
	')'  reduce 49
	'['  reduce 49
	']'  reduce 49
	':'  reduce 49
	MOMO  reduce 49
	PLUSPLUS  reduce 49


state 141
	Receiver : Expr . '.'  (47)
	LValue : Expr . '[' Expr ']'  (50)
	Expr : Expr . '+' Expr  (56)
	Expr : Expr . '-' Expr  (57)
	Expr : Expr . '*' Expr  (58)
	Expr : Expr . '/' Expr  (59)
	Expr : Expr . '%' Expr  (60)
	Expr : Expr . EQUAL Expr  (61)
	Expr : Expr . NOT_EQUAL Expr  (62)
	Expr : Expr . '<' Expr  (63)
	Expr : Expr . '>' Expr  (64)
	Expr : Expr . LESS_EQUAL Expr  (65)
	Expr : Expr . GREATER_EQUAL Expr  (66)
	Expr : Expr . AND Expr  (67)
	Expr : Expr . OR Expr  (68)
	Expr : Expr . MOMO Expr  (79)
	Expr : Expr . PLUSPLUS Expr  (80)
	Expr : Expr . '[' Expr ':' Expr ']'  (81)
	Expr : Expr . '[' Expr ']' DEFAULT Expr  (82)
	WhileStmt : WHILE '(' Expr . ')' Stmt  (92)

	AND  shift 122
	OR  shift 123
	LESS_EQUAL  shift 124
	GREATER_EQUAL  shift 125
	EQUAL  shift 126
	NOT_EQUAL  shift 127
	'+'  shift 128
	'-'  shift 129
	'*'  shift 130
	'/'  shift 131
	'%'  shift 132
	'>'  shift 133
	'<'  shift 134
	'.'  shift 135
	')'  shift 180
	'['  shift 136
	MOMO  shift 137
	PLUSPLUS  shift 138
	.  error


state 142
	ForStmt : FOR '(' SimpleStmt . ';' Expr ';' SimpleStmt ')' Stmt  (93)

	';'  shift 181
	.  error


state 143
	Receiver : Expr . '.'  (47)
	LValue : Expr . '[' Expr ']'  (50)
	Expr : Expr . '+' Expr  (56)
	Expr : Expr . '-' Expr  (57)
	Expr : Expr . '*' Expr  (58)
	Expr : Expr . '/' Expr  (59)
	Expr : Expr . '%' Expr  (60)
	Expr : Expr . EQUAL Expr  (61)
	Expr : Expr . NOT_EQUAL Expr  (62)
	Expr : Expr . '<' Expr  (63)
	Expr : Expr . '>' Expr  (64)
	Expr : Expr . LESS_EQUAL Expr  (65)
	Expr : Expr . GREATER_EQUAL Expr  (66)
	Expr : Expr . AND Expr  (67)
	Expr : Expr . OR Expr  (68)
	Expr : Expr . MOMO Expr  (79)
	Expr : Expr . PLUSPLUS Expr  (80)
	Expr : Expr . '[' Expr ':' Expr ']'  (81)
	Expr : Expr . '[' Expr ']' DEFAULT Expr  (82)
	IfStmt : IF '(' Expr . ')' Stmt ElseClause  (95)

	AND  shift 122
	OR  shift 123
	LESS_EQUAL  shift 124
	GREATER_EQUAL  shift 125
	EQUAL  shift 126
	NOT_EQUAL  shift 127
	'+'  shift 128
	'-'  shift 129
	'*'  shift 130
	'/'  shift 131
	'%'  shift 132
	'>'  shift 133
	'<'  shift 134
	'.'  shift 135
	')'  shift 182
	'['  shift 136
	MOMO  shift 137
	PLUSPLUS  shift 138
	.  error


state 144
	Receiver : Expr . '.'  (47)
	LValue : Expr . '[' Expr ']'  (50)
	Expr : Expr . '+' Expr  (56)
	Expr : Expr . '-' Expr  (57)
	Expr : Expr . '*' Expr  (58)
	Expr : Expr . '/' Expr  (59)
	Expr : Expr . '%' Expr  (60)
	Expr : Expr . EQUAL Expr  (61)
	Expr : Expr . NOT_EQUAL Expr  (62)
	Expr : Expr . '<' Expr  (63)
	Expr : Expr . '>' Expr  (64)
	Expr : Expr . LESS_EQUAL Expr  (65)
	Expr : Expr . GREATER_EQUAL Expr  (66)
	Expr : Expr . AND Expr  (67)
	Expr : Expr . OR Expr  (68)
	Expr : Expr . MOMO Expr  (79)
	Expr : Expr . PLUSPLUS Expr  (80)
	Expr : Expr . '[' Expr ':' Expr ']'  (81)
	Expr : Expr . '[' Expr ']' DEFAULT Expr  (82)
	IfSubStmt : Expr . ':' Stmt  (106)

	AND  shift 122
	OR  shift 123
	LESS_EQUAL  shift 124
	GREATER_EQUAL  shift 125
	EQUAL  shift 126
	NOT_EQUAL  shift 127
	'+'  shift 128
	'-'  shift 129
	'*'  shift 130
	'/'  shift 131
	'%'  shift 132
	'>'  shift 133
	'<'  shift 134
	'.'  shift 135
	'['  shift 136
	':'  shift 183
	MOMO  shift 137
	PLUSPLUS  shift 138
	.  error


state 145
	GuardedStmt : IF '{' IfBranches . '}'  (102)
	IfBranches : IfBranches . GUARD IfSubStmt  (103)

	'}'  shift 184
	GUARD  shift 185
	.  error


state 146
	IfBranches : IfSubStmt .  (104)

	.  reduce 104


state 147
	Expr : NEW IDENTIFIER '(' . ')'  (75)

	')'  shift 186
	.  error


state 148
	Type : Type '[' . ']'  (11)
	Expr : NEW Type '[' . Expr ']'  (76)
	Receiver : .  (48)

	NULL  shift 53
	THIS  shift 54
	NEW  shift 60
	READ_INTEGER  shift 62
	READ_LINE  shift 63
	LITERAL  shift 64
	INSTANCEOF  shift 65
	'-'  shift 66
	'!'  shift 67
	'('  shift 68
	'['  shift 69
	']'  shift 37
	VAR  shift 72
	IDENTIFIER  reduce 48

	Expr  goto 187
	LValue  goto 98
	Call  goto 99
	Receiver  goto 90
	Constant  goto 91
	ArrayConstant  goto 92


state 149
	Receiver : Expr . '.'  (47)
	LValue : Expr . '[' Expr ']'  (50)
	Expr : Expr . '+' Expr  (56)
	Expr : Expr . '-' Expr  (57)
	Expr : Expr . '*' Expr  (58)
	Expr : Expr . '/' Expr  (59)
	Expr : Expr . '%' Expr  (60)
	Expr : Expr . EQUAL Expr  (61)
	Expr : Expr . NOT_EQUAL Expr  (62)
	Expr : Expr . '<' Expr  (63)
	Expr : Expr . '>' Expr  (64)
	Expr : Expr . LESS_EQUAL Expr  (65)
	Expr : Expr . GREATER_EQUAL Expr  (66)
	Expr : Expr . AND Expr  (67)
	Expr : Expr . OR Expr  (68)
	Expr : Expr . MOMO Expr  (79)
	Expr : Expr . PLUSPLUS Expr  (80)
	Expr : Expr . '[' Expr ':' Expr ']'  (81)
	Expr : Expr . '[' Expr ']' DEFAULT Expr  (82)
	ExprList : Expr .  (91)

	AND  shift 122
	OR  shift 123
	LESS_EQUAL  shift 124
	GREATER_EQUAL  shift 125
	EQUAL  shift 126
	NOT_EQUAL  shift 127
	'+'  shift 128
	'-'  shift 129
	'*'  shift 130
	'/'  shift 131
	'%'  shift 132
	'>'  shift 133
	'<'  shift 134
	'.'  shift 135
	'['  shift 136
	MOMO  shift 137
	PLUSPLUS  shift 138
	','  reduce 91
	')'  reduce 91


state 150
	ExprList : ExprList . ',' Expr  (90)
	PrintStmt : PRINT '(' ExprList . ')'  (100)

	','  shift 188
	')'  shift 189
	.  error


state 151
	Expr : READ_INTEGER '(' ')' .  (72)

	.  reduce 72


state 152
	Expr : READ_LINE '(' ')' .  (73)

	.  reduce 73


state 153
	Receiver : Expr . '.'  (47)
	LValue : Expr . '[' Expr ']'  (50)
	Expr : Expr . '+' Expr  (56)
	Expr : Expr . '-' Expr  (57)
	Expr : Expr . '*' Expr  (58)
	Expr : Expr . '/' Expr  (59)
	Expr : Expr . '%' Expr  (60)
	Expr : Expr . EQUAL Expr  (61)
	Expr : Expr . NOT_EQUAL Expr  (62)
	Expr : Expr . '<' Expr  (63)
	Expr : Expr . '>' Expr  (64)
	Expr : Expr . LESS_EQUAL Expr  (65)
	Expr : Expr . GREATER_EQUAL Expr  (66)
	Expr : Expr . AND Expr  (67)
	Expr : Expr . OR Expr  (68)
	Expr : INSTANCEOF '(' Expr . ',' IDENTIFIER ')'  (77)
	Expr : Expr . MOMO Expr  (79)
	Expr : Expr . PLUSPLUS Expr  (80)
	Expr : Expr . '[' Expr ':' Expr ']'  (81)
	Expr : Expr . '[' Expr ']' DEFAULT Expr  (82)

	AND  shift 122
	OR  shift 123
	LESS_EQUAL  shift 124
	GREATER_EQUAL  shift 125
	EQUAL  shift 126
	NOT_EQUAL  shift 127
	'+'  shift 128
	'-'  shift 129
	'*'  shift 130
	'/'  shift 131
	'%'  shift 132
	'>'  shift 133
	'<'  shift 134
	'.'  shift 135
	','  shift 190
	'['  shift 136
	MOMO  shift 137
	PLUSPLUS  shift 138
	.  error


state 154
	Expr : '(' CLASS IDENTIFIER . ')' Expr  (78)

	')'  shift 191
	.  error


state 155
	Expr : '(' Expr ')' .  (69)

	.  reduce 69


state 156
	Expr : '[' Expr FOR . IDENTIFIER IN Expr ']'  (83)
	Expr : '[' Expr FOR . IDENTIFIER IN Expr IF Expr ']'  (84)

	IDENTIFIER  shift 192
	.  error


state 157
	Constants : Constant ',' . Constants  (109)

	NULL  shift 53
	LITERAL  shift 64
	'['  shift 193
	.  error

	Constant  goto 194
	ArrayConstant  goto 92
	Constants  goto 195


state 158
	ArrayConstant : '[' Constants ']' .  (107)

	.  reduce 107


state 159
	OCStmt : SCOPY '(' IDENTIFIER . ',' Expr ')'  (101)

	','  shift 196
	.  error


state 160
	ForeachStmt : FOREACH '(' VAR . IDENTIFIER IN Expr WHILE Expr ')' StmtBlock  (40)
	ForeachStmt : FOREACH '(' VAR . IDENTIFIER IN Expr ')' StmtBlock  (41)

	IDENTIFIER  shift 197
	.  error


state 161
	Type : Type . '[' ']'  (11)
	ForeachStmt : FOREACH '(' Type . IDENTIFIER IN Expr WHILE Expr ')' StmtBlock  (42)
	ForeachStmt : FOREACH '(' Type . IDENTIFIER IN Expr ')' StmtBlock  (43)

	IDENTIFIER  shift 198
	'['  shift 33
	.  error


state 162
	Receiver : Expr . '.'  (47)
	LValue : Expr . '[' Expr ']'  (50)
	Expr : Expr . '+' Expr  (56)
	Expr : Expr . '-' Expr  (57)
	Expr : Expr . '*' Expr  (58)
	Expr : Expr . '/' Expr  (59)
	Expr : Expr . '%' Expr  (60)
	Expr : Expr . EQUAL Expr  (61)
	Expr : Expr . NOT_EQUAL Expr  (62)
	Expr : Expr . '<' Expr  (63)
	Expr : Expr . '>' Expr  (64)
	Expr : Expr . LESS_EQUAL Expr  (65)
	Expr : Expr . GREATER_EQUAL Expr  (66)
	Expr : Expr . AND Expr  (67)
	Expr : Expr AND Expr .  (67)
	Expr : Expr . OR Expr  (68)
	Expr : Expr . MOMO Expr  (79)
	Expr : Expr . PLUSPLUS Expr  (80)
	Expr : Expr . '[' Expr ':' Expr ']'  (81)
	Expr : Expr . '[' Expr ']' DEFAULT Expr  (82)

	LESS_EQUAL  shift 124
	GREATER_EQUAL  shift 125
	EQUAL  shift 126
	NOT_EQUAL  shift 127
	'+'  shift 128
	'-'  shift 129
	'*'  shift 130
	'/'  shift 131
	'%'  shift 132
	'>'  shift 133
	'<'  shift 134
	'.'  shift 135
	'['  shift 136
	MOMO  shift 137
	PLUSPLUS  shift 138
	WHILE  reduce 67
	FOR  reduce 67
	IF  reduce 67
	AND  reduce 67
	OR  reduce 67
	','  reduce 67
	';'  reduce 67
	')'  reduce 67
	']'  reduce 67
	':'  reduce 67


state 163
	Receiver : Expr . '.'  (47)
	LValue : Expr . '[' Expr ']'  (50)
	Expr : Expr . '+' Expr  (56)
	Expr : Expr . '-' Expr  (57)
	Expr : Expr . '*' Expr  (58)
	Expr : Expr . '/' Expr  (59)
	Expr : Expr . '%' Expr  (60)
	Expr : Expr . EQUAL Expr  (61)
	Expr : Expr . NOT_EQUAL Expr  (62)
	Expr : Expr . '<' Expr  (63)
	Expr : Expr . '>' Expr  (64)
	Expr : Expr . LESS_EQUAL Expr  (65)
	Expr : Expr . GREATER_EQUAL Expr  (66)
	Expr : Expr . AND Expr  (67)
	Expr : Expr . OR Expr  (68)
	Expr : Expr OR Expr .  (68)
	Expr : Expr . MOMO Expr  (79)
	Expr : Expr . PLUSPLUS Expr  (80)
	Expr : Expr . '[' Expr ':' Expr ']'  (81)
	Expr : Expr . '[' Expr ']' DEFAULT Expr  (82)

	AND  shift 122
	LESS_EQUAL  shift 124
	GREATER_EQUAL  shift 125
	EQUAL  shift 126
	NOT_EQUAL  shift 127
	'+'  shift 128
	'-'  shift 129
	'*'  shift 130
	'/'  shift 131
	'%'  shift 132
	'>'  shift 133
	'<'  shift 134
	'.'  shift 135
	'['  shift 136
	MOMO  shift 137
	PLUSPLUS  shift 138
	WHILE  reduce 68
	FOR  reduce 68
	IF  reduce 68
	OR  reduce 68
	','  reduce 68
	';'  reduce 68
	')'  reduce 68
	']'  reduce 68
	':'  reduce 68


state 164
	Receiver : Expr . '.'  (47)
	LValue : Expr . '[' Expr ']'  (50)
	Expr : Expr . '+' Expr  (56)
	Expr : Expr . '-' Expr  (57)
	Expr : Expr . '*' Expr  (58)
	Expr : Expr . '/' Expr  (59)
	Expr : Expr . '%' Expr  (60)
	Expr : Expr . EQUAL Expr  (61)
	Expr : Expr . NOT_EQUAL Expr  (62)
	Expr : Expr . '<' Expr  (63)
	Expr : Expr . '>' Expr  (64)
	Expr : Expr . LESS_EQUAL Expr  (65)
	Expr : Expr LESS_EQUAL Expr .  (65)
	Expr : Expr . GREATER_EQUAL Expr  (66)
	Expr : Expr . AND Expr  (67)
	Expr : Expr . OR Expr  (68)
	Expr : Expr . MOMO Expr  (79)
	Expr : Expr . PLUSPLUS Expr  (80)
	Expr : Expr . '[' Expr ':' Expr ']'  (81)
	Expr : Expr . '[' Expr ']' DEFAULT Expr  (82)

	'+'  shift 128
	'-'  shift 129
	'*'  shift 130
	'/'  shift 131
	'%'  shift 132
	'.'  shift 135
	'['  shift 136
	MOMO  shift 137
	PLUSPLUS  shift 138
	WHILE  reduce 65
	FOR  reduce 65
	IF  reduce 65
	AND  reduce 65
	OR  reduce 65
	EQUAL  reduce 65
	NOT_EQUAL  reduce 65
	','  reduce 65
	';'  reduce 65
	')'  reduce 65
	']'  reduce 65
	':'  reduce 65


state 165
	Receiver : Expr . '.'  (47)
	LValue : Expr . '[' Expr ']'  (50)
	Expr : Expr . '+' Expr  (56)
	Expr : Expr . '-' Expr  (57)
	Expr : Expr . '*' Expr  (58)
	Expr : Expr . '/' Expr  (59)
	Expr : Expr . '%' Expr  (60)
	Expr : Expr . EQUAL Expr  (61)
	Expr : Expr . NOT_EQUAL Expr  (62)
	Expr : Expr . '<' Expr  (63)
	Expr : Expr . '>' Expr  (64)
	Expr : Expr . LESS_EQUAL Expr  (65)
	Expr : Expr . GREATER_EQUAL Expr  (66)
	Expr : Expr GREATER_EQUAL Expr .  (66)
	Expr : Expr . AND Expr  (67)
	Expr : Expr . OR Expr  (68)
	Expr : Expr . MOMO Expr  (79)
	Expr : Expr . PLUSPLUS Expr  (80)
	Expr : Expr . '[' Expr ':' Expr ']'  (81)
	Expr : Expr . '[' Expr ']' DEFAULT Expr  (82)

	'+'  shift 128
	'-'  shift 129
	'*'  shift 130
	'/'  shift 131
	'%'  shift 132
	'.'  shift 135
	'['  shift 136
	MOMO  shift 137
	PLUSPLUS  shift 138
	WHILE  reduce 66
	FOR  reduce 66
	IF  reduce 66
	AND  reduce 66
	OR  reduce 66
	EQUAL  reduce 66
	NOT_EQUAL  reduce 66
	','  reduce 66
	';'  reduce 66
	')'  reduce 66
	']'  reduce 66
	':'  reduce 66


state 166
	Receiver : Expr . '.'  (47)
	LValue : Expr . '[' Expr ']'  (50)
	Expr : Expr . '+' Expr  (56)
	Expr : Expr . '-' Expr  (57)
	Expr : Expr . '*' Expr  (58)
	Expr : Expr . '/' Expr  (59)
	Expr : Expr . '%' Expr  (60)
	Expr : Expr . EQUAL Expr  (61)
	Expr : Expr EQUAL Expr .  (61)
	Expr : Expr . NOT_EQUAL Expr  (62)
	Expr : Expr . '<' Expr  (63)
	Expr : Expr . '>' Expr  (64)
	Expr : Expr . LESS_EQUAL Expr  (65)
	Expr : Expr . GREATER_EQUAL Expr  (66)
	Expr : Expr . AND Expr  (67)
	Expr : Expr . OR Expr  (68)
	Expr : Expr . MOMO Expr  (79)
	Expr : Expr . PLUSPLUS Expr  (80)
	Expr : Expr . '[' Expr ':' Expr ']'  (81)
	Expr : Expr . '[' Expr ']' DEFAULT Expr  (82)

	LESS_EQUAL  shift 124
	GREATER_EQUAL  shift 125
	'+'  shift 128
	'-'  shift 129
	'*'  shift 130
	'/'  shift 131
	'%'  shift 132
	'>'  shift 133
	'<'  shift 134
	'.'  shift 135
	'['  shift 136
	MOMO  shift 137
	PLUSPLUS  shift 138
	WHILE  reduce 61
	FOR  reduce 61
	IF  reduce 61
	AND  reduce 61
	OR  reduce 61
	','  reduce 61
	';'  reduce 61
	')'  reduce 61
	']'  reduce 61
	':'  reduce 61


state 167
	Receiver : Expr . '.'  (47)
	LValue : Expr . '[' Expr ']'  (50)
	Expr : Expr . '+' Expr  (56)
	Expr : Expr . '-' Expr  (57)
	Expr : Expr . '*' Expr  (58)
	Expr : Expr . '/' Expr  (59)
	Expr : Expr . '%' Expr  (60)
	Expr : Expr . EQUAL Expr  (61)
	Expr : Expr . NOT_EQUAL Expr  (62)
	Expr : Expr NOT_EQUAL Expr .  (62)
	Expr : Expr . '<' Expr  (63)
	Expr : Expr . '>' Expr  (64)
	Expr : Expr . LESS_EQUAL Expr  (65)
	Expr : Expr . GREATER_EQUAL Expr  (66)
	Expr : Expr . AND Expr  (67)
	Expr : Expr . OR Expr  (68)
	Expr : Expr . MOMO Expr  (79)
	Expr : Expr . PLUSPLUS Expr  (80)
	Expr : Expr . '[' Expr ':' Expr ']'  (81)
	Expr : Expr . '[' Expr ']' DEFAULT Expr  (82)

	LESS_EQUAL  shift 124
	GREATER_EQUAL  shift 125
	'+'  shift 128
	'-'  shift 129
	'*'  shift 130
	'/'  shift 131
	'%'  shift 132
	'>'  shift 133
	'<'  shift 134
	'.'  shift 135
	'['  shift 136
	MOMO  shift 137
	PLUSPLUS  shift 138
	WHILE  reduce 62
	FOR  reduce 62
	IF  reduce 62
	AND  reduce 62
	OR  reduce 62
	','  reduce 62
	';'  reduce 62
	')'  reduce 62
	']'  reduce 62
	':'  reduce 62


state 168
	Receiver : Expr . '.'  (47)
	LValue : Expr . '[' Expr ']'  (50)
	Expr : Expr . '+' Expr  (56)
	Expr : Expr '+' Expr .  (56)
	Expr : Expr . '-' Expr  (57)
	Expr : Expr . '*' Expr  (58)
	Expr : Expr . '/' Expr  (59)
	Expr : Expr . '%' Expr  (60)
	Expr : Expr . EQUAL Expr  (61)
	Expr : Expr . NOT_EQUAL Expr  (62)
	Expr : Expr . '<' Expr  (63)
	Expr : Expr . '>' Expr  (64)
	Expr : Expr . LESS_EQUAL Expr  (65)
	Expr : Expr . GREATER_EQUAL Expr  (66)
	Expr : Expr . AND Expr  (67)
	Expr : Expr . OR Expr  (68)
	Expr : Expr . MOMO Expr  (79)
	Expr : Expr . PLUSPLUS Expr  (80)
	Expr : Expr . '[' Expr ':' Expr ']'  (81)
	Expr : Expr . '[' Expr ']' DEFAULT Expr  (82)

	'*'  shift 130
	'/'  shift 131
	'%'  shift 132
	'.'  shift 135
	'['  shift 136
	WHILE  reduce 56
	FOR  reduce 56
	IF  reduce 56
	AND  reduce 56
	OR  reduce 56
	LESS_EQUAL  reduce 56
	GREATER_EQUAL  reduce 56
	EQUAL  reduce 56
	NOT_EQUAL  reduce 56
	'+'  reduce 56
	'-'  reduce 56
	'>'  reduce 56
	'<'  reduce 56
	','  reduce 56
	';'  reduce 56
	')'  reduce 56
	']'  reduce 56
	':'  reduce 56
	MOMO  reduce 56
	PLUSPLUS  reduce 56


state 169
	Receiver : Expr . '.'  (47)
	LValue : Expr . '[' Expr ']'  (50)
	Expr : Expr . '+' Expr  (56)
	Expr : Expr . '-' Expr  (57)
	Expr : Expr '-' Expr .  (57)
	Expr : Expr . '*' Expr  (58)
	Expr : Expr . '/' Expr  (59)
	Expr : Expr . '%' Expr  (60)
	Expr : Expr . EQUAL Expr  (61)
	Expr : Expr . NOT_EQUAL Expr  (62)
	Expr : Expr . '<' Expr  (63)
	Expr : Expr . '>' Expr  (64)
	Expr : Expr . LESS_EQUAL Expr  (65)
	Expr : Expr . GREATER_EQUAL Expr  (66)
	Expr : Expr . AND Expr  (67)
	Expr : Expr . OR Expr  (68)
	Expr : Expr . MOMO Expr  (79)
	Expr : Expr . PLUSPLUS Expr  (80)
	Expr : Expr . '[' Expr ':' Expr ']'  (81)
	Expr : Expr . '[' Expr ']' DEFAULT Expr  (82)

	'*'  shift 130
	'/'  shift 131
	'%'  shift 132
	'.'  shift 135
	'['  shift 136
	WHILE  reduce 57
	FOR  reduce 57
	IF  reduce 57
	AND  reduce 57
	OR  reduce 57
	LESS_EQUAL  reduce 57
	GREATER_EQUAL  reduce 57
	EQUAL  reduce 57
	NOT_EQUAL  reduce 57
	'+'  reduce 57
	'-'  reduce 57
	'>'  reduce 57
	'<'  reduce 57
	','  reduce 57
	';'  reduce 57
	')'  reduce 57
	']'  reduce 57
	':'  reduce 57
	MOMO  reduce 57
	PLUSPLUS  reduce 57


state 170
	Receiver : Expr . '.'  (47)
	LValue : Expr . '[' Expr ']'  (50)
	Expr : Expr . '+' Expr  (56)
	Expr : Expr . '-' Expr  (57)
	Expr : Expr . '*' Expr  (58)
	Expr : Expr '*' Expr .  (58)
	Expr : Expr . '/' Expr  (59)
	Expr : Expr . '%' Expr  (60)
	Expr : Expr . EQUAL Expr  (61)
	Expr : Expr . NOT_EQUAL Expr  (62)
	Expr : Expr . '<' Expr  (63)
	Expr : Expr . '>' Expr  (64)
	Expr : Expr . LESS_EQUAL Expr  (65)
	Expr : Expr . GREATER_EQUAL Expr  (66)
	Expr : Expr . AND Expr  (67)
	Expr : Expr . OR Expr  (68)
	Expr : Expr . MOMO Expr  (79)
	Expr : Expr . PLUSPLUS Expr  (80)
	Expr : Expr . '[' Expr ':' Expr ']'  (81)
	Expr : Expr . '[' Expr ']' DEFAULT Expr  (82)

	'.'  shift 135
	'['  shift 136
	WHILE  reduce 58
	FOR  reduce 58
	IF  reduce 58
	AND  reduce 58
	OR  reduce 58
	LESS_EQUAL  reduce 58
	GREATER_EQUAL  reduce 58
	EQUAL  reduce 58
	NOT_EQUAL  reduce 58
	'+'  reduce 58
	'-'  reduce 58
	'*'  reduce 58
	'/'  reduce 58
	'%'  reduce 58
	'>'  reduce 58
	'<'  reduce 58
	','  reduce 58
	';'  reduce 58
	')'  reduce 58
	']'  reduce 58
	':'  reduce 58
	MOMO  reduce 58
	PLUSPLUS  reduce 58


state 171
	Receiver : Expr . '.'  (47)
	LValue : Expr . '[' Expr ']'  (50)
	Expr : Expr . '+' Expr  (56)
	Expr : Expr . '-' Expr  (57)
	Expr : Expr . '*' Expr  (58)
	Expr : Expr . '/' Expr  (59)
	Expr : Expr '/' Expr .  (59)
	Expr : Expr . '%' Expr  (60)
	Expr : Expr . EQUAL Expr  (61)
	Expr : Expr . NOT_EQUAL Expr  (62)
	Expr : Expr . '<' Expr  (63)
	Expr : Expr . '>' Expr  (64)
	Expr : Expr . LESS_EQUAL Expr  (65)
	Expr : Expr . GREATER_EQUAL Expr  (66)
	Expr : Expr . AND Expr  (67)
	Expr : Expr . OR Expr  (68)
	Expr : Expr . MOMO Expr  (79)
	Expr : Expr . PLUSPLUS Expr  (80)
	Expr : Expr . '[' Expr ':' Expr ']'  (81)
	Expr : Expr . '[' Expr ']' DEFAULT Expr  (82)

	'.'  shift 135
	'['  shift 136
	WHILE  reduce 59
	FOR  reduce 59
	IF  reduce 59
	AND  reduce 59
	OR  reduce 59
	LESS_EQUAL  reduce 59
	GREATER_EQUAL  reduce 59
	EQUAL  reduce 59
	NOT_EQUAL  reduce 59
	'+'  reduce 59
	'-'  reduce 59
	'*'  reduce 59
	'/'  reduce 59
	'%'  reduce 59
	'>'  reduce 59
	'<'  reduce 59
	','  reduce 59
	';'  reduce 59
	')'  reduce 59
	']'  reduce 59
	':'  reduce 59
	MOMO  reduce 59
	PLUSPLUS  reduce 59


state 172
	Receiver : Expr . '.'  (47)
	LValue : Expr . '[' Expr ']'  (50)
	Expr : Expr . '+' Expr  (56)
	Expr : Expr . '-' Expr  (57)
	Expr : Expr . '*' Expr  (58)
	Expr : Expr . '/' Expr  (59)
	Expr : Expr . '%' Expr  (60)
	Expr : Expr '%' Expr .  (60)
	Expr : Expr . EQUAL Expr  (61)
	Expr : Expr . NOT_EQUAL Expr  (62)
	Expr : Expr . '<' Expr  (63)
	Expr : Expr . '>' Expr  (64)
	Expr : Expr . LESS_EQUAL Expr  (65)
	Expr : Expr . GREATER_EQUAL Expr  (66)
	Expr : Expr . AND Expr  (67)
	Expr : Expr . OR Expr  (68)
	Expr : Expr . MOMO Expr  (79)
	Expr : Expr . PLUSPLUS Expr  (80)
	Expr : Expr . '[' Expr ':' Expr ']'  (81)
	Expr : Expr . '[' Expr ']' DEFAULT Expr  (82)

	'.'  shift 135
	'['  shift 136
	WHILE  reduce 60
	FOR  reduce 60
	IF  reduce 60
	AND  reduce 60
	OR  reduce 60
	LESS_EQUAL  reduce 60
	GREATER_EQUAL  reduce 60
	EQUAL  reduce 60
	NOT_EQUAL  reduce 60
	'+'  reduce 60
	'-'  reduce 60
	'*'  reduce 60
	'/'  reduce 60
	'%'  reduce 60
	'>'  reduce 60
	'<'  reduce 60
	','  reduce 60
	';'  reduce 60
	')'  reduce 60
	']'  reduce 60
	':'  reduce 60
	MOMO  reduce 60
	PLUSPLUS  reduce 60


state 173
	Receiver : Expr . '.'  (47)
	LValue : Expr . '[' Expr ']'  (50)
	Expr : Expr . '+' Expr  (56)
	Expr : Expr . '-' Expr  (57)
	Expr : Expr . '*' Expr  (58)
	Expr : Expr . '/' Expr  (59)
	Expr : Expr . '%' Expr  (60)
	Expr : Expr . EQUAL Expr  (61)
	Expr : Expr . NOT_EQUAL Expr  (62)
	Expr : Expr . '<' Expr  (63)
	Expr : Expr . '>' Expr  (64)
	Expr : Expr '>' Expr .  (64)
	Expr : Expr . LESS_EQUAL Expr  (65)
	Expr : Expr . GREATER_EQUAL Expr  (66)
	Expr : Expr . AND Expr  (67)
	Expr : Expr . OR Expr  (68)
	Expr : Expr . MOMO Expr  (79)
	Expr : Expr . PLUSPLUS Expr  (80)
	Expr : Expr . '[' Expr ':' Expr ']'  (81)
	Expr : Expr . '[' Expr ']' DEFAULT Expr  (82)

	'+'  shift 128
	'-'  shift 129
	'*'  shift 130
	'/'  shift 131
	'%'  shift 132
	'.'  shift 135
	'['  shift 136
	MOMO  shift 137
	PLUSPLUS  shift 138
	WHILE  reduce 64
	FOR  reduce 64
	IF  reduce 64
	AND  reduce 64
	OR  reduce 64
	EQUAL  reduce 64
	NOT_EQUAL  reduce 64
	','  reduce 64
	';'  reduce 64
	')'  reduce 64
	']'  reduce 64
	':'  reduce 64


state 174
	Receiver : Expr . '.'  (47)
	LValue : Expr . '[' Expr ']'  (50)
	Expr : Expr . '+' Expr  (56)
	Expr : Expr . '-' Expr  (57)
	Expr : Expr . '*' Expr  (58)
	Expr : Expr . '/' Expr  (59)
	Expr : Expr . '%' Expr  (60)
	Expr : Expr . EQUAL Expr  (61)
	Expr : Expr . NOT_EQUAL Expr  (62)
	Expr : Expr . '<' Expr  (63)
	Expr : Expr '<' Expr .  (63)
	Expr : Expr . '>' Expr  (64)
	Expr : Expr . LESS_EQUAL Expr  (65)
	Expr : Expr . GREATER_EQUAL Expr  (66)
	Expr : Expr . AND Expr  (67)
	Expr : Expr . OR Expr  (68)
	Expr : Expr . MOMO Expr  (79)
	Expr : Expr . PLUSPLUS Expr  (80)
	Expr : Expr . '[' Expr ':' Expr ']'  (81)
	Expr : Expr . '[' Expr ']' DEFAULT Expr  (82)

	'+'  shift 128
	'-'  shift 129
	'*'  shift 130
	'/'  shift 131
	'%'  shift 132
	'.'  shift 135
	'['  shift 136
	MOMO  shift 137
	PLUSPLUS  shift 138
	WHILE  reduce 63
	FOR  reduce 63
	IF  reduce 63
	AND  reduce 63
	OR  reduce 63
	EQUAL  reduce 63
	NOT_EQUAL  reduce 63
	','  reduce 63
	';'  reduce 63
	')'  reduce 63
	']'  reduce 63
	':'  reduce 63


state 175
	Receiver : Expr . '.'  (47)
	LValue : Expr . '[' Expr ']'  (50)
	LValue : Expr '[' Expr . ']'  (50)
	Expr : Expr . '+' Expr  (56)
	Expr : Expr . '-' Expr  (57)
	Expr : Expr . '*' Expr  (58)
	Expr : Expr . '/' Expr  (59)
	Expr : Expr . '%' Expr  (60)
	Expr : Expr . EQUAL Expr  (61)
	Expr : Expr . NOT_EQUAL Expr  (62)
	Expr : Expr . '<' Expr  (63)
	Expr : Expr . '>' Expr  (64)
	Expr : Expr . LESS_EQUAL Expr  (65)
	Expr : Expr . GREATER_EQUAL Expr  (66)
	Expr : Expr . AND Expr  (67)
	Expr : Expr . OR Expr  (68)
	Expr : Expr . MOMO Expr  (79)
	Expr : Expr . PLUSPLUS Expr  (80)
	Expr : Expr . '[' Expr ':' Expr ']'  (81)
	Expr : Expr '[' Expr . ':' Expr ']'  (81)
	Expr : Expr . '[' Expr ']' DEFAULT Expr  (82)
	Expr : Expr '[' Expr . ']' DEFAULT Expr  (82)

	AND  shift 122
	OR  shift 123
	LESS_EQUAL  shift 124
	GREATER_EQUAL  shift 125
	EQUAL  shift 126
	NOT_EQUAL  shift 127
	'+'  shift 128
	'-'  shift 129
	'*'  shift 130
	'/'  shift 131
	'%'  shift 132
	'>'  shift 133
	'<'  shift 134
	'.'  shift 135
	'['  shift 136
	']'  shift 199
	':'  shift 200
	MOMO  shift 137
	PLUSPLUS  shift 138
	.  error


state 176
	Receiver : Expr . '.'  (47)
	LValue : Expr . '[' Expr ']'  (50)
	Expr : Expr . '+' Expr  (56)
	Expr : Expr . '-' Expr  (57)
	Expr : Expr . '*' Expr  (58)
	Expr : Expr . '/' Expr  (59)
	Expr : Expr . '%' Expr  (60)
	Expr : Expr . EQUAL Expr  (61)
	Expr : Expr . NOT_EQUAL Expr  (62)
	Expr : Expr . '<' Expr  (63)
	Expr : Expr . '>' Expr  (64)
	Expr : Expr . LESS_EQUAL Expr  (65)
	Expr : Expr . GREATER_EQUAL Expr  (66)
	Expr : Expr . AND Expr  (67)
	Expr : Expr . OR Expr  (68)
	Expr : Expr . MOMO Expr  (79)
	Expr : Expr MOMO Expr .  (79)
	Expr : Expr . PLUSPLUS Expr  (80)
	Expr : Expr . '[' Expr ':' Expr ']'  (81)
	Expr : Expr . '[' Expr ']' DEFAULT Expr  (82)

	'+'  shift 128
	'-'  shift 129
	'*'  shift 130
	'/'  shift 131
	'%'  shift 132
	'.'  shift 135
	'['  shift 136
	WHILE  reduce 79
	FOR  reduce 79
	IF  reduce 79
	AND  reduce 79
	OR  reduce 79
	LESS_EQUAL  reduce 79
	GREATER_EQUAL  reduce 79
	EQUAL  reduce 79
	NOT_EQUAL  reduce 79
	'>'  reduce 79
	'<'  reduce 79
	','  reduce 79
	';'  reduce 79
	')'  reduce 79
	']'  reduce 79
	':'  reduce 79
	MOMO  reduce 79
	PLUSPLUS  reduce 79


state 177
	Receiver : Expr . '.'  (47)
	LValue : Expr . '[' Expr ']'  (50)
	Expr : Expr . '+' Expr  (56)
	Expr : Expr . '-' Expr  (57)
	Expr : Expr . '*' Expr  (58)
	Expr : Expr . '/' Expr  (59)
	Expr : Expr . '%' Expr  (60)
	Expr : Expr . EQUAL Expr  (61)
	Expr : Expr . NOT_EQUAL Expr  (62)
	Expr : Expr . '<' Expr  (63)
	Expr : Expr . '>' Expr  (64)
	Expr : Expr . LESS_EQUAL Expr  (65)
	Expr : Expr . GREATER_EQUAL Expr  (66)
	Expr : Expr . AND Expr  (67)
	Expr : Expr . OR Expr  (68)
	Expr : Expr . MOMO Expr  (79)
	Expr : Expr . PLUSPLUS Expr  (80)
	Expr : Expr PLUSPLUS Expr .  (80)
	Expr : Expr . '[' Expr ':' Expr ']'  (81)
	Expr : Expr . '[' Expr ']' DEFAULT Expr  (82)

	'+'  shift 128
	'-'  shift 129
	'*'  shift 130
	'/'  shift 131
	'%'  shift 132
	'.'  shift 135
	'['  shift 136
	MOMO  shift 137
	PLUSPLUS  shift 138
	WHILE  reduce 80
	FOR  reduce 80
	IF  reduce 80
	AND  reduce 80
	OR  reduce 80
	LESS_EQUAL  reduce 80
	GREATER_EQUAL  reduce 80
	EQUAL  reduce 80
	NOT_EQUAL  reduce 80
	'>'  reduce 80
	'<'  reduce 80
	','  reduce 80
	';'  reduce 80
	')'  reduce 80
	']'  reduce 80
	':'  reduce 80


state 178
	SimpleStmt : LValue '=' Expr .  (44)
	Receiver : Expr . '.'  (47)
	LValue : Expr . '[' Expr ']'  (50)
	Expr : Expr . '+' Expr  (56)
	Expr : Expr . '-' Expr  (57)
	Expr : Expr . '*' Expr  (58)
	Expr : Expr . '/' Expr  (59)
	Expr : Expr . '%' Expr  (60)
	Expr : Expr . EQUAL Expr  (61)
	Expr : Expr . NOT_EQUAL Expr  (62)
	Expr : Expr . '<' Expr  (63)
	Expr : Expr . '>' Expr  (64)
	Expr : Expr . LESS_EQUAL Expr  (65)
	Expr : Expr . GREATER_EQUAL Expr  (66)
	Expr : Expr . AND Expr  (67)
	Expr : Expr . OR Expr  (68)
	Expr : Expr . MOMO Expr  (79)
	Expr : Expr . PLUSPLUS Expr  (80)
	Expr : Expr . '[' Expr ':' Expr ']'  (81)
	Expr : Expr . '[' Expr ']' DEFAULT Expr  (82)

	AND  shift 122
	OR  shift 123
	LESS_EQUAL  shift 124
	GREATER_EQUAL  shift 125
	EQUAL  shift 126
	NOT_EQUAL  shift 127
	'+'  shift 128
	'-'  shift 129
	'*'  shift 130
	'/'  shift 131
	'%'  shift 132
	'>'  shift 133
	'<'  shift 134
	'.'  shift 135
	'['  shift 136
	MOMO  shift 137
	PLUSPLUS  shift 138
	';'  reduce 44
	')'  reduce 44


state 179
	Call : Receiver IDENTIFIER '(' . Actuals ')'  (52)
	Receiver : .  (48)
	Actuals : .  (89)

	NULL  shift 53
	THIS  shift 54
	NEW  shift 60
	READ_INTEGER  shift 62
	READ_LINE  shift 63
	LITERAL  shift 64
	INSTANCEOF  shift 65
	'-'  shift 66
	'!'  shift 67
	'('  shift 68
	'['  shift 69
	VAR  shift 72
	IDENTIFIER  reduce 48
	')'  reduce 89

	Expr  goto 149
	LValue  goto 98
	Call  goto 99
	Receiver  goto 90
	Actuals  goto 201
	Constant  goto 91
	ArrayConstant  goto 92
	ExprList  goto 202


state 180
	WhileStmt : WHILE '(' Expr ')' . Stmt  (92)
	SimpleStmt : .  (46)
	Receiver : .  (48)

	VOID  shift 17
	BOOL  shift 18
	INT  shift 19
	STRING  shift 20
	CLASS  shift 21
	NULL  shift 53
	THIS  shift 54
	WHILE  shift 55
	FOR  shift 56
	IF  shift 57
	RETURN  shift 58
	BREAK  shift 59
	NEW  shift 60
	PRINT  shift 61
	READ_INTEGER  shift 62
	READ_LINE  shift 63
	LITERAL  shift 64
	INSTANCEOF  shift 65
	'-'  shift 66
	'!'  shift 67
	'('  shift 68
	'['  shift 69
	'{'  shift 48
	SCOPY  shift 71
	VAR  shift 72
	FOREACH  shift 73
	IDENTIFIER  reduce 48
	';'  reduce 46

	VariableDef  goto 74
	Variable  goto 25
	Type  goto 40
	StmtBlock  goto 75
	Stmt  goto 203
	SimpleStmt  goto 77
	IfStmt  goto 78
	WhileStmt  goto 79
	ForStmt  goto 80
	ReturnStmt  goto 81
	PrintStmt  goto 82
	BreakStmt  goto 83
	OCStmt  goto 84
	GuardedStmt  goto 85
	ForeachStmt  goto 86
	Expr  goto 87
	LValue  goto 88
	Call  goto 89
	Receiver  goto 90
	Constant  goto 91
	ArrayConstant  goto 92


state 181
	ForStmt : FOR '(' SimpleStmt ';' . Expr ';' SimpleStmt ')' Stmt  (93)
	Receiver : .  (48)

	NULL  shift 53
	THIS  shift 54
	NEW  shift 60
	READ_INTEGER  shift 62
	READ_LINE  shift 63
	LITERAL  shift 64
	INSTANCEOF  shift 65
	'-'  shift 66
	'!'  shift 67
	'('  shift 68
	'['  shift 69
	VAR  shift 72
	IDENTIFIER  reduce 48

	Expr  goto 204
	LValue  goto 98
	Call  goto 99
	Receiver  goto 90
	Constant  goto 91
	ArrayConstant  goto 92


state 182
	IfStmt : IF '(' Expr ')' . Stmt ElseClause  (95)
	SimpleStmt : .  (46)
	Receiver : .  (48)

	VOID  shift 17
	BOOL  shift 18
	INT  shift 19
	STRING  shift 20
	CLASS  shift 21
	NULL  shift 53
	THIS  shift 54
	WHILE  shift 55
	FOR  shift 56
	IF  shift 57
	RETURN  shift 58
	BREAK  shift 59
	NEW  shift 60
	PRINT  shift 61
	READ_INTEGER  shift 62
	READ_LINE  shift 63
	LITERAL  shift 64
	INSTANCEOF  shift 65
	'-'  shift 66
	'!'  shift 67
	'('  shift 68
	'['  shift 69
	'{'  shift 48
	SCOPY  shift 71
	VAR  shift 72
	FOREACH  shift 73
	IDENTIFIER  reduce 48
	';'  reduce 46

	VariableDef  goto 74
	Variable  goto 25
	Type  goto 40
	StmtBlock  goto 75
	Stmt  goto 205
	SimpleStmt  goto 77
	IfStmt  goto 78
	WhileStmt  goto 79
	ForStmt  goto 80
	ReturnStmt  goto 81
	PrintStmt  goto 82
	BreakStmt  goto 83
	OCStmt  goto 84
	GuardedStmt  goto 85
	ForeachStmt  goto 86
	Expr  goto 87
	LValue  goto 88
	Call  goto 89
	Receiver  goto 90
	Constant  goto 91
	ArrayConstant  goto 92


state 183
	IfSubStmt : Expr ':' . Stmt  (106)
	SimpleStmt : .  (46)
	Receiver : .  (48)

	VOID  shift 17
	BOOL  shift 18
	INT  shift 19
	STRING  shift 20
	CLASS  shift 21
	NULL  shift 53
	THIS  shift 54
	WHILE  shift 55
	FOR  shift 56
	IF  shift 57
	RETURN  shift 58
	BREAK  shift 59
	NEW  shift 60
	PRINT  shift 61
	READ_INTEGER  shift 62
	READ_LINE  shift 63
	LITERAL  shift 64
	INSTANCEOF  shift 65
	'-'  shift 66
	'!'  shift 67
	'('  shift 68
	'['  shift 69
	'{'  shift 48
	SCOPY  shift 71
	VAR  shift 72
	FOREACH  shift 73
	IDENTIFIER  reduce 48
	';'  reduce 46

	VariableDef  goto 74
	Variable  goto 25
	Type  goto 40
	StmtBlock  goto 75
	Stmt  goto 206
	SimpleStmt  goto 77
	IfStmt  goto 78
	WhileStmt  goto 79
	ForStmt  goto 80
	ReturnStmt  goto 81
	PrintStmt  goto 82
	BreakStmt  goto 83
	OCStmt  goto 84
	GuardedStmt  goto 85
	ForeachStmt  goto 86
	Expr  goto 87
	LValue  goto 88
	Call  goto 89
	Receiver  goto 90
	Constant  goto 91
	ArrayConstant  goto 92


state 184
	GuardedStmt : IF '{' IfBranches '}' .  (102)

	.  reduce 102


state 185
	IfBranches : IfBranches GUARD . IfSubStmt  (103)
	Receiver : .  (48)

	NULL  shift 53
	THIS  shift 54
	NEW  shift 60
	READ_INTEGER  shift 62
	READ_LINE  shift 63
	LITERAL  shift 64
	INSTANCEOF  shift 65
	'-'  shift 66
	'!'  shift 67
	'('  shift 68
	'['  shift 69
	VAR  shift 72
	IDENTIFIER  reduce 48

	Expr  goto 144
	LValue  goto 98
	Call  goto 99
	Receiver  goto 90
	Constant  goto 91
	ArrayConstant  goto 92
	IfSubStmt  goto 207


state 186
	Expr : NEW IDENTIFIER '(' ')' .  (75)

	.  reduce 75


state 187
	Receiver : Expr . '.'  (47)
	LValue : Expr . '[' Expr ']'  (50)
	Expr : Expr . '+' Expr  (56)
	Expr : Expr . '-' Expr  (57)
	Expr : Expr . '*' Expr  (58)
	Expr : Expr . '/' Expr  (59)
	Expr : Expr . '%' Expr  (60)
	Expr : Expr . EQUAL Expr  (61)
	Expr : Expr . NOT_EQUAL Expr  (62)
	Expr : Expr . '<' Expr  (63)
	Expr : Expr . '>' Expr  (64)
	Expr : Expr . LESS_EQUAL Expr  (65)
	Expr : Expr . GREATER_EQUAL Expr  (66)
	Expr : Expr . AND Expr  (67)
	Expr : Expr . OR Expr  (68)
	Expr : NEW Type '[' Expr . ']'  (76)
	Expr : Expr . MOMO Expr  (79)
	Expr : Expr . PLUSPLUS Expr  (80)
	Expr : Expr . '[' Expr ':' Expr ']'  (81)
	Expr : Expr . '[' Expr ']' DEFAULT Expr  (82)

	AND  shift 122
	OR  shift 123
	LESS_EQUAL  shift 124
	GREATER_EQUAL  shift 125
	EQUAL  shift 126
	NOT_EQUAL  shift 127
	'+'  shift 128
	'-'  shift 129
	'*'  shift 130
	'/'  shift 131
	'%'  shift 132
	'>'  shift 133
	'<'  shift 134
	'.'  shift 135
	'['  shift 136
	']'  shift 208
	MOMO  shift 137
	PLUSPLUS  shift 138
	.  error


state 188
	ExprList : ExprList ',' . Expr  (90)
	Receiver : .  (48)

	NULL  shift 53
	THIS  shift 54
	NEW  shift 60
	READ_INTEGER  shift 62
	READ_LINE  shift 63
	LITERAL  shift 64
	INSTANCEOF  shift 65
	'-'  shift 66
	'!'  shift 67
	'('  shift 68
	'['  shift 69
	VAR  shift 72
	IDENTIFIER  reduce 48

	Expr  goto 209
	LValue  goto 98
	Call  goto 99
	Receiver  goto 90
	Constant  goto 91
	ArrayConstant  goto 92


state 189
	PrintStmt : PRINT '(' ExprList ')' .  (100)

	.  reduce 100


state 190
	Expr : INSTANCEOF '(' Expr ',' . IDENTIFIER ')'  (77)

	IDENTIFIER  shift 210
	.  error


state 191
	Expr : '(' CLASS IDENTIFIER ')' . Expr  (78)
	Receiver : .  (48)

	NULL  shift 53
	THIS  shift 54
	NEW  shift 60
	READ_INTEGER  shift 62
	READ_LINE  shift 63
	LITERAL  shift 64
	INSTANCEOF  shift 65
	'-'  shift 66
	'!'  shift 67
	'('  shift 68
	'['  shift 69
	VAR  shift 72
	IDENTIFIER  reduce 48

	Expr  goto 211
	LValue  goto 98
	Call  goto 99
	Receiver  goto 90
	Constant  goto 91
	ArrayConstant  goto 92


state 192
	Expr : '[' Expr FOR IDENTIFIER . IN Expr ']'  (83)
	Expr : '[' Expr FOR IDENTIFIER . IN Expr IF Expr ']'  (84)

	IN  shift 212
	.  error


state 193
	ArrayConstant : '[' . Constants ']'  (107)
	ArrayConstant : '[' . ']'  (108)

	NULL  shift 53
	LITERAL  shift 64
	'['  shift 193
	']'  shift 110
	.  error

	Constant  goto 194
	ArrayConstant  goto 92
	Constants  goto 113


state 194
	Constants : Constant . ',' Constants  (109)
	Constants : Constant .  (110)

	','  shift 157
	']'  reduce 110


state 195
	Constants : Constant ',' Constants .  (109)

	.  reduce 109


state 196
	OCStmt : SCOPY '(' IDENTIFIER ',' . Expr ')'  (101)
	Receiver : .  (48)

	NULL  shift 53
	THIS  shift 54
	NEW  shift 60
	READ_INTEGER  shift 62
	READ_LINE  shift 63
	LITERAL  shift 64
	INSTANCEOF  shift 65
	'-'  shift 66
	'!'  shift 67
	'('  shift 68
	'['  shift 69
	VAR  shift 72
	IDENTIFIER  reduce 48

	Expr  goto 213
	LValue  goto 98
	Call  goto 99
	Receiver  goto 90
	Constant  goto 91
	ArrayConstant  goto 92


state 197
	ForeachStmt : FOREACH '(' VAR IDENTIFIER . IN Expr WHILE Expr ')' StmtBlock  (40)
	ForeachStmt : FOREACH '(' VAR IDENTIFIER . IN Expr ')' StmtBlock  (41)

	IN  shift 214
	.  error


state 198
	ForeachStmt : FOREACH '(' Type IDENTIFIER . IN Expr WHILE Expr ')' StmtBlock  (42)
	ForeachStmt : FOREACH '(' Type IDENTIFIER . IN Expr ')' StmtBlock  (43)

	IN  shift 215
	.  error


state 199
	LValue : Expr '[' Expr ']' .  (50)
	Expr : Expr '[' Expr ']' . DEFAULT Expr  (82)

	DEFAULT  shift 216
	WHILE  reduce 50
	FOR  reduce 50
	IF  reduce 50
	AND  reduce 50
	OR  reduce 50
	LESS_EQUAL  reduce 50
	GREATER_EQUAL  reduce 50
	EQUAL  reduce 50
	NOT_EQUAL  reduce 50
	'+'  reduce 50
	'-'  reduce 50
	'*'  reduce 50
	'/'  reduce 50
	'%'  reduce 50
	'='  reduce 50
	'>'  reduce 50
	'<'  reduce 50
	'.'  reduce 50
	','  reduce 50
	';'  reduce 50
	')'  reduce 50
	'['  reduce 50
	']'  reduce 50
	':'  reduce 50
	MOMO  reduce 50
	PLUSPLUS  reduce 50


state 200
	Expr : Expr '[' Expr ':' . Expr ']'  (81)
	Receiver : .  (48)

	NULL  shift 53
	THIS  shift 54
	NEW  shift 60
	READ_INTEGER  shift 62
	READ_LINE  shift 63
	LITERAL  shift 64
	INSTANCEOF  shift 65
	'-'  shift 66
	'!'  shift 67
	'('  shift 68
	'['  shift 69
	VAR  shift 72
	IDENTIFIER  reduce 48

	Expr  goto 217
	LValue  goto 98
	Call  goto 99
	Receiver  goto 90
	Constant  goto 91
	ArrayConstant  goto 92


state 201
	Call : Receiver IDENTIFIER '(' Actuals . ')'  (52)

	')'  shift 218
	.  error


state 202
	Actuals : ExprList .  (88)
	ExprList : ExprList . ',' Expr  (90)

	','  shift 188
	')'  reduce 88


state 203
	WhileStmt : WHILE '(' Expr ')' Stmt .  (92)

	.  reduce 92


state 204
	Receiver : Expr . '.'  (47)
	LValue : Expr . '[' Expr ']'  (50)
	Expr : Expr . '+' Expr  (56)
	Expr : Expr . '-' Expr  (57)
	Expr : Expr . '*' Expr  (58)
	Expr : Expr . '/' Expr  (59)
	Expr : Expr . '%' Expr  (60)
	Expr : Expr . EQUAL Expr  (61)
	Expr : Expr . NOT_EQUAL Expr  (62)
	Expr : Expr . '<' Expr  (63)
	Expr : Expr . '>' Expr  (64)
	Expr : Expr . LESS_EQUAL Expr  (65)
	Expr : Expr . GREATER_EQUAL Expr  (66)
	Expr : Expr . AND Expr  (67)
	Expr : Expr . OR Expr  (68)
	Expr : Expr . MOMO Expr  (79)
	Expr : Expr . PLUSPLUS Expr  (80)
	Expr : Expr . '[' Expr ':' Expr ']'  (81)
	Expr : Expr . '[' Expr ']' DEFAULT Expr  (82)
	ForStmt : FOR '(' SimpleStmt ';' Expr . ';' SimpleStmt ')' Stmt  (93)

	AND  shift 122
	OR  shift 123
	LESS_EQUAL  shift 124
	GREATER_EQUAL  shift 125
	EQUAL  shift 126
	NOT_EQUAL  shift 127
	'+'  shift 128
	'-'  shift 129
	'*'  shift 130
	'/'  shift 131
	'%'  shift 132
	'>'  shift 133
	'<'  shift 134
	'.'  shift 135
	';'  shift 219
	'['  shift 136
	MOMO  shift 137
	PLUSPLUS  shift 138
	.  error


state 205
	IfStmt : IF '(' Expr ')' Stmt . ElseClause  (95)
	ElseClause : .  (97)

	ELSE  shift 220
	VOID  reduce 97
	BOOL  reduce 97
	INT  reduce 97
	STRING  reduce 97
	CLASS  reduce 97
	NULL  reduce 97
	THIS  reduce 97
	WHILE  reduce 97
	FOR  reduce 97
	IF  reduce 97
	RETURN  reduce 97
	BREAK  reduce 97
	NEW  reduce 97
	PRINT  reduce 97
	READ_INTEGER  reduce 97
	READ_LINE  reduce 97
	LITERAL  reduce 97
	IDENTIFIER  reduce 97
	INSTANCEOF  reduce 97
	'-'  reduce 97
	';'  reduce 97
	'!'  reduce 97
	'('  reduce 97
	'['  reduce 97
	'{'  reduce 97
	'}'  reduce 97
	SCOPY  reduce 97
	VAR  reduce 97
	GUARD  reduce 97
	FOREACH  reduce 97

	ElseClause  goto 221


state 206
	IfSubStmt : Expr ':' Stmt .  (106)

	.  reduce 106


state 207
	IfBranches : IfBranches GUARD IfSubStmt .  (103)

	.  reduce 103


state 208
	Expr : NEW Type '[' Expr ']' .  (76)

	.  reduce 76


state 209
	Receiver : Expr . '.'  (47)
	LValue : Expr . '[' Expr ']'  (50)
	Expr : Expr . '+' Expr  (56)
	Expr : Expr . '-' Expr  (57)
	Expr : Expr . '*' Expr  (58)
	Expr : Expr . '/' Expr  (59)
	Expr : Expr . '%' Expr  (60)
	Expr : Expr . EQUAL Expr  (61)
	Expr : Expr . NOT_EQUAL Expr  (62)
	Expr : Expr . '<' Expr  (63)
	Expr : Expr . '>' Expr  (64)
	Expr : Expr . LESS_EQUAL Expr  (65)
	Expr : Expr . GREATER_EQUAL Expr  (66)
	Expr : Expr . AND Expr  (67)
	Expr : Expr . OR Expr  (68)
	Expr : Expr . MOMO Expr  (79)
	Expr : Expr . PLUSPLUS Expr  (80)
	Expr : Expr . '[' Expr ':' Expr ']'  (81)
	Expr : Expr . '[' Expr ']' DEFAULT Expr  (82)
	ExprList : ExprList ',' Expr .  (90)

	AND  shift 122
	OR  shift 123
	LESS_EQUAL  shift 124
	GREATER_EQUAL  shift 125
	EQUAL  shift 126
	NOT_EQUAL  shift 127
	'+'  shift 128
	'-'  shift 129
	'*'  shift 130
	'/'  shift 131
	'%'  shift 132
	'>'  shift 133
	'<'  shift 134
	'.'  shift 135
	'['  shift 136
	MOMO  shift 137
	PLUSPLUS  shift 138
	','  reduce 90
	')'  reduce 90


state 210
	Expr : INSTANCEOF '(' Expr ',' IDENTIFIER . ')'  (77)

	')'  shift 222
	.  error


state 211
	Receiver : Expr . '.'  (47)
	LValue : Expr . '[' Expr ']'  (50)
	Expr : Expr . '+' Expr  (56)
	Expr : Expr . '-' Expr  (57)
	Expr : Expr . '*' Expr  (58)
	Expr : Expr . '/' Expr  (59)
	Expr : Expr . '%' Expr  (60)
	Expr : Expr . EQUAL Expr  (61)
	Expr : Expr . NOT_EQUAL Expr  (62)
	Expr : Expr . '<' Expr  (63)
	Expr : Expr . '>' Expr  (64)
	Expr : Expr . LESS_EQUAL Expr  (65)
	Expr : Expr . GREATER_EQUAL Expr  (66)
	Expr : Expr . AND Expr  (67)
	Expr : Expr . OR Expr  (68)
	Expr : '(' CLASS IDENTIFIER ')' Expr .  (78)
	Expr : Expr . MOMO Expr  (79)
	Expr : Expr . PLUSPLUS Expr  (80)
	Expr : Expr . '[' Expr ':' Expr ']'  (81)
	Expr : Expr . '[' Expr ']' DEFAULT Expr  (82)

	.  reduce 78


state 212
	Expr : '[' Expr FOR IDENTIFIER IN . Expr ']'  (83)
	Expr : '[' Expr FOR IDENTIFIER IN . Expr IF Expr ']'  (84)
	Receiver : .  (48)

	NULL  shift 53
	THIS  shift 54
	NEW  shift 60
	READ_INTEGER  shift 62
	READ_LINE  shift 63
	LITERAL  shift 64
	INSTANCEOF  shift 65
	'-'  shift 66
	'!'  shift 67
	'('  shift 68
	'['  shift 69
	VAR  shift 72
	IDENTIFIER  reduce 48

	Expr  goto 223
	LValue  goto 98
	Call  goto 99
	Receiver  goto 90
	Constant  goto 91
	ArrayConstant  goto 92


state 213
	Receiver : Expr . '.'  (47)
	LValue : Expr . '[' Expr ']'  (50)
	Expr : Expr . '+' Expr  (56)
	Expr : Expr . '-' Expr  (57)
	Expr : Expr . '*' Expr  (58)
	Expr : Expr . '/' Expr  (59)
	Expr : Expr . '%' Expr  (60)
	Expr : Expr . EQUAL Expr  (61)
	Expr : Expr . NOT_EQUAL Expr  (62)
	Expr : Expr . '<' Expr  (63)
	Expr : Expr . '>' Expr  (64)
	Expr : Expr . LESS_EQUAL Expr  (65)
	Expr : Expr . GREATER_EQUAL Expr  (66)
	Expr : Expr . AND Expr  (67)
	Expr : Expr . OR Expr  (68)
	Expr : Expr . MOMO Expr  (79)
	Expr : Expr . PLUSPLUS Expr  (80)
	Expr : Expr . '[' Expr ':' Expr ']'  (81)
	Expr : Expr . '[' Expr ']' DEFAULT Expr  (82)
	OCStmt : SCOPY '(' IDENTIFIER ',' Expr . ')'  (101)

	AND  shift 122
	OR  shift 123
	LESS_EQUAL  shift 124
	GREATER_EQUAL  shift 125
	EQUAL  shift 126
	NOT_EQUAL  shift 127
	'+'  shift 128
	'-'  shift 129
	'*'  shift 130
	'/'  shift 131
	'%'  shift 132
	'>'  shift 133
	'<'  shift 134
	'.'  shift 135
	')'  shift 224
	'['  shift 136
	MOMO  shift 137
	PLUSPLUS  shift 138
	.  error


state 214
	ForeachStmt : FOREACH '(' VAR IDENTIFIER IN . Expr WHILE Expr ')' StmtBlock  (40)
	ForeachStmt : FOREACH '(' VAR IDENTIFIER IN . Expr ')' StmtBlock  (41)
	Receiver : .  (48)

	NULL  shift 53
	THIS  shift 54
	NEW  shift 60
	READ_INTEGER  shift 62
	READ_LINE  shift 63
	LITERAL  shift 64
	INSTANCEOF  shift 65
	'-'  shift 66
	'!'  shift 67
	'('  shift 68
	'['  shift 69
	VAR  shift 72
	IDENTIFIER  reduce 48

	Expr  goto 225
	LValue  goto 98
	Call  goto 99
	Receiver  goto 90
	Constant  goto 91
	ArrayConstant  goto 92


state 215
	ForeachStmt : FOREACH '(' Type IDENTIFIER IN . Expr WHILE Expr ')' StmtBlock  (42)
	ForeachStmt : FOREACH '(' Type IDENTIFIER IN . Expr ')' StmtBlock  (43)
	Receiver : .  (48)

	NULL  shift 53
	THIS  shift 54
	NEW  shift 60
	READ_INTEGER  shift 62
	READ_LINE  shift 63
	LITERAL  shift 64
	INSTANCEOF  shift 65
	'-'  shift 66
	'!'  shift 67
	'('  shift 68
	'['  shift 69
	VAR  shift 72
	IDENTIFIER  reduce 48

	Expr  goto 226
	LValue  goto 98
	Call  goto 99
	Receiver  goto 90
	Constant  goto 91
	ArrayConstant  goto 92


state 216
	Expr : Expr '[' Expr ']' DEFAULT . Expr  (82)
	Receiver : .  (48)

	NULL  shift 53
	THIS  shift 54
	NEW  shift 60
	READ_INTEGER  shift 62
	READ_LINE  shift 63
	LITERAL  shift 64
	INSTANCEOF  shift 65
	'-'  shift 66
	'!'  shift 67
	'('  shift 68
	'['  shift 69
	VAR  shift 72
	IDENTIFIER  reduce 48

	Expr  goto 227
	LValue  goto 98
	Call  goto 99
	Receiver  goto 90
	Constant  goto 91
	ArrayConstant  goto 92


state 217
	Receiver : Expr . '.'  (47)
	LValue : Expr . '[' Expr ']'  (50)
	Expr : Expr . '+' Expr  (56)
	Expr : Expr . '-' Expr  (57)
	Expr : Expr . '*' Expr  (58)
	Expr : Expr . '/' Expr  (59)
	Expr : Expr . '%' Expr  (60)
	Expr : Expr . EQUAL Expr  (61)
	Expr : Expr . NOT_EQUAL Expr  (62)
	Expr : Expr . '<' Expr  (63)
	Expr : Expr . '>' Expr  (64)
	Expr : Expr . LESS_EQUAL Expr  (65)
	Expr : Expr . GREATER_EQUAL Expr  (66)
	Expr : Expr . AND Expr  (67)
	Expr : Expr . OR Expr  (68)
	Expr : Expr . MOMO Expr  (79)
	Expr : Expr . PLUSPLUS Expr  (80)
	Expr : Expr . '[' Expr ':' Expr ']'  (81)
	Expr : Expr '[' Expr ':' Expr . ']'  (81)
	Expr : Expr . '[' Expr ']' DEFAULT Expr  (82)

	AND  shift 122
	OR  shift 123
	LESS_EQUAL  shift 124
	GREATER_EQUAL  shift 125
	EQUAL  shift 126
	NOT_EQUAL  shift 127
	'+'  shift 128
	'-'  shift 129
	'*'  shift 130
	'/'  shift 131
	'%'  shift 132
	'>'  shift 133
	'<'  shift 134
	'.'  shift 135
	'['  shift 136
	']'  shift 228
	MOMO  shift 137
	PLUSPLUS  shift 138
	.  error


state 218
	Call : Receiver IDENTIFIER '(' Actuals ')' .  (52)

	.  reduce 52


state 219
	ForStmt : FOR '(' SimpleStmt ';' Expr ';' . SimpleStmt ')' Stmt  (93)
	SimpleStmt : .  (46)
	Receiver : .  (48)

	NULL  shift 53
	THIS  shift 54
	NEW  shift 60
	READ_INTEGER  shift 62
	READ_LINE  shift 63
	LITERAL  shift 64
	INSTANCEOF  shift 65
	'-'  shift 66
	'!'  shift 67
	'('  shift 68
	'['  shift 69
	VAR  shift 72
	IDENTIFIER  reduce 48
	')'  reduce 46

	SimpleStmt  goto 229
	Expr  goto 87
	LValue  goto 88
	Call  goto 89
	Receiver  goto 90
	Constant  goto 91
	ArrayConstant  goto 92


state 220
	ElseClause : ELSE . Stmt  (96)
	SimpleStmt : .  (46)
	Receiver : .  (48)

	VOID  shift 17
	BOOL  shift 18
	INT  shift 19
	STRING  shift 20
	CLASS  shift 21
	NULL  shift 53
	THIS  shift 54
	WHILE  shift 55
	FOR  shift 56
	IF  shift 57
	RETURN  shift 58
	BREAK  shift 59
	NEW  shift 60
	PRINT  shift 61
	READ_INTEGER  shift 62
	READ_LINE  shift 63
	LITERAL  shift 64
	INSTANCEOF  shift 65
	'-'  shift 66
	'!'  shift 67
	'('  shift 68
	'['  shift 69
	'{'  shift 48
	SCOPY  shift 71
	VAR  shift 72
	FOREACH  shift 73
	IDENTIFIER  reduce 48
	';'  reduce 46

	VariableDef  goto 74
	Variable  goto 25
	Type  goto 40
	StmtBlock  goto 75
	Stmt  goto 230
	SimpleStmt  goto 77
	IfStmt  goto 78
	WhileStmt  goto 79
	ForStmt  goto 80
	ReturnStmt  goto 81
	PrintStmt  goto 82
	BreakStmt  goto 83
	OCStmt  goto 84
	GuardedStmt  goto 85
	ForeachStmt  goto 86
	Expr  goto 87
	LValue  goto 88
	Call  goto 89
	Receiver  goto 90
	Constant  goto 91
	ArrayConstant  goto 92


state 221
	IfStmt : IF '(' Expr ')' Stmt ElseClause .  (95)

	.  reduce 95


state 222
	Expr : INSTANCEOF '(' Expr ',' IDENTIFIER ')' .  (77)

	.  reduce 77


state 223
	Receiver : Expr . '.'  (47)
	LValue : Expr . '[' Expr ']'  (50)
	Expr : Expr . '+' Expr  (56)
	Expr : Expr . '-' Expr  (57)
	Expr : Expr . '*' Expr  (58)
	Expr : Expr . '/' Expr  (59)
	Expr : Expr . '%' Expr  (60)
	Expr : Expr . EQUAL Expr  (61)
	Expr : Expr . NOT_EQUAL Expr  (62)
	Expr : Expr . '<' Expr  (63)
	Expr : Expr . '>' Expr  (64)
	Expr : Expr . LESS_EQUAL Expr  (65)
	Expr : Expr . GREATER_EQUAL Expr  (66)
	Expr : Expr . AND Expr  (67)
	Expr : Expr . OR Expr  (68)
	Expr : Expr . MOMO Expr  (79)
	Expr : Expr . PLUSPLUS Expr  (80)
	Expr : Expr . '[' Expr ':' Expr ']'  (81)
	Expr : Expr . '[' Expr ']' DEFAULT Expr  (82)
	Expr : '[' Expr FOR IDENTIFIER IN Expr . ']'  (83)
	Expr : '[' Expr FOR IDENTIFIER IN Expr . IF Expr ']'  (84)

	IF  shift 231
	AND  shift 122
	OR  shift 123
	LESS_EQUAL  shift 124
	GREATER_EQUAL  shift 125
	EQUAL  shift 126
	NOT_EQUAL  shift 127
	'+'  shift 128
	'-'  shift 129
	'*'  shift 130
	'/'  shift 131
	'%'  shift 132
	'>'  shift 133
	'<'  shift 134
	'.'  shift 135
	'['  shift 136
	']'  shift 232
	MOMO  shift 137
	PLUSPLUS  shift 138
	.  error


state 224
	OCStmt : SCOPY '(' IDENTIFIER ',' Expr ')' .  (101)

	.  reduce 101


state 225
	ForeachStmt : FOREACH '(' VAR IDENTIFIER IN Expr . WHILE Expr ')' StmtBlock  (40)
	ForeachStmt : FOREACH '(' VAR IDENTIFIER IN Expr . ')' StmtBlock  (41)
	Receiver : Expr . '.'  (47)
	LValue : Expr . '[' Expr ']'  (50)
	Expr : Expr . '+' Expr  (56)
	Expr : Expr . '-' Expr  (57)
	Expr : Expr . '*' Expr  (58)
	Expr : Expr . '/' Expr  (59)
	Expr : Expr . '%' Expr  (60)
	Expr : Expr . EQUAL Expr  (61)
	Expr : Expr . NOT_EQUAL Expr  (62)
	Expr : Expr . '<' Expr  (63)
	Expr : Expr . '>' Expr  (64)
	Expr : Expr . LESS_EQUAL Expr  (65)
	Expr : Expr . GREATER_EQUAL Expr  (66)
	Expr : Expr . AND Expr  (67)
	Expr : Expr . OR Expr  (68)
	Expr : Expr . MOMO Expr  (79)
	Expr : Expr . PLUSPLUS Expr  (80)
	Expr : Expr . '[' Expr ':' Expr ']'  (81)
	Expr : Expr . '[' Expr ']' DEFAULT Expr  (82)

	WHILE  shift 233
	AND  shift 122
	OR  shift 123
	LESS_EQUAL  shift 124
	GREATER_EQUAL  shift 125
	EQUAL  shift 126
	NOT_EQUAL  shift 127
	'+'  shift 128
	'-'  shift 129
	'*'  shift 130
	'/'  shift 131
	'%'  shift 132
	'>'  shift 133
	'<'  shift 134
	'.'  shift 135
	')'  shift 234
	'['  shift 136
	MOMO  shift 137
	PLUSPLUS  shift 138
	.  error


state 226
	ForeachStmt : FOREACH '(' Type IDENTIFIER IN Expr . WHILE Expr ')' StmtBlock  (42)
	ForeachStmt : FOREACH '(' Type IDENTIFIER IN Expr . ')' StmtBlock  (43)
	Receiver : Expr . '.'  (47)
	LValue : Expr . '[' Expr ']'  (50)
	Expr : Expr . '+' Expr  (56)
	Expr : Expr . '-' Expr  (57)
	Expr : Expr . '*' Expr  (58)
	Expr : Expr . '/' Expr  (59)
	Expr : Expr . '%' Expr  (60)
	Expr : Expr . EQUAL Expr  (61)
	Expr : Expr . NOT_EQUAL Expr  (62)
	Expr : Expr . '<' Expr  (63)
	Expr : Expr . '>' Expr  (64)
	Expr : Expr . LESS_EQUAL Expr  (65)
	Expr : Expr . GREATER_EQUAL Expr  (66)
	Expr : Expr . AND Expr  (67)
	Expr : Expr . OR Expr  (68)
	Expr : Expr . MOMO Expr  (79)
	Expr : Expr . PLUSPLUS Expr  (80)
	Expr : Expr . '[' Expr ':' Expr ']'  (81)
	Expr : Expr . '[' Expr ']' DEFAULT Expr  (82)

	WHILE  shift 235
	AND  shift 122
	OR  shift 123
	LESS_EQUAL  shift 124
	GREATER_EQUAL  shift 125
	EQUAL  shift 126
	NOT_EQUAL  shift 127
	'+'  shift 128
	'-'  shift 129
	'*'  shift 130
	'/'  shift 131
	'%'  shift 132
	'>'  shift 133
	'<'  shift 134
	'.'  shift 135
	')'  shift 236
	'['  shift 136
	MOMO  shift 137
	PLUSPLUS  shift 138
	.  error


state 227
	Receiver : Expr . '.'  (47)
	LValue : Expr . '[' Expr ']'  (50)
	Expr : Expr . '+' Expr  (56)
	Expr : Expr . '-' Expr  (57)
	Expr : Expr . '*' Expr  (58)
	Expr : Expr . '/' Expr  (59)
	Expr : Expr . '%' Expr  (60)
	Expr : Expr . EQUAL Expr  (61)
	Expr : Expr . NOT_EQUAL Expr  (62)
	Expr : Expr . '<' Expr  (63)
	Expr : Expr . '>' Expr  (64)
	Expr : Expr . LESS_EQUAL Expr  (65)
	Expr : Expr . GREATER_EQUAL Expr  (66)
	Expr : Expr . AND Expr  (67)
	Expr : Expr . OR Expr  (68)
	Expr : Expr . MOMO Expr  (79)
	Expr : Expr . PLUSPLUS Expr  (80)
	Expr : Expr . '[' Expr ':' Expr ']'  (81)
	Expr : Expr . '[' Expr ']' DEFAULT Expr  (82)
	Expr : Expr '[' Expr ']' DEFAULT Expr .  (82)

	.  reduce 82


state 228
	Expr : Expr '[' Expr ':' Expr ']' .  (81)

	.  reduce 81


state 229
	ForStmt : FOR '(' SimpleStmt ';' Expr ';' SimpleStmt . ')' Stmt  (93)

	')'  shift 237
	.  error


state 230
	ElseClause : ELSE Stmt .  (96)

	.  reduce 96


state 231
	Expr : '[' Expr FOR IDENTIFIER IN Expr IF . Expr ']'  (84)
	Receiver : .  (48)

	NULL  shift 53
	THIS  shift 54
	NEW  shift 60
	READ_INTEGER  shift 62
	READ_LINE  shift 63
	LITERAL  shift 64
	INSTANCEOF  shift 65
	'-'  shift 66
	'!'  shift 67
	'('  shift 68
	'['  shift 69
	VAR  shift 72
	IDENTIFIER  reduce 48

	Expr  goto 238
	LValue  goto 98
	Call  goto 99
	Receiver  goto 90
	Constant  goto 91
	ArrayConstant  goto 92


state 232
	Expr : '[' Expr FOR IDENTIFIER IN Expr ']' .  (83)

	.  reduce 83


state 233
	ForeachStmt : FOREACH '(' VAR IDENTIFIER IN Expr WHILE . Expr ')' StmtBlock  (40)
	Receiver : .  (48)

	NULL  shift 53
	THIS  shift 54
	NEW  shift 60
	READ_INTEGER  shift 62
	READ_LINE  shift 63
	LITERAL  shift 64
	INSTANCEOF  shift 65
	'-'  shift 66
	'!'  shift 67
	'('  shift 68
	'['  shift 69
	VAR  shift 72
	IDENTIFIER  reduce 48

	Expr  goto 239
	LValue  goto 98
	Call  goto 99
	Receiver  goto 90
	Constant  goto 91
	ArrayConstant  goto 92


state 234
	ForeachStmt : FOREACH '(' VAR IDENTIFIER IN Expr ')' . StmtBlock  (41)

	'{'  shift 48
	.  error

	StmtBlock  goto 240


state 235
	ForeachStmt : FOREACH '(' Type IDENTIFIER IN Expr WHILE . Expr ')' StmtBlock  (42)
	Receiver : .  (48)

	NULL  shift 53
	THIS  shift 54
	NEW  shift 60
	READ_INTEGER  shift 62
	READ_LINE  shift 63
	LITERAL  shift 64
	INSTANCEOF  shift 65
	'-'  shift 66
	'!'  shift 67
	'('  shift 68
	'['  shift 69
	VAR  shift 72
	IDENTIFIER  reduce 48

	Expr  goto 241
	LValue  goto 98
	Call  goto 99
	Receiver  goto 90
	Constant  goto 91
	ArrayConstant  goto 92


state 236
	ForeachStmt : FOREACH '(' Type IDENTIFIER IN Expr ')' . StmtBlock  (43)

	'{'  shift 48
	.  error

	StmtBlock  goto 242


state 237
	ForStmt : FOR '(' SimpleStmt ';' Expr ';' SimpleStmt ')' . Stmt  (93)
	SimpleStmt : .  (46)
	Receiver : .  (48)

	VOID  shift 17
	BOOL  shift 18
	INT  shift 19
	STRING  shift 20
	CLASS  shift 21
	NULL  shift 53
	THIS  shift 54
	WHILE  shift 55
	FOR  shift 56
	IF  shift 57
	RETURN  shift 58
	BREAK  shift 59
	NEW  shift 60
	PRINT  shift 61
	READ_INTEGER  shift 62
	READ_LINE  shift 63
	LITERAL  shift 64
	INSTANCEOF  shift 65
	'-'  shift 66
	'!'  shift 67
	'('  shift 68
	'['  shift 69
	'{'  shift 48
	SCOPY  shift 71
	VAR  shift 72
	FOREACH  shift 73
	IDENTIFIER  reduce 48
	';'  reduce 46

	VariableDef  goto 74
	Variable  goto 25
	Type  goto 40
	StmtBlock  goto 75
	Stmt  goto 243
	SimpleStmt  goto 77
	IfStmt  goto 78
	WhileStmt  goto 79
	ForStmt  goto 80
	ReturnStmt  goto 81
	PrintStmt  goto 82
	BreakStmt  goto 83
	OCStmt  goto 84
	GuardedStmt  goto 85
	ForeachStmt  goto 86
	Expr  goto 87
	LValue  goto 88
	Call  goto 89
	Receiver  goto 90
	Constant  goto 91
	ArrayConstant  goto 92


state 238
	Receiver : Expr . '.'  (47)
	LValue : Expr . '[' Expr ']'  (50)
	Expr : Expr . '+' Expr  (56)
	Expr : Expr . '-' Expr  (57)
	Expr : Expr . '*' Expr  (58)
	Expr : Expr . '/' Expr  (59)
	Expr : Expr . '%' Expr  (60)
	Expr : Expr . EQUAL Expr  (61)
	Expr : Expr . NOT_EQUAL Expr  (62)
	Expr : Expr . '<' Expr  (63)
	Expr : Expr . '>' Expr  (64)
	Expr : Expr . LESS_EQUAL Expr  (65)
	Expr : Expr . GREATER_EQUAL Expr  (66)
	Expr : Expr . AND Expr  (67)
	Expr : Expr . OR Expr  (68)
	Expr : Expr . MOMO Expr  (79)
	Expr : Expr . PLUSPLUS Expr  (80)
	Expr : Expr . '[' Expr ':' Expr ']'  (81)
	Expr : Expr . '[' Expr ']' DEFAULT Expr  (82)
	Expr : '[' Expr FOR IDENTIFIER IN Expr IF Expr . ']'  (84)

	AND  shift 122
	OR  shift 123
	LESS_EQUAL  shift 124
	GREATER_EQUAL  shift 125
	EQUAL  shift 126
	NOT_EQUAL  shift 127
	'+'  shift 128
	'-'  shift 129
	'*'  shift 130
	'/'  shift 131
	'%'  shift 132
	'>'  shift 133
	'<'  shift 134
	'.'  shift 135
	'['  shift 136
	']'  shift 244
	MOMO  shift 137
	PLUSPLUS  shift 138
	.  error


state 239
	ForeachStmt : FOREACH '(' VAR IDENTIFIER IN Expr WHILE Expr . ')' StmtBlock  (40)
	Receiver : Expr . '.'  (47)
	LValue : Expr . '[' Expr ']'  (50)
	Expr : Expr . '+' Expr  (56)
	Expr : Expr . '-' Expr  (57)
	Expr : Expr . '*' Expr  (58)
	Expr : Expr . '/' Expr  (59)
	Expr : Expr . '%' Expr  (60)
	Expr : Expr . EQUAL Expr  (61)
	Expr : Expr . NOT_EQUAL Expr  (62)
	Expr : Expr . '<' Expr  (63)
	Expr : Expr . '>' Expr  (64)
	Expr : Expr . LESS_EQUAL Expr  (65)
	Expr : Expr . GREATER_EQUAL Expr  (66)
	Expr : Expr . AND Expr  (67)
	Expr : Expr . OR Expr  (68)
	Expr : Expr . MOMO Expr  (79)
	Expr : Expr . PLUSPLUS Expr  (80)
	Expr : Expr . '[' Expr ':' Expr ']'  (81)
	Expr : Expr . '[' Expr ']' DEFAULT Expr  (82)

	AND  shift 122
	OR  shift 123
	LESS_EQUAL  shift 124
	GREATER_EQUAL  shift 125
	EQUAL  shift 126
	NOT_EQUAL  shift 127
	'+'  shift 128
	'-'  shift 129
	'*'  shift 130
	'/'  shift 131
	'%'  shift 132
	'>'  shift 133
	'<'  shift 134
	'.'  shift 135
	')'  shift 245
	'['  shift 136
	MOMO  shift 137
	PLUSPLUS  shift 138
	.  error


state 240
	ForeachStmt : FOREACH '(' VAR IDENTIFIER IN Expr ')' StmtBlock .  (41)

	.  reduce 41


state 241
	ForeachStmt : FOREACH '(' Type IDENTIFIER IN Expr WHILE Expr . ')' StmtBlock  (42)
	Receiver : Expr . '.'  (47)
	LValue : Expr . '[' Expr ']'  (50)
	Expr : Expr . '+' Expr  (56)
	Expr : Expr . '-' Expr  (57)
	Expr : Expr . '*' Expr  (58)
	Expr : Expr . '/' Expr  (59)
	Expr : Expr . '%' Expr  (60)
	Expr : Expr . EQUAL Expr  (61)
	Expr : Expr . NOT_EQUAL Expr  (62)
	Expr : Expr . '<' Expr  (63)
	Expr : Expr . '>' Expr  (64)
	Expr : Expr . LESS_EQUAL Expr  (65)
	Expr : Expr . GREATER_EQUAL Expr  (66)
	Expr : Expr . AND Expr  (67)
	Expr : Expr . OR Expr  (68)
	Expr : Expr . MOMO Expr  (79)
	Expr : Expr . PLUSPLUS Expr  (80)
	Expr : Expr . '[' Expr ':' Expr ']'  (81)
	Expr : Expr . '[' Expr ']' DEFAULT Expr  (82)

	AND  shift 122
	OR  shift 123
	LESS_EQUAL  shift 124
	GREATER_EQUAL  shift 125
	EQUAL  shift 126
	NOT_EQUAL  shift 127
	'+'  shift 128
	'-'  shift 129
	'*'  shift 130
	'/'  shift 131
	'%'  shift 132
	'>'  shift 133
	'<'  shift 134
	'.'  shift 135
	')'  shift 246
	'['  shift 136
	MOMO  shift 137
	PLUSPLUS  shift 138
	.  error


state 242
	ForeachStmt : FOREACH '(' Type IDENTIFIER IN Expr ')' StmtBlock .  (43)

	.  reduce 43


state 243
	ForStmt : FOR '(' SimpleStmt ';' Expr ';' SimpleStmt ')' Stmt .  (93)

	.  reduce 93


state 244
	Expr : '[' Expr FOR IDENTIFIER IN Expr IF Expr ']' .  (84)

	.  reduce 84


state 245
	ForeachStmt : FOREACH '(' VAR IDENTIFIER IN Expr WHILE Expr ')' . StmtBlock  (40)

	'{'  shift 48
	.  error

	StmtBlock  goto 247


state 246
	ForeachStmt : FOREACH '(' Type IDENTIFIER IN Expr WHILE Expr ')' . StmtBlock  (42)

	'{'  shift 48
	.  error

	StmtBlock  goto 248


state 247
	ForeachStmt : FOREACH '(' VAR IDENTIFIER IN Expr WHILE Expr ')' StmtBlock .  (40)

	.  reduce 40


state 248
	ForeachStmt : FOREACH '(' Type IDENTIFIER IN Expr WHILE Expr ')' StmtBlock .  (42)

	.  reduce 42


64 terminals, 37 nonterminals
111 grammar rules, 249 states
